#
# A fatal error has been detected by the Java Runtime Environment:
#
#  EXCEPTION_ACCESS_VIOLATION (0xc0000005) at pc=0x0000000000000000, pid=7044, tid=6316
#
# JRE version: 6.0_20-b02
# Java VM: Java HotSpot(TM) 64-Bit Server VM (16.3-b01 mixed mode windows-amd64 )
# Problematic frame:
# C  0x0000000000000000
#
# If you would like to submit a bug report, please visit:
#   http://java.sun.com/webapps/bugreport/crash.jsp
# The crash happened outside the Java Virtual Machine in native code.
# See problematic frame for where to report the bug.
#

---------------  T H R E A D  ---------------

Current thread (0x0000000051570000):  JavaThread "Thread-1236" [_thread_in_native, id=6316, stack(0x000000005a440000,0x000000005a540000)]

siginfo: ExceptionCode=0xc0000005, ExceptionInformation=0x0000000000000008 0x0000000000000000

Registers:
EAX=0x0000000000000000, EBX=0x00000000557d01b0, ECX=0x00000000515701b8, EDX=0x0000000000000002
ESP=0x000000005a53f418, EBP=0x000000005a53f600, ESI=0x00000000515701b8, EDI=0x00000000515701b8
EIP=0x0000000000000000, EFLAGS=0x0000000000010246

Top of Stack: (sp=0x000000005a53f418)
0x000000005a53f418:   000000006d515842 000000005a53f4c0
0x000000005a53f428:   0000000000000000 000000004f26b9e8
0x000000005a53f438:   000000006d524f8c 00000000557d01b0
0x000000005a53f448:   000000004f0bad60 00000000598e1030
0x000000005a53f458:   ac4400000001ffc8 000000004b160210
0x000000005a53f468:   0000001000000008 000000006da0bc89
0x000000005a53f478:   000000006d511ed0 0000000000000000
0x000000005a53f488:   000000006d511ed0 00000000557d01b0
0x000000005a53f498:   000000006d516055 0000000000000000
0x000000005a53f4a8:   0000000000000000 0000000000000000
0x000000005a53f4b8:   0000000000000000 00000000557d01b0
0x000000005a53f4c8:   000000004f0bad60 00000000598f1024
0x000000005a53f4d8:   ac44000000003ff5 000000004b160210
0x000000005a53f4e8:   0000001000000008 000000006da0bc89
0x000000005a53f4f8:   000000006d52b25b 0000000000007fee
0x000000005a53f508:   00000000060d5a30 0000000051570000 

Instructions: (pc=0x0000000000000000)
0xfffffffffffffff0:   


Stack: [0x000000005a440000,0x000000005a540000],  sp=0x000000005a53f418,  free space=3fd0000000000000000k
Java frames: (J=compiled Java code, j=interpreted, Vv=VM code)
j  com.sun.media.sound.MixerSourceLine.nDrain(J)V+0
j  com.sun.media.sound.MixerSourceLine.drain()V+26
j  com.sun.media.sound.DataPusher.run()V+210
j  java.lang.Thread.run()V+11
v  ~StubRoutines::call_stub

---------------  P R O C E S S  ---------------

Java Threads: ( => current thread )
  0x0000000051673800 JavaThread "Thread-1275" [_thread_blocked, id=5072, stack(0x000000005a640000,0x000000005a740000)]
  0x0000000051670800 JavaThread "Thread-1273" [_thread_blocked, id=5296, stack(0x0000000058d40000,0x0000000058e40000)]
  0x000000005167c000 JavaThread "Thread-1272" [_thread_blocked, id=2532, stack(0x0000000058c40000,0x0000000058d40000)]
  0x000000005156b000 JavaThread "Thread-1269" [_thread_blocked, id=4624, stack(0x0000000058b40000,0x0000000058c40000)]
  0x000000005156a000 JavaThread "Thread-1267" [_thread_blocked, id=4336, stack(0x0000000058a40000,0x0000000058b40000)]
  0x000000005156d800 JavaThread "Thread-1266" [_thread_blocked, id=6976, stack(0x0000000058940000,0x0000000058a40000)]
  0x000000005156b800 JavaThread "Thread-1264" [_thread_blocked, id=5904, stack(0x0000000055a70000,0x0000000055b70000)]
  0x000000004b26f800 JavaThread "Thread-1261" [_thread_blocked, id=5660, stack(0x0000000055970000,0x0000000055a70000)]
  0x000000005166f000 JavaThread "Thread-1258" [_thread_blocked, id=6192, stack(0x0000000058840000,0x0000000058940000)]
  0x0000000051673000 JavaThread "Thread-1255" [_thread_blocked, id=4412, stack(0x0000000058740000,0x0000000058840000)]
  0x000000005166d800 JavaThread "Thread-1254" [_thread_blocked, id=6156, stack(0x0000000055870000,0x0000000055970000)]
  0x000000005156c000 JavaThread "Thread-1250" [_thread_blocked, id=3316, stack(0x0000000055570000,0x0000000055670000)]
  0x0000000051569800 JavaThread "Thread-1247" [_thread_blocked, id=6372, stack(0x0000000055470000,0x0000000055570000)]
  0x000000005156d000 JavaThread "Thread-1244" [_thread_blocked, id=2448, stack(0x0000000055370000,0x0000000055470000)]
  0x000000005156e800 JavaThread "Thread-1243" [_thread_blocked, id=6784, stack(0x0000000055270000,0x0000000055370000)]
  0x0000000051568800 JavaThread "Thread-1242" [_thread_blocked, id=5544, stack(0x0000000054970000,0x0000000054a70000)]
  0x000000005156f000 JavaThread "Thread-1237" [_thread_in_native, id=6304, stack(0x000000005a540000,0x000000005a640000)]
=>0x0000000051570000 JavaThread "Thread-1236" [_thread_in_native, id=6316, stack(0x000000005a440000,0x000000005a540000)]
  0x000000004b270000 JavaThread "Thread-1235" [_thread_in_native, id=6324, stack(0x000000005a340000,0x000000005a440000)]
  0x000000004b271000 JavaThread "Thread-1233" [_thread_in_native, id=7120, stack(0x000000005a240000,0x000000005a340000)]
  0x000000004b271800 JavaThread "Thread-1232" [_thread_in_native, id=7112, stack(0x000000005a140000,0x000000005a240000)]
  0x000000004b272800 JavaThread "Thread-1231" [_thread_in_native, id=4344, stack(0x0000000054f70000,0x0000000055070000)]
  0x000000004b273000 JavaThread "Thread-1228" [_thread_in_native, id=5264, stack(0x000000005a040000,0x000000005a140000)]
  0x000000004b274000 JavaThread "Thread-1226" [_thread_in_native, id=3540, stack(0x0000000059f40000,0x000000005a040000)]
  0x000000004b274800 JavaThread "Thread-1225" [_thread_blocked, id=4964, stack(0x0000000059640000,0x0000000059740000)]
  0x000000004b275000 JavaThread "Thread-1224" [_thread_blocked, id=4856, stack(0x0000000059540000,0x0000000059640000)]
  0x000000004b276000 JavaThread "Thread-1223" [_thread_blocked, id=2752, stack(0x0000000059440000,0x0000000059540000)]
  0x000000004b276800 JavaThread "Thread-1222" [_thread_blocked, id=6116, stack(0x0000000059340000,0x0000000059440000)]
  0x0000000051674000 JavaThread "Thread-1221" [_thread_blocked, id=4300, stack(0x0000000059240000,0x0000000059340000)]
  0x000000005167d000 JavaThread "Thread-1219" [_thread_blocked, id=2384, stack(0x0000000059140000,0x0000000059240000)]
  0x0000000051675000 JavaThread "Thread-1215" [_thread_blocked, id=5324, stack(0x0000000059040000,0x0000000059140000)]
  0x000000005167b800 JavaThread "Thread-1214" [_thread_blocked, id=6268, stack(0x0000000058f40000,0x0000000059040000)]
  0x000000005167a800 JavaThread "Thread-1213" [_thread_blocked, id=2640, stack(0x0000000058e40000,0x0000000058f40000)]
  0x000000005167a000 JavaThread "Thread-1212" [_thread_blocked, id=6340, stack(0x0000000058540000,0x0000000058640000)]
  0x0000000051679800 JavaThread "Thread-1211" [_thread_blocked, id=752, stack(0x0000000058440000,0x0000000058540000)]
  0x0000000051678800 JavaThread "Thread-1210" [_thread_blocked, id=6740, stack(0x0000000057370000,0x0000000057470000)]
  0x0000000051678000 JavaThread "Thread-1209" [_thread_blocked, id=932, stack(0x0000000057270000,0x0000000057370000)]
  0x0000000051676800 JavaThread "Thread-1208" [_thread_blocked, id=1780, stack(0x0000000057170000,0x0000000057270000)]
  0x0000000051675800 JavaThread "Thread-1207" [_thread_blocked, id=4400, stack(0x0000000057070000,0x0000000057170000)]
  0x0000000051672000 JavaThread "Thread-1206" [_thread_blocked, id=6872, stack(0x0000000056f70000,0x0000000057070000)]
  0x000000005166e800 JavaThread "Thread-1205" [_thread_blocked, id=6960, stack(0x0000000056e70000,0x0000000056f70000)]
  0x000000004b161000 JavaThread "Thread-1204" [_thread_blocked, id=4396, stack(0x0000000056d70000,0x0000000056e70000)]
  0x000000004b157000 JavaThread "Headspace mixer frame proc thread" daemon [_thread_blocked, id=6680, stack(0x0000000054e70000,0x0000000054f70000)]
  0x000000004b156000 JavaThread "Java Sound Event Dispatcher" daemon [_thread_blocked, id=3120, stack(0x0000000054b70000,0x0000000054c70000)]
  0x000000004b155800 JavaThread "Audio Player" daemon [_thread_blocked, id=3992, stack(0x0000000054200000,0x0000000054300000)]
  0x000000004f00b800 JavaThread "Thread-8" [_thread_in_vm, id=6988, stack(0x0000000050de0000,0x0000000050ee0000)]
  0x000000004f005800 JavaThread "D3D Screen Updater" daemon [_thread_blocked, id=3264, stack(0x0000000050820000,0x0000000050920000)]
  0x000000004efff800 JavaThread "AWT-EventQueue-1" [_thread_blocked, id=1220, stack(0x0000000050b20000,0x0000000050c20000)]
  0x000000004efbe800 JavaThread "TimerQueue" daemon [_thread_blocked, id=7132, stack(0x0000000050a20000,0x0000000050b20000)]
  0x000000000035b000 JavaThread "DestroyJavaVM" [_thread_blocked, id=7076, stack(0x0000000002420000,0x0000000002520000)]
  0x000000004b26d000 JavaThread "AWT-EventQueue-0" [_thread_blocked, id=5396, stack(0x000000004f490000,0x000000004f590000)]
  0x000000004efa5000 JavaThread "thread applet-Main.class" [_thread_blocked, id=6408, stack(0x000000004f390000,0x000000004f490000)]
  0x000000004b1ff000 JavaThread "AWT-Windows" daemon [_thread_in_native, id=6404, stack(0x000000004c9d0000,0x000000004cad0000)]
  0x000000004b1fc000 JavaThread "AWT-Shutdown" [_thread_blocked, id=6272, stack(0x000000004c8d0000,0x000000004c9d0000)]
  0x000000004b245000 JavaThread "Java2D Disposer" daemon [_thread_blocked, id=5192, stack(0x000000004c7d0000,0x000000004c8d0000)]
  0x000000004b168000 JavaThread "Low Memory Detector" daemon [_thread_blocked, id=4068, stack(0x000000004c340000,0x000000004c440000)]
  0x000000004b154000 JavaThread "CompilerThread1" daemon [_thread_blocked, id=6356, stack(0x000000004c240000,0x000000004c340000)]
  0x000000004b13d800 JavaThread "CompilerThread0" daemon [_thread_blocked, id=4636, stack(0x000000004c140000,0x000000004c240000)]
  0x000000004b135800 JavaThread "Attach Listener" daemon [_thread_blocked, id=6228, stack(0x000000004c040000,0x000000004c140000)]
  0x000000004b134800 JavaThread "Signal Dispatcher" daemon [_thread_blocked, id=6236, stack(0x000000004bf40000,0x000000004c040000)]
  0x000000004b0e1000 JavaThread "Finalizer" daemon [_thread_blocked, id=4876, stack(0x000000004be40000,0x000000004bf40000)]
  0x000000004b0da800 JavaThread "Reference Handler" daemon [_thread_blocked, id=6248, stack(0x000000004bd40000,0x000000004be40000)]

Other Threads:
  0x000000004b0d4000 VMThread [stack: 0x000000004bc40000,0x000000004bd40000] [id=6232]
  0x000000004b169000 WatcherThread [stack: 0x000000004c440000,0x000000004c540000] [id=6944]

VM state:not at safepoint (normal execution)

VM Mutex/Monitor currently owned by a thread: None

Heap
 PSYoungGen      total 93568K, used 78246K [0x0000000035120000, 0x000000003e070000, 0x000000004a520000)
  eden space 93376K, 83% used [0x0000000035120000,0x0000000039d59b08,0x000000003ac50000)
  from space 192K, 100% used [0x000000003e040000,0x000000003e070000,0x000000003e070000)
  to   space 2112K, 0% used [0x000000003dc50000,0x000000003dc50000,0x000000003de60000)
 PSOldGen        total 94208K, used 75300K [0x000000000a920000, 0x0000000010520000, 0x0000000035120000)
  object space 94208K, 79% used [0x000000000a920000,0x000000000f2a9370,0x0000000010520000)
 PSPermGen       total 25664K, used 12309K [0x0000000005520000, 0x0000000006e30000, 0x000000000a920000)
  object space 25664K, 47% used [0x0000000005520000,0x0000000006125578,0x0000000006e30000)

Dynamic libraries:
0x0000000000400000 - 0x000000000042e000 	C:\Program Files\Java\jre6\bin\javaw.exe
0x0000000076e70000 - 0x000000007701c000 	C:\Windows\SYSTEM32\ntdll.dll
0x0000000076d50000 - 0x0000000076e6f000 	C:\Windows\system32\kernel32.dll
0x000007fefd0f0000 - 0x000007fefd15b000 	C:\Windows\system32\KERNELBASE.dll
0x000007fefea90000 - 0x000007fefeb6b000 	C:\Windows\system32\ADVAPI32.dll
0x000007fefd1a0000 - 0x000007fefd23f000 	C:\Windows\system32\msvcrt.dll
0x000007fefe530000 - 0x000007fefe54f000 	C:\Windows\SYSTEM32\sechost.dll
0x000007fefd4c0000 - 0x000007fefd5ee000 	C:\Windows\system32\RPCRT4.dll
0x0000000076c50000 - 0x0000000076d4a000 	C:\Windows\system32\USER32.dll
0x000007fefeeb0000 - 0x000007fefef17000 	C:\Windows\system32\GDI32.dll
0x000007fefedd0000 - 0x000007fefedde000 	C:\Windows\system32\LPK.dll
0x000007fefede0000 - 0x000007fefeeaa000 	C:\Windows\system32\USP10.dll
0x000007fefe8e0000 - 0x000007fefe90e000 	C:\Windows\system32\IMM32.DLL
0x000007fefd690000 - 0x000007fefd799000 	C:\Windows\system32\MSCTF.dll
0x000000006d7f0000 - 0x000000006de95000 	C:\Program Files\Java\jre6\bin\server\jvm.dll
0x000007fefaf10000 - 0x000007fefaf4b000 	C:\Windows\system32\WINMM.dll
0x000000006d760000 - 0x000000006d76e000 	C:\Program Files\Java\jre6\bin\verify.dll
0x000000006d3b0000 - 0x000000006d3d7000 	C:\Program Files\Java\jre6\bin\java.dll
0x000000006d310000 - 0x000000006d31a000 	C:\Program Files\Java\jre6\bin\hpi.dll
0x0000000077030000 - 0x0000000077037000 	C:\Windows\system32\PSAPI.DLL
0x000000006d7b0000 - 0x000000006d7c2000 	C:\Program Files\Java\jre6\bin\zip.dll
0x000000006d000000 - 0x000000006d1c3000 	C:\Program Files\Java\jre6\bin\awt.dll
0x000007fefa890000 - 0x000007fefa900000 	C:\Windows\system32\WINSPOOL.DRV
0x000007fefeb70000 - 0x000007fefed72000 	C:\Windows\system32\ole32.dll
0x000007fefd7a0000 - 0x000007fefe526000 	C:\Windows\system32\SHELL32.dll
0x000007fefd610000 - 0x000007fefd681000 	C:\Windows\system32\SHLWAPI.dll
0x000007fefb320000 - 0x000007fefb514000 	C:\Windows\WinSxS\amd64_microsoft.windows.common-controls_6595b64144ccf1df_6.0.7600.16661_none_fa62ad231704eab7\COMCTL32.dll
0x000007fefad50000 - 0x000007fefad68000 	C:\Windows\system32\DWMAPI.DLL
0x000007fefb270000 - 0x000007fefb2c6000 	C:\Windows\system32\uxtheme.dll
0x000000006d2a0000 - 0x000000006d30b000 	C:\Program Files\Java\jre6\bin\fontmanager.dll
0x000007fefcd00000 - 0x000007fefcd0f000 	C:\Windows\system32\CRYPTBASE.dll
0x000007feeb270000 - 0x000007feeb46f000 	C:\Windows\system32\d3d9.dll
0x000007fefbf20000 - 0x000007fefbf2c000 	C:\Windows\system32\VERSION.dll
0x000007fefaac0000 - 0x000007fefaac7000 	C:\Windows\system32\d3d8thk.dll
0x000007fee8f20000 - 0x000007fee9b16000 	C:\Windows\system32\nvd3dumx.dll
0x000007fefbca0000 - 0x000007fefbccc000 	C:\Windows\system32\powrprof.dll
0x000007fefe5d0000 - 0x000007fefe7a7000 	C:\Windows\system32\SETUPAPI.dll
0x000007fefd160000 - 0x000007fefd196000 	C:\Windows\system32\CFGMGR32.dll
0x000007fefe800000 - 0x000007fefe8d7000 	C:\Windows\system32\OLEAUT32.dll
0x000007fefd0d0000 - 0x000007fefd0ea000 	C:\Windows\system32\DEVOBJ.dll
0x000000004cad0000 - 0x000000004cb35000 	C:\Program Files\WIDCOMM\Bluetooth Software\btmmhook.dll
0x000000006d600000 - 0x000000006d617000 	C:\Program Files\Java\jre6\bin\net.dll
0x000007fefed80000 - 0x000007fefedcd000 	C:\Windows\system32\WS2_32.dll
0x000007fefd4b0000 - 0x000007fefd4b8000 	C:\Windows\system32\NSI.dll
0x000007fefc640000 - 0x000007fefc694000 	C:\Windows\system32\mswsock.dll
0x000007fefc630000 - 0x000007fefc637000 	C:\Windows\System32\wship6.dll
0x000000006d620000 - 0x000000006d62b000 	C:\Program Files\Java\jre6\bin\nio.dll
0x000007fefd240000 - 0x000007fefd2d9000 	C:\Windows\system32\CLBCatQ.DLL
0x000007fefc6a0000 - 0x000007fefc6b7000 	C:\Windows\system32\CRYPTSP.dll
0x000007fefc3a0000 - 0x000007fefc3e7000 	C:\Windows\system32\rsaenh.dll
0x000007fefc120000 - 0x000007fefc13e000 	C:\Windows\system32\USERENV.dll
0x000007fefcdd0000 - 0x000007fefcddf000 	C:\Windows\system32\profapi.dll
0x000007fefb990000 - 0x000007fefb9a5000 	C:\Windows\system32\NLAapi.dll
0x000007fefc4c0000 - 0x000007fefc51b000 	C:\Windows\system32\DNSAPI.dll
0x000007fef8580000 - 0x000007fef858b000 	C:\Windows\System32\winrnr.dll
0x000007fef8560000 - 0x000007fef8575000 	C:\Windows\system32\napinsp.dll
0x000007fef8540000 - 0x000007fef8559000 	C:\Windows\system32\pnrpnsp.dll
0x000007fef8530000 - 0x000007fef8540000 	C:\Windows\system32\wshbth.dll
0x000007fefbff0000 - 0x000007fefbff7000 	C:\Windows\System32\wshtcpip.dll
0x000007fefadf0000 - 0x000007fefae17000 	C:\Windows\system32\IPHLPAPI.DLL
0x000007fefade0000 - 0x000007fefadeb000 	C:\Windows\system32\WINNSI.DLL
0x000007fef8660000 - 0x000007fef8668000 	C:\Windows\system32\rasadhlp.dll
0x000007fefaa00000 - 0x000007fefaa53000 	C:\Windows\System32\fwpuclnt.dll
0x000000006d510000 - 0x000000006d53e000 	C:\Program Files\Java\jre6\bin\jsound.dll
0x000007fefbc50000 - 0x000007fefbc9b000 	C:\Windows\system32\MMDevAPI.DLL
0x000007fefbae0000 - 0x000007fefbc0c000 	C:\Windows\system32\PROPSYS.dll
0x000007fefaed0000 - 0x000007fefaf0b000 	C:\Windows\system32\wdmaud.drv
0x0000000074b90000 - 0x0000000074b96000 	C:\Windows\system32\ksuser.dll
0x000007fefbad0000 - 0x000007fefbad9000 	C:\Windows\system32\AVRT.dll
0x000007fefac80000 - 0x000007fefaccf000 	C:\Windows\system32\AUDIOSES.DLL
0x000007fefac70000 - 0x000007fefac7a000 	C:\Windows\system32\msacm32.drv
0x000007fefac50000 - 0x000007fefac68000 	C:\Windows\system32\MSACM32.dll
0x000007fefac40000 - 0x000007fefac49000 	C:\Windows\system32\midimap.dll

VM Arguments:
jvm_args: -Djava.security.policy=java.policy.applet -Dfile.encoding=Cp1252 
java_command: sun.applet.AppletViewer Main1303225335542.html
Launcher Type: SUN_STANDARD

Environment Variables:
PATH=C:\Windows\system32;C:\Windows;C:\Windows\System32\Wbem;C:\Windows\System32\WindowsPowerShell\v1.0\;C:\Program Files\WIDCOMM\Bluetooth Software\;C:\Program Files\WIDCOMM\Bluetooth Software\syswow64;\;C:\Program Files (x86)\Sony\VAIO Startup Setting Tool
USERNAME=DOUG
OS=Windows_NT
PROCESSOR_IDENTIFIER=Intel64 Family 6 Model 30 Stepping 5, GenuineIntel



---------------  S Y S T E M  ---------------

OS: Windows 7 Build 7600 

CPU:total 8 (8 cores per cpu, 2 threads per core) family 6 model 30 stepping 5, cmov, cx8, fxsr, mmx, sse, sse2, sse3, ssse3, sse4.1, sse4.2, popcnt, ht

Memory: 4k page, physical 4174776k(1944904k free), swap 8347656k(5523320k free)

vm_info: Java HotSpot(TM) 64-Bit Server VM (16.3-b01) for windows-amd64 JRE (1.6.0_20-b02), built on Apr 12 2010 13:44:19 by "java_re" with MS VC++ 8.0 (VS2005)

time: Tue Apr 19 12:03:59 2011
elapsed time: 104 seconds

