#
# A fatal error has been detected by the Java Runtime Environment:
#
#  EXCEPTION_ACCESS_VIOLATION (0xc0000005) at pc=0x0000000000000000, pid=1168, tid=5348
#
# JRE version: 6.0_20-b02
# Java VM: Java HotSpot(TM) 64-Bit Server VM (16.3-b01 mixed mode windows-amd64 )
# Problematic frame:
# C  0x0000000000000000
#
# If you would like to submit a bug report, please visit:
#   http://java.sun.com/webapps/bugreport/crash.jsp
# The crash happened outside the Java Virtual Machine in native code.
# See problematic frame for where to report the bug.
#

---------------  T H R E A D  ---------------

Current thread (0x000000004f2df000):  JavaThread "Thread-591" [_thread_in_native, id=5348, stack(0x0000000058440000,0x0000000058540000)]

siginfo: ExceptionCode=0xc0000005, ExceptionInformation=0x0000000000000008 0x0000000000000000

Registers:
EAX=0x0000000000000000, EBX=0x0000000051b62650, ECX=0x000000004f2df1b8, EDX=0x0000000000000002
ESP=0x000000005853f498, EBP=0x000000005853f680, ESI=0x000000004f2df1b8, EDI=0x000000004f2df1b8
EIP=0x0000000000000000, EFLAGS=0x0000000000010246

Top of Stack: (sp=0x000000005853f498)
0x000000005853f498:   000000006d515842 000000005853f540
0x000000005853f4a8:   0000000000000000 00000000515c8670
0x000000005853f4b8:   000000006d51200d 0000000051b62650
0x000000005853f4c8:   000000004b2b8938 0000000051bf4a40
0x000000005853f4d8:   5622000000007d08 000000004f000110
0x000000005853f4e8:   00000000024258ba 000000006da0bc89
0x000000005853f4f8:   000000006d511ed0 0000000000000000
0x000000005853f508:   000000006d511ed0 0000000051b62650
0x000000005853f518:   000000006d516055 0000000000000000
0x000000005853f528:   0000000000000000 0000000000000000
0x000000005853f538:   0000000000000000 0000000051b62650
0x000000005853f548:   000000004b2b8938 0000000051bf88cc
0x000000005853f558:   5622000000000000 000000004f000110
0x000000005853f568:   00000000024258ba 000000006da0bc89
0x000000005853f578:   000000006d52b25b 0000000000000f83
0x000000005853f588:   0000000006091c00 000000004f2df000 

Instructions: (pc=0x0000000000000000)
0xfffffffffffffff0:   


Stack: [0x0000000058440000,0x0000000058540000],  sp=0x000000005853f498,  free space=3fd0000000000000000k
Java frames: (J=compiled Java code, j=interpreted, Vv=VM code)
j  com.sun.media.sound.MixerSourceLine.nDrain(J)V+0
j  com.sun.media.sound.MixerSourceLine.drain()V+26
j  com.sun.media.sound.DataPusher.run()V+210
j  java.lang.Thread.run()V+11
v  ~StubRoutines::call_stub

---------------  P R O C E S S  ---------------

Java Threads: ( => current thread )
  0x0000000051602800 JavaThread "Thread-595" [_thread_blocked, id=5844, stack(0x0000000055170000,0x0000000055270000)]
  0x0000000051600000 JavaThread "Thread-593" [_thread_in_native, id=2508, stack(0x0000000054d70000,0x0000000054e70000)]
=>0x000000004f2df000 JavaThread "Thread-591" [_thread_in_native, id=5348, stack(0x0000000058440000,0x0000000058540000)]
  0x000000004f2de000 JavaThread "Thread-589" [_thread_blocked, id=4512, stack(0x0000000058340000,0x0000000058440000)]
  0x000000004f2dd800 JavaThread "Thread-587" [_thread_blocked, id=5856, stack(0x0000000058240000,0x0000000058340000)]
  0x000000005160c000 JavaThread "Thread-585" [_thread_blocked, id=6108, stack(0x0000000057840000,0x0000000057940000)]
  0x000000005160b800 JavaThread "Thread-583" [_thread_blocked, id=1648, stack(0x0000000057740000,0x0000000057840000)]
  0x000000005160a800 JavaThread "Thread-581" [_thread_blocked, id=2024, stack(0x0000000057640000,0x0000000057740000)]
  0x0000000051609000 JavaThread "Thread-579" [_thread_blocked, id=5740, stack(0x0000000057540000,0x0000000057640000)]
  0x000000005160a000 JavaThread "Thread-577" [_thread_blocked, id=5636, stack(0x0000000057440000,0x0000000057540000)]
  0x0000000051607800 JavaThread "Thread-575" [_thread_blocked, id=2628, stack(0x0000000057340000,0x0000000057440000)]
  0x0000000051608800 JavaThread "Thread-573" [_thread_blocked, id=5336, stack(0x0000000057240000,0x0000000057340000)]
  0x0000000051602000 JavaThread "Thread-571" [_thread_blocked, id=5312, stack(0x0000000057140000,0x0000000057240000)]
  0x0000000051607000 JavaThread "Thread-569" [_thread_blocked, id=5436, stack(0x0000000055570000,0x0000000055670000)]
  0x0000000051605800 JavaThread "Thread-567" [_thread_blocked, id=5384, stack(0x0000000055470000,0x0000000055570000)]
  0x000000004f2dc800 JavaThread "Thread-565" [_thread_blocked, id=4232, stack(0x0000000058140000,0x0000000058240000)]
  0x000000004f2dc000 JavaThread "Thread-546" [_thread_blocked, id=3860, stack(0x0000000058040000,0x0000000058140000)]
  0x000000004f2db000 JavaThread "Thread-544" [_thread_blocked, id=1984, stack(0x0000000057f40000,0x0000000058040000)]
  0x000000004f2da800 JavaThread "Thread-542" [_thread_blocked, id=5412, stack(0x0000000057e40000,0x0000000057f40000)]
  0x000000004f2da000 JavaThread "Thread-540" [_thread_blocked, id=2940, stack(0x0000000057d40000,0x0000000057e40000)]
  0x000000004f2d9000 JavaThread "Thread-538" [_thread_blocked, id=5632, stack(0x0000000057c40000,0x0000000057d40000)]
  0x000000004f2d8800 JavaThread "Thread-536" [_thread_blocked, id=760, stack(0x0000000057b40000,0x0000000057c40000)]
  0x000000004f2d7800 JavaThread "Thread-534" [_thread_blocked, id=3064, stack(0x0000000057a40000,0x0000000057b40000)]
  0x000000004f2d7000 JavaThread "Thread-532" [_thread_blocked, id=5292, stack(0x0000000057940000,0x0000000057a40000)]
  0x0000000051603800 JavaThread "Thread-530" [_thread_blocked, id=5668, stack(0x0000000057040000,0x0000000057140000)]
  0x0000000051604000 JavaThread "Thread-528" [_thread_blocked, id=5520, stack(0x0000000056f40000,0x0000000057040000)]
  0x00000000515fd800 JavaThread "Thread-526" [_thread_blocked, id=5864, stack(0x0000000055070000,0x0000000055170000)]
  0x00000000515fd000 JavaThread "Thread-524" [_thread_blocked, id=5344, stack(0x0000000055e70000,0x0000000055f70000)]
  0x0000000051605000 JavaThread "Thread-522" [_thread_blocked, id=4640, stack(0x0000000055d70000,0x0000000055e70000)]
  0x00000000515ff000 JavaThread "Thread-519" [_thread_blocked, id=4860, stack(0x0000000055c70000,0x0000000055d70000)]
  0x00000000515fe800 JavaThread "Thread-517" [_thread_blocked, id=3936, stack(0x0000000055b70000,0x0000000055c70000)]
  0x0000000051601000 JavaThread "Thread-515" [_thread_blocked, id=3680, stack(0x0000000055a70000,0x0000000055b70000)]
  0x0000000051600800 JavaThread "Thread-513" [_thread_blocked, id=1636, stack(0x0000000055970000,0x0000000055a70000)]
  0x000000004f21d800 JavaThread "Headspace mixer frame proc thread" daemon [_thread_blocked, id=4636, stack(0x0000000054c70000,0x0000000054d70000)]
  0x00000000514ee800 JavaThread "Java Sound Event Dispatcher" daemon [_thread_blocked, id=5644, stack(0x0000000054970000,0x0000000054a70000)]
  0x00000000514e5000 JavaThread "Audio Player" daemon [_thread_blocked, id=5432, stack(0x0000000054000000,0x0000000054100000)]
  0x000000004f3f8800 JavaThread "Thread-8" [_thread_in_Java, id=5480, stack(0x0000000050ec0000,0x0000000050fc0000)]
  0x000000004f018800 JavaThread "AWT-EventQueue-1" [_thread_blocked, id=5516, stack(0x0000000050b40000,0x0000000050c40000)]
  0x000000004f026800 JavaThread "D3D Screen Updater" daemon [_thread_blocked, id=5460, stack(0x0000000050a40000,0x0000000050b40000)]
  0x000000004f016000 JavaThread "TimerQueue" daemon [_thread_blocked, id=5968, stack(0x0000000050940000,0x0000000050a40000)]
  0x000000000002b000 JavaThread "DestroyJavaVM" [_thread_blocked, id=5904, stack(0x0000000002320000,0x0000000002420000)]
  0x000000004b3d9800 JavaThread "AWT-EventQueue-0" [_thread_blocked, id=2424, stack(0x000000004f500000,0x000000004f600000)]
  0x000000004b3ab000 JavaThread "thread applet-Main.class" [_thread_blocked, id=5908, stack(0x000000004f400000,0x000000004f500000)]
  0x000000004b340000 JavaThread "AWT-Windows" daemon [_thread_in_native, id=1164, stack(0x000000004ca70000,0x000000004cb70000)]
  0x000000004b33d000 JavaThread "AWT-Shutdown" [_thread_blocked, id=848, stack(0x000000004c970000,0x000000004ca70000)]
  0x000000004b386000 JavaThread "Java2D Disposer" daemon [_thread_blocked, id=5304, stack(0x000000004c870000,0x000000004c970000)]
  0x000000004b2a8000 JavaThread "Low Memory Detector" daemon [_thread_blocked, id=2488, stack(0x000000004c380000,0x000000004c480000)]
  0x000000004b2a1800 JavaThread "CompilerThread1" daemon [_thread_blocked, id=6008, stack(0x000000004c280000,0x000000004c380000)]
  0x000000004b28d000 JavaThread "CompilerThread0" daemon [_thread_blocked, id=4684, stack(0x000000004c180000,0x000000004c280000)]
  0x000000004b289800 JavaThread "Attach Listener" daemon [_thread_blocked, id=5580, stack(0x000000004c080000,0x000000004c180000)]
  0x000000004b288800 JavaThread "Signal Dispatcher" daemon [_thread_blocked, id=2416, stack(0x000000004bf80000,0x000000004c080000)]
  0x000000004b235800 JavaThread "Finalizer" daemon [_thread_blocked, id=3076, stack(0x000000004be80000,0x000000004bf80000)]
  0x000000004b22f000 JavaThread "Reference Handler" daemon [_thread_blocked, id=5144, stack(0x000000004bd80000,0x000000004be80000)]

Other Threads:
  0x000000004b229800 VMThread [stack: 0x000000004bc80000,0x000000004bd80000] [id=5980]
  0x000000004b2ab800 WatcherThread [stack: 0x000000004c480000,0x000000004c580000] [id=6092]

VM state:not at safepoint (normal execution)

VM Mutex/Monitor currently owned by a thread: None

Heap
 PSYoungGen      total 48064K, used 4208K [0x00000000350e0000, 0x000000003b5b0000, 0x000000004a4e0000)
  eden space 47744K, 8% used [0x00000000350e0000,0x00000000354fc110,0x0000000037f80000)
  from space 320K, 0% used [0x000000003b560000,0x000000003b560000,0x000000003b5b0000)
  to   space 576K, 0% used [0x000000003b490000,0x000000003b490000,0x000000003b520000)
 PSOldGen        total 43328K, used 26738K [0x000000000a8e0000, 0x000000000d330000, 0x00000000350e0000)
  object space 43328K, 61% used [0x000000000a8e0000,0x000000000c2fcbe8,0x000000000d330000)
 PSPermGen       total 24832K, used 12279K [0x00000000054e0000, 0x0000000006d20000, 0x000000000a8e0000)
  object space 24832K, 49% used [0x00000000054e0000,0x00000000060dde28,0x0000000006d20000)

Dynamic libraries:
0x0000000000400000 - 0x000000000042e000 	C:\Program Files\Java\jre6\bin\javaw.exe
0x0000000076fc0000 - 0x000000007716c000 	C:\Windows\SYSTEM32\ntdll.dll
0x0000000076ea0000 - 0x0000000076fbf000 	C:\Windows\system32\kernel32.dll
0x000007fefd280000 - 0x000007fefd2eb000 	C:\Windows\system32\KERNELBASE.dll
0x000007fefe210000 - 0x000007fefe2eb000 	C:\Windows\system32\ADVAPI32.dll
0x000007feff230000 - 0x000007feff2cf000 	C:\Windows\system32\msvcrt.dll
0x000007fefe2f0000 - 0x000007fefe30f000 	C:\Windows\SYSTEM32\sechost.dll
0x000007fefe670000 - 0x000007fefe79e000 	C:\Windows\system32\RPCRT4.dll
0x0000000076da0000 - 0x0000000076e9a000 	C:\Windows\system32\USER32.dll
0x000007fefe130000 - 0x000007fefe197000 	C:\Windows\system32\GDI32.dll
0x000007fefd2f0000 - 0x000007fefd2fe000 	C:\Windows\system32\LPK.dll
0x000007fefe880000 - 0x000007fefe94a000 	C:\Windows\system32\USP10.dll
0x000007fefeb50000 - 0x000007fefeb7e000 	C:\Windows\system32\IMM32.DLL
0x000007fefed90000 - 0x000007fefee99000 	C:\Windows\system32\MSCTF.dll
0x000000006d7f0000 - 0x000000006de95000 	C:\Program Files\Java\jre6\bin\server\jvm.dll
0x000007fefb020000 - 0x000007fefb05b000 	C:\Windows\system32\WINMM.dll
0x000000006d760000 - 0x000000006d76e000 	C:\Program Files\Java\jre6\bin\verify.dll
0x000000006d3b0000 - 0x000000006d3d7000 	C:\Program Files\Java\jre6\bin\java.dll
0x000000006d310000 - 0x000000006d31a000 	C:\Program Files\Java\jre6\bin\hpi.dll
0x0000000077180000 - 0x0000000077187000 	C:\Windows\system32\PSAPI.DLL
0x000000006d7b0000 - 0x000000006d7c2000 	C:\Program Files\Java\jre6\bin\zip.dll
0x000000006d000000 - 0x000000006d1c3000 	C:\Program Files\Java\jre6\bin\awt.dll
0x000007fefab80000 - 0x000007fefabf0000 	C:\Windows\system32\WINSPOOL.DRV
0x000007fefeb80000 - 0x000007fefed82000 	C:\Windows\system32\ole32.dll
0x000007fefd3a0000 - 0x000007fefe126000 	C:\Windows\system32\SHELL32.dll
0x000007fefe5f0000 - 0x000007fefe661000 	C:\Windows\system32\SHLWAPI.dll
0x000007fefb430000 - 0x000007fefb624000 	C:\Windows\WinSxS\amd64_microsoft.windows.common-controls_6595b64144ccf1df_6.0.7600.16661_none_fa62ad231704eab7\COMCTL32.dll
0x000007fefaf20000 - 0x000007fefaf38000 	C:\Windows\system32\DWMAPI.DLL
0x000007fefb380000 - 0x000007fefb3d6000 	C:\Windows\system32\uxtheme.dll
0x000000006d2a0000 - 0x000000006d30b000 	C:\Program Files\Java\jre6\bin\fontmanager.dll
0x000007fefce50000 - 0x000007fefce5f000 	C:\Windows\system32\CRYPTBASE.dll
0x000007feee8c0000 - 0x000007feeeabf000 	C:\Windows\system32\d3d9.dll
0x000007fefc070000 - 0x000007fefc07c000 	C:\Windows\system32\VERSION.dll
0x000007fef87a0000 - 0x000007fef87a7000 	C:\Windows\system32\d3d8thk.dll
0x000007fee5d90000 - 0x000007fee6986000 	C:\Windows\system32\nvd3dumx.dll
0x000007fefbdf0000 - 0x000007fefbe1c000 	C:\Windows\system32\powrprof.dll
0x000007fefe310000 - 0x000007fefe4e7000 	C:\Windows\system32\SETUPAPI.dll
0x000007fefd240000 - 0x000007fefd276000 	C:\Windows\system32\CFGMGR32.dll
0x000007fefe7a0000 - 0x000007fefe877000 	C:\Windows\system32\OLEAUT32.dll
0x000007fefcfd0000 - 0x000007fefcfea000 	C:\Windows\system32\DEVOBJ.dll
0x000000004b190000 - 0x000000004b1f5000 	C:\Program Files\WIDCOMM\Bluetooth Software\btmmhook.dll
0x000000006d600000 - 0x000000006d617000 	C:\Program Files\Java\jre6\bin\net.dll
0x000007fefe1c0000 - 0x000007fefe20d000 	C:\Windows\system32\WS2_32.dll
0x000007fefe5e0000 - 0x000007fefe5e8000 	C:\Windows\system32\NSI.dll
0x000007fefc790000 - 0x000007fefc7e4000 	C:\Windows\system32\mswsock.dll
0x000007fefc780000 - 0x000007fefc787000 	C:\Windows\System32\wship6.dll
0x000000006d620000 - 0x000000006d62b000 	C:\Program Files\Java\jre6\bin\nio.dll
0x000007fefd300000 - 0x000007fefd399000 	C:\Windows\system32\CLBCatQ.DLL
0x000007fefc7f0000 - 0x000007fefc807000 	C:\Windows\system32\CRYPTSP.dll
0x000007fefc4f0000 - 0x000007fefc537000 	C:\Windows\system32\rsaenh.dll
0x000007fefc270000 - 0x000007fefc28e000 	C:\Windows\system32\USERENV.dll
0x000007fefcf20000 - 0x000007fefcf2f000 	C:\Windows\system32\profapi.dll
0x000007fefbaa0000 - 0x000007fefbab5000 	C:\Windows\system32\NLAapi.dll
0x000007fefc610000 - 0x000007fefc66b000 	C:\Windows\system32\DNSAPI.dll
0x000007fef8150000 - 0x000007fef815b000 	C:\Windows\System32\winrnr.dll
0x000007fef8130000 - 0x000007fef8145000 	C:\Windows\system32\napinsp.dll
0x000007fef8110000 - 0x000007fef8129000 	C:\Windows\system32\pnrpnsp.dll
0x000007fef8100000 - 0x000007fef8110000 	C:\Windows\system32\wshbth.dll
0x000007fefc140000 - 0x000007fefc147000 	C:\Windows\System32\wshtcpip.dll
0x000007fefa7b0000 - 0x000007fefa7d7000 	C:\Windows\system32\IPHLPAPI.DLL
0x000007fefa790000 - 0x000007fefa79b000 	C:\Windows\system32\WINNSI.DLL
0x000007fef87b0000 - 0x000007fef87b8000 	C:\Windows\system32\rasadhlp.dll
0x000007fefa640000 - 0x000007fefa693000 	C:\Windows\System32\fwpuclnt.dll
0x000000006d510000 - 0x000000006d53e000 	C:\Program Files\Java\jre6\bin\jsound.dll
0x000007fefbda0000 - 0x000007fefbdeb000 	C:\Windows\system32\MMDevAPI.DLL
0x000007fefbbf0000 - 0x000007fefbd1c000 	C:\Windows\system32\PROPSYS.dll
0x000007fefafe0000 - 0x000007fefb01b000 	C:\Windows\system32\wdmaud.drv
0x0000000074ce0000 - 0x0000000074ce6000 	C:\Windows\system32\ksuser.dll
0x000007fefbbe0000 - 0x000007fefbbe9000 	C:\Windows\system32\AVRT.dll
0x000007fefaed0000 - 0x000007fefaf1f000 	C:\Windows\system32\AUDIOSES.DLL
0x000007fefae80000 - 0x000007fefae8a000 	C:\Windows\system32\msacm32.drv
0x000007fefae60000 - 0x000007fefae78000 	C:\Windows\system32\MSACM32.dll
0x000007fefae50000 - 0x000007fefae59000 	C:\Windows\system32\midimap.dll

VM Arguments:
jvm_args: -Djava.security.policy=java.policy.applet -Dfile.encoding=Cp1252 
java_command: sun.applet.AppletViewer Main1303153680393.html
Launcher Type: SUN_STANDARD

Environment Variables:
PATH=C:\Windows\system32;C:\Windows;C:\Windows\System32\Wbem;C:\Windows\System32\WindowsPowerShell\v1.0\;C:\Program Files\WIDCOMM\Bluetooth Software\;C:\Program Files\WIDCOMM\Bluetooth Software\syswow64;\;C:\Program Files (x86)\Sony\VAIO Startup Setting Tool
USERNAME=DOUG
OS=Windows_NT
PROCESSOR_IDENTIFIER=Intel64 Family 6 Model 30 Stepping 5, GenuineIntel



---------------  S Y S T E M  ---------------

OS: Windows 7 Build 7600 

CPU:total 8 (8 cores per cpu, 2 threads per core) family 6 model 30 stepping 5, cmov, cx8, fxsr, mmx, sse, sse2, sse3, ssse3, sse4.1, sse4.2, popcnt, ht

Memory: 4k page, physical 4174776k(2125700k free), swap 8347656k(5704024k free)

vm_info: Java HotSpot(TM) 64-Bit Server VM (16.3-b01) for windows-amd64 JRE (1.6.0_20-b02), built on Apr 12 2010 13:44:19 by "java_re" with MS VC++ 8.0 (VS2005)

time: Mon Apr 18 16:08:54 2011
elapsed time: 53 seconds

