#
# A fatal error has been detected by the Java Runtime Environment:
#
#  EXCEPTION_ACCESS_VIOLATION (0xc0000005) at pc=0x000000006d523d76, pid=5020, tid=2848
#
# JRE version: 6.0_20-b02
# Java VM: Java HotSpot(TM) 64-Bit Server VM (16.3-b01 mixed mode windows-amd64 )
# Problematic frame:
# C  [jsound.dll+0x13d76]
#
# If you would like to submit a bug report, please visit:
#   http://java.sun.com/webapps/bugreport/crash.jsp
# The crash happened outside the Java Virtual Machine in native code.
# See problematic frame for where to report the bug.
#

---------------  T H R E A D  ---------------

Current thread (0x000000004b0d0800):  JavaThread "Headspace mixer frame proc thread" daemon [_thread_in_native, id=2848, stack(0x0000000054e70000,0x0000000054f70000)]

siginfo: ExceptionCode=0xc0000005, reading address 0x0000000000262af8

Registers:
EAX=0x000000000000002a, EBX=0x0000000051ba35c0, ECX=0x000000000000002a, EDX=0x0000000000000006
ESP=0x0000000054f6f220, EBP=0x0000000051bb21c8, ESI=0x00000000000011dc, EDI=0x00000000000011dc
EIP=0x000000006d523d76, EFLAGS=0x0000000000010202

Top of Stack: (sp=0x0000000054f6f220)
0x0000000054f6f220:   0000000051be9c20 0000000000000018
0x0000000054f6f230:   000000004b0d0800 000000004f07e310
0x0000000054f6f240:   0000000000000800 0000000000177dd0
0x0000000054f6f250:   000000004f17d1f8 0000000000000001
0x0000000054f6f260:   0000000000000000 0000000000000103
0x0000000054f6f270:   000000000000002a 0000000000000f83
0x0000000054f6f280:   000000004b0d09b8 0000000000000f59
0x0000000054f6f290:   0000000051ba35c0 000000006d5207d0
0x0000000054f6f2a0:   0000000051ba35c0 000000004b0d09b8
0x0000000054f6f2b0:   0000000000000000 0000000000000000
0x0000000054f6f2c0:   0000000000000040 000000004b0d0800
0x0000000054f6f2d0:   0000000054f6f890 000000004b0d09b8
0x0000000054f6f2e0:   000000004b0d09b8 0000000051ba35c0
0x0000000054f6f2f0:   0000000000000020 000000004b0d09b8
0x0000000054f6f300:   0000000051b942c0 000000006d520b56
0x0000000054f6f310:   00000000230f0779 000000004b0d09b8 

Instructions: (pc=0x000000006d523d76)
0x000000006d523d66:   0f 00 00 41 8b c4 41 8b cc c1 e8 0c 48 c1 e9 0c
0x000000006d523d76:   41 0f bf 54 4d 00 ff c0 41 0f bf 4c 45 00 41 8b 


Stack: [0x0000000054e70000,0x0000000054f70000],  sp=0x0000000054f6f220,  free space=3fc0000000000000000k
Native frames: (J=compiled Java code, j=interpreted, Vv=VM code, C=native code)
C  [jsound.dll+0x13d76]

Java frames: (J=compiled Java code, j=interpreted, Vv=VM code)
j  com.sun.media.sound.MixerThread.runNative(J)V+0
j  com.sun.media.sound.MixerThread.run()V+5
v  ~StubRoutines::call_stub

---------------  P R O C E S S  ---------------

Java Threads: ( => current thread )
  0x0000000051920000 JavaThread "Thread-138" [_thread_in_native, id=2552, stack(0x0000000057270000,0x0000000057370000)]
  0x0000000051305800 JavaThread "Thread-116" [_thread_in_native, id=6196, stack(0x0000000056870000,0x0000000056970000)]
  0x00000000512ff800 JavaThread "Thread-98" [_thread_in_native, id=4420, stack(0x0000000056070000,0x0000000056170000)]
=>0x000000004b0d0800 JavaThread "Headspace mixer frame proc thread" daemon [_thread_in_native, id=2848, stack(0x0000000054e70000,0x0000000054f70000)]
  0x000000004b0d0000 JavaThread "Java Sound Event Dispatcher" daemon [_thread_blocked, id=5380, stack(0x0000000054b70000,0x0000000054c70000)]
  0x000000004b0cf000 JavaThread "Audio Player" daemon [_thread_blocked, id=2604, stack(0x0000000054200000,0x0000000054300000)]
  0x000000004b0cc800 JavaThread "Thread-8" [_thread_in_native, id=6224, stack(0x0000000050dc0000,0x0000000050ec0000)]
  0x000000004b0ce800 JavaThread "AWT-EventQueue-1" [_thread_blocked, id=6148, stack(0x0000000050cc0000,0x0000000050dc0000)]
  0x000000004b0cd800 JavaThread "D3D Screen Updater" daemon [_thread_blocked, id=4072, stack(0x0000000050bc0000,0x0000000050cc0000)]
  0x000000004b0cd000 JavaThread "TimerQueue" daemon [_thread_blocked, id=3096, stack(0x0000000050ac0000,0x0000000050bc0000)]
  0x000000004b0cb800 JavaThread "DestroyJavaVM" [_thread_blocked, id=4816, stack(0x00000000022f0000,0x00000000023f0000)]
  0x000000004b0cb000 JavaThread "AWT-EventQueue-0" [_thread_blocked, id=3336, stack(0x000000004f490000,0x000000004f590000)]
  0x000000004b0ca000 JavaThread "thread applet-Main.class" [_thread_blocked, id=6684, stack(0x000000004f390000,0x000000004f490000)]
  0x000000004b0c9800 JavaThread "AWT-Windows" daemon [_thread_in_native, id=6260, stack(0x000000004c9f0000,0x000000004caf0000)]
  0x000000004b0c8800 JavaThread "AWT-Shutdown" [_thread_blocked, id=4924, stack(0x000000004c8f0000,0x000000004c9f0000)]
  0x000000004b0c8000 JavaThread "Java2D Disposer" daemon [_thread_blocked, id=6572, stack(0x000000004c7f0000,0x000000004c8f0000)]
  0x000000004b0c7000 JavaThread "Low Memory Detector" daemon [_thread_blocked, id=7112, stack(0x000000004c2d0000,0x000000004c3d0000)]
  0x000000004b0f0800 JavaThread "CompilerThread1" daemon [_thread_blocked, id=2560, stack(0x000000004c1d0000,0x000000004c2d0000)]
  0x000000004b0d8000 JavaThread "CompilerThread0" daemon [_thread_blocked, id=2556, stack(0x000000004c0d0000,0x000000004c1d0000)]
  0x000000004b0c6800 JavaThread "Attach Listener" daemon [_thread_blocked, id=6752, stack(0x000000004bfd0000,0x000000004c0d0000)]
  0x000000004b0c6000 JavaThread "Signal Dispatcher" daemon [_thread_blocked, id=2940, stack(0x000000004bed0000,0x000000004bfd0000)]
  0x000000004b073000 JavaThread "Finalizer" daemon [_thread_blocked, id=6540, stack(0x000000004bdd0000,0x000000004bed0000)]
  0x000000004b06a800 JavaThread "Reference Handler" daemon [_thread_blocked, id=6132, stack(0x000000004bcd0000,0x000000004bdd0000)]

Other Threads:
  0x000000004b064000 VMThread [stack: 0x000000004bbd0000,0x000000004bcd0000] [id=6852]
  0x000000004b0f9800 WatcherThread [stack: 0x000000004c3d0000,0x000000004c4d0000] [id=5464]

VM state:not at safepoint (normal execution)

VM Mutex/Monitor currently owned by a thread: None

Heap
 PSYoungGen      total 8576K, used 6418K [0x00000000350b0000, 0x0000000037e70000, 0x000000004a4b0000)
  eden space 8448K, 74% used [0x00000000350b0000,0x00000000356dc8f0,0x00000000358f0000)
  from space 128K, 75% used [0x0000000037e20000,0x0000000037e38000,0x0000000037e40000)
  to   space 192K, 0% used [0x0000000037e40000,0x0000000037e40000,0x0000000037e70000)
 PSOldGen        total 43520K, used 31541K [0x000000000a8b0000, 0x000000000d330000, 0x00000000350b0000)
  object space 43520K, 72% used [0x000000000a8b0000,0x000000000c77d730,0x000000000d330000)
 PSPermGen       total 21248K, used 12181K [0x00000000054b0000, 0x0000000006970000, 0x000000000a8b0000)
  object space 21248K, 57% used [0x00000000054b0000,0x00000000060956e0,0x0000000006970000)

Dynamic libraries:
0x0000000000400000 - 0x000000000042e000 	C:\Program Files\Java\jre6\bin\javaw.exe
0x0000000076e70000 - 0x000000007701c000 	C:\Windows\SYSTEM32\ntdll.dll
0x0000000076d50000 - 0x0000000076e6f000 	C:\Windows\system32\kernel32.dll
0x000007fefd0f0000 - 0x000007fefd15b000 	C:\Windows\system32\KERNELBASE.dll
0x000007fefea90000 - 0x000007fefeb6b000 	C:\Windows\system32\ADVAPI32.dll
0x000007fefd1a0000 - 0x000007fefd23f000 	C:\Windows\system32\msvcrt.dll
0x000007fefe530000 - 0x000007fefe54f000 	C:\Windows\SYSTEM32\sechost.dll
0x000007fefd4c0000 - 0x000007fefd5ee000 	C:\Windows\system32\RPCRT4.dll
0x0000000076c50000 - 0x0000000076d4a000 	C:\Windows\system32\USER32.dll
0x000007fefeeb0000 - 0x000007fefef17000 	C:\Windows\system32\GDI32.dll
0x000007fefedd0000 - 0x000007fefedde000 	C:\Windows\system32\LPK.dll
0x000007fefede0000 - 0x000007fefeeaa000 	C:\Windows\system32\USP10.dll
0x000007fefe8e0000 - 0x000007fefe90e000 	C:\Windows\system32\IMM32.DLL
0x000007fefd690000 - 0x000007fefd799000 	C:\Windows\system32\MSCTF.dll
0x000000006d7f0000 - 0x000000006de95000 	C:\Program Files\Java\jre6\bin\server\jvm.dll
0x000007fefaf10000 - 0x000007fefaf4b000 	C:\Windows\system32\WINMM.dll
0x000000006d760000 - 0x000000006d76e000 	C:\Program Files\Java\jre6\bin\verify.dll
0x000000006d3b0000 - 0x000000006d3d7000 	C:\Program Files\Java\jre6\bin\java.dll
0x000000006d310000 - 0x000000006d31a000 	C:\Program Files\Java\jre6\bin\hpi.dll
0x0000000077030000 - 0x0000000077037000 	C:\Windows\system32\PSAPI.DLL
0x000000006d7b0000 - 0x000000006d7c2000 	C:\Program Files\Java\jre6\bin\zip.dll
0x000000006d000000 - 0x000000006d1c3000 	C:\Program Files\Java\jre6\bin\awt.dll
0x000007fefa890000 - 0x000007fefa900000 	C:\Windows\system32\WINSPOOL.DRV
0x000007fefeb70000 - 0x000007fefed72000 	C:\Windows\system32\ole32.dll
0x000007fefd7a0000 - 0x000007fefe526000 	C:\Windows\system32\SHELL32.dll
0x000007fefd610000 - 0x000007fefd681000 	C:\Windows\system32\SHLWAPI.dll
0x000007fefb320000 - 0x000007fefb514000 	C:\Windows\WinSxS\amd64_microsoft.windows.common-controls_6595b64144ccf1df_6.0.7600.16661_none_fa62ad231704eab7\COMCTL32.dll
0x000007fefad50000 - 0x000007fefad68000 	C:\Windows\system32\DWMAPI.DLL
0x000007fefb270000 - 0x000007fefb2c6000 	C:\Windows\system32\uxtheme.dll
0x000000006d2a0000 - 0x000000006d30b000 	C:\Program Files\Java\jre6\bin\fontmanager.dll
0x000007fefcd00000 - 0x000007fefcd0f000 	C:\Windows\system32\CRYPTBASE.dll
0x000007fee9920000 - 0x000007fee9b1f000 	C:\Windows\system32\d3d9.dll
0x000007fefbf20000 - 0x000007fefbf2c000 	C:\Windows\system32\VERSION.dll
0x000007fefa980000 - 0x000007fefa987000 	C:\Windows\system32\d3d8thk.dll
0x000007fee8d20000 - 0x000007fee9916000 	C:\Windows\system32\nvd3dumx.dll
0x000007fefbca0000 - 0x000007fefbccc000 	C:\Windows\system32\powrprof.dll
0x000007fefe5d0000 - 0x000007fefe7a7000 	C:\Windows\system32\SETUPAPI.dll
0x000007fefd160000 - 0x000007fefd196000 	C:\Windows\system32\CFGMGR32.dll
0x000007fefe800000 - 0x000007fefe8d7000 	C:\Windows\system32\OLEAUT32.dll
0x000007fefd0d0000 - 0x000007fefd0ea000 	C:\Windows\system32\DEVOBJ.dll
0x000000004c6c0000 - 0x000000004c725000 	C:\Program Files\WIDCOMM\Bluetooth Software\btmmhook.dll
0x000000006d600000 - 0x000000006d617000 	C:\Program Files\Java\jre6\bin\net.dll
0x000007fefed80000 - 0x000007fefedcd000 	C:\Windows\system32\WS2_32.dll
0x000007fefd4b0000 - 0x000007fefd4b8000 	C:\Windows\system32\NSI.dll
0x000007fefc640000 - 0x000007fefc694000 	C:\Windows\system32\mswsock.dll
0x000007fefc630000 - 0x000007fefc637000 	C:\Windows\System32\wship6.dll
0x000000006d620000 - 0x000000006d62b000 	C:\Program Files\Java\jre6\bin\nio.dll
0x000007fefd240000 - 0x000007fefd2d9000 	C:\Windows\system32\CLBCatQ.DLL
0x000007fefc6a0000 - 0x000007fefc6b7000 	C:\Windows\system32\CRYPTSP.dll
0x000007fefc3a0000 - 0x000007fefc3e7000 	C:\Windows\system32\rsaenh.dll
0x000007fefc120000 - 0x000007fefc13e000 	C:\Windows\system32\USERENV.dll
0x000007fefcdd0000 - 0x000007fefcddf000 	C:\Windows\system32\profapi.dll
0x000007fefb990000 - 0x000007fefb9a5000 	C:\Windows\system32\NLAapi.dll
0x000007fefc4c0000 - 0x000007fefc51b000 	C:\Windows\system32\DNSAPI.dll
0x000007fef8580000 - 0x000007fef858b000 	C:\Windows\System32\winrnr.dll
0x000007fef8560000 - 0x000007fef8575000 	C:\Windows\system32\napinsp.dll
0x000007fef8540000 - 0x000007fef8559000 	C:\Windows\system32\pnrpnsp.dll
0x000007fef8530000 - 0x000007fef8540000 	C:\Windows\system32\wshbth.dll
0x000007fefbff0000 - 0x000007fefbff7000 	C:\Windows\System32\wshtcpip.dll
0x000007fefadf0000 - 0x000007fefae17000 	C:\Windows\system32\IPHLPAPI.DLL
0x000007fefade0000 - 0x000007fefadeb000 	C:\Windows\system32\WINNSI.DLL
0x000007fef8660000 - 0x000007fef8668000 	C:\Windows\system32\rasadhlp.dll
0x000007fefaa00000 - 0x000007fefaa53000 	C:\Windows\System32\fwpuclnt.dll
0x000000006d510000 - 0x000000006d53e000 	C:\Program Files\Java\jre6\bin\jsound.dll
0x000007fefbc50000 - 0x000007fefbc9b000 	C:\Windows\system32\MMDevAPI.DLL
0x000007fefbae0000 - 0x000007fefbc0c000 	C:\Windows\system32\PROPSYS.dll
0x000007fefaed0000 - 0x000007fefaf0b000 	C:\Windows\system32\wdmaud.drv
0x0000000074b90000 - 0x0000000074b96000 	C:\Windows\system32\ksuser.dll
0x000007fefbad0000 - 0x000007fefbad9000 	C:\Windows\system32\AVRT.dll
0x000007fefac80000 - 0x000007fefaccf000 	C:\Windows\system32\AUDIOSES.DLL
0x000007fefac70000 - 0x000007fefac7a000 	C:\Windows\system32\msacm32.drv
0x000007fefac50000 - 0x000007fefac68000 	C:\Windows\system32\MSACM32.dll
0x000007fefac40000 - 0x000007fefac49000 	C:\Windows\system32\midimap.dll

VM Arguments:
jvm_args: -Djava.security.policy=java.policy.applet -Dfile.encoding=Cp1252 
java_command: sun.applet.AppletViewer Main1303238900033.html
Launcher Type: SUN_STANDARD

Environment Variables:
PATH=C:\Windows\system32;C:\Windows;C:\Windows\System32\Wbem;C:\Windows\System32\WindowsPowerShell\v1.0\;C:\Program Files\WIDCOMM\Bluetooth Software\;C:\Program Files\WIDCOMM\Bluetooth Software\syswow64;\;C:\Program Files (x86)\Sony\VAIO Startup Setting Tool
USERNAME=DOUG
OS=Windows_NT
PROCESSOR_IDENTIFIER=Intel64 Family 6 Model 30 Stepping 5, GenuineIntel



---------------  S Y S T E M  ---------------

OS: Windows 7 Build 7600 

CPU:total 8 (8 cores per cpu, 2 threads per core) family 6 model 30 stepping 5, cmov, cx8, fxsr, mmx, sse, sse2, sse3, ssse3, sse4.1, sse4.2, popcnt, ht

Memory: 4k page, physical 4174776k(1924660k free), swap 8347656k(5641680k free)

vm_info: Java HotSpot(TM) 64-Bit Server VM (16.3-b01) for windows-amd64 JRE (1.6.0_20-b02), built on Apr 12 2010 13:44:19 by "java_re" with MS VC++ 8.0 (VS2005)

time: Tue Apr 19 15:48:47 2011
elapsed time: 27 seconds

