#
# A fatal error has been detected by the Java Runtime Environment:
#
#  EXCEPTION_ACCESS_VIOLATION (0xc0000005) at pc=0x0000000000000000, pid=1988, tid=5236
#
# JRE version: 6.0_20-b02
# Java VM: Java HotSpot(TM) 64-Bit Server VM (16.3-b01 mixed mode windows-amd64 )
# Problematic frame:
# C  0x0000000000000000
#
# If you would like to submit a bug report, please visit:
#   http://java.sun.com/webapps/bugreport/crash.jsp
# The crash happened outside the Java Virtual Machine in native code.
# See problematic frame for where to report the bug.
#

---------------  T H R E A D  ---------------

Current thread (0x00000000512e6800):  JavaThread "Thread-552" [_thread_in_native, id=5236, stack(0x00000000581f0000,0x00000000582f0000)]

siginfo: ExceptionCode=0xc0000005, ExceptionInformation=0x0000000000000008 0x0000000000000000

Registers:
EAX=0x0000000000000000, EBX=0x0000000050a1e700, ECX=0x00000000512e69b8, EDX=0x0000000000000002
ESP=0x00000000582ef618, EBP=0x00000000582ef800, ESI=0x00000000512e69b8, EDI=0x00000000512e69b8
EIP=0x0000000000000000, EFLAGS=0x0000000000010246

Top of Stack: (sp=0x00000000582ef618)
0x00000000582ef618:   000000006d515842 00000000582ef6c0
0x00000000582ef628:   0000000000000000 000000005258ed58
0x00000000582ef638:   000000006d51200d 0000000050a1e700
0x00000000582ef648:   000000004f38cc20 0000000050a7cd00
0x00000000582ef658:   5622000000007d08 000000004b2e0110
0x00000000582ef668:   00000000024558ba 000000006da0bc89
0x00000000582ef678:   000000006d511ed0 0000000000000000
0x00000000582ef688:   000000006d511ed0 0000000050a1e700
0x00000000582ef698:   000000006d516055 0000000000000000
0x00000000582ef6a8:   0000000000000000 0000000000000000
0x00000000582ef6b8:   0000000000000000 0000000050a1e700
0x00000000582ef6c8:   000000004f38cc20 0000000050a80b8c
0x00000000582ef6d8:   5622000000000000 000000004b2e0110
0x00000000582ef6e8:   00000000024558ba 000000006da0bc89
0x00000000582ef6f8:   000000006d52b25b 0000000000000f83
0x00000000582ef708:   00000000060d73c8 00000000512e6800 

Instructions: (pc=0x0000000000000000)
0xfffffffffffffff0:   


Stack: [0x00000000581f0000,0x00000000582f0000],  sp=0x00000000582ef618,  free space=3fd0000000000000000k
Java frames: (J=compiled Java code, j=interpreted, Vv=VM code)
j  com.sun.media.sound.MixerSourceLine.nDrain(J)V+0
j  com.sun.media.sound.MixerSourceLine.drain()V+26
j  com.sun.media.sound.DataPusher.run()V+210
j  java.lang.Thread.run()V+11
v  ~StubRoutines::call_stub

---------------  P R O C E S S  ---------------

Java Threads: ( => current thread )
=>0x00000000512e6800 JavaThread "Thread-552" [_thread_in_native, id=5236, stack(0x00000000581f0000,0x00000000582f0000)]
  0x00000000512e5800 JavaThread "Thread-549" [_thread_in_native, id=4128, stack(0x00000000580f0000,0x00000000581f0000)]
  0x00000000512e5000 JavaThread "Thread-546" [_thread_blocked, id=5580, stack(0x0000000057ff0000,0x00000000580f0000)]
  0x00000000512e4000 JavaThread "Thread-543" [_thread_blocked, id=1724, stack(0x0000000057ef0000,0x0000000057ff0000)]
  0x000000004b2d5000 JavaThread "Thread-540" [_thread_blocked, id=3860, stack(0x0000000054c20000,0x0000000054d20000)]
  0x00000000512e3800 JavaThread "Thread-537" [_thread_blocked, id=5628, stack(0x0000000057df0000,0x0000000057ef0000)]
  0x00000000512e3000 JavaThread "Thread-534" [_thread_in_native, id=4616, stack(0x0000000057cf0000,0x0000000057df0000)]
  0x00000000512e2000 JavaThread "Thread-531" [_thread_blocked, id=2140, stack(0x0000000057bf0000,0x0000000057cf0000)]
  0x00000000512e1800 JavaThread "Thread-528" [_thread_blocked, id=1840, stack(0x0000000057af0000,0x0000000057bf0000)]
  0x00000000512e0800 JavaThread "Thread-525" [_thread_blocked, id=4352, stack(0x00000000579f0000,0x0000000057af0000)]
  0x00000000512e0000 JavaThread "Thread-522" [_thread_blocked, id=4340, stack(0x00000000578f0000,0x00000000579f0000)]
  0x00000000512df000 JavaThread "Thread-521" [_thread_blocked, id=4204, stack(0x00000000577f0000,0x00000000578f0000)]
  0x00000000512de800 JavaThread "Thread-518" [_thread_blocked, id=5520, stack(0x00000000576f0000,0x00000000577f0000)]
  0x00000000512dd800 JavaThread "Thread-515" [_thread_blocked, id=1304, stack(0x00000000575f0000,0x00000000576f0000)]
  0x00000000512dd000 JavaThread "Thread-512" [_thread_blocked, id=5112, stack(0x00000000574f0000,0x00000000575f0000)]
  0x00000000512dc800 JavaThread "Thread-509" [_thread_blocked, id=5888, stack(0x00000000573f0000,0x00000000574f0000)]
  0x00000000512db800 JavaThread "Thread-506" [_thread_blocked, id=828, stack(0x00000000572f0000,0x00000000573f0000)]
  0x00000000512db000 JavaThread "Thread-503" [_thread_in_native, id=3124, stack(0x00000000571f0000,0x00000000572f0000)]
  0x000000004b2e0800 JavaThread "Thread-500" [_thread_in_native, id=2224, stack(0x00000000570f0000,0x00000000571f0000)]
  0x000000004b2df800 JavaThread "Thread-497" [_thread_blocked, id=4740, stack(0x0000000056ff0000,0x00000000570f0000)]
  0x000000004b2df000 JavaThread "Thread-495" [_thread_blocked, id=5524, stack(0x0000000056ef0000,0x0000000056ff0000)]
  0x000000004b2de800 JavaThread "Thread-493" [_thread_blocked, id=2272, stack(0x0000000056df0000,0x0000000056ef0000)]
  0x000000004b2dd800 JavaThread "Thread-490" [_thread_in_native, id=1072, stack(0x0000000056cf0000,0x0000000056df0000)]
  0x000000004b2d7000 JavaThread "Thread-487" [_thread_blocked, id=1536, stack(0x00000000561f0000,0x00000000562f0000)]
  0x000000004b2dd000 JavaThread "Thread-484" [_thread_in_native, id=6120, stack(0x0000000056bf0000,0x0000000056cf0000)]
  0x000000004b2dc000 JavaThread "Thread-482" [_thread_blocked, id=3884, stack(0x0000000056af0000,0x0000000056bf0000)]
  0x000000004b2db800 JavaThread "Thread-480" [_thread_blocked, id=5508, stack(0x00000000569f0000,0x0000000056af0000)]
  0x000000004b2d6800 JavaThread "Thread-477" [_thread_blocked, id=4276, stack(0x00000000560f0000,0x00000000561f0000)]
  0x000000004b2da800 JavaThread "Thread-474" [_thread_blocked, id=4912, stack(0x00000000568f0000,0x00000000569f0000)]
  0x000000004b2da000 JavaThread "Thread-471" [_thread_blocked, id=5836, stack(0x00000000567f0000,0x00000000568f0000)]
  0x000000004b2d5800 JavaThread "Thread-470" [_thread_blocked, id=5860, stack(0x0000000055ff0000,0x00000000560f0000)]
  0x000000004b2d9000 JavaThread "Thread-461" [_thread_blocked, id=4652, stack(0x00000000566f0000,0x00000000567f0000)]
  0x000000004b2d8800 JavaThread "Thread-452" [_thread_blocked, id=5024, stack(0x00000000565f0000,0x00000000566f0000)]
  0x000000004b2d8000 JavaThread "Thread-443" [_thread_blocked, id=4728, stack(0x00000000562f0000,0x00000000563f0000)]
  0x000000004b2d3800 JavaThread "Headspace mixer frame proc thread" daemon [_thread_in_vm, id=988, stack(0x0000000054b20000,0x0000000054c20000)]
  0x000000004b2d2800 JavaThread "Java Sound Event Dispatcher" daemon [_thread_blocked, id=4868, stack(0x0000000054610000,0x0000000054710000)]
  0x000000004b2d2000 JavaThread "Audio Player" daemon [_thread_blocked, id=5692, stack(0x0000000051a50000,0x0000000051b50000)]
  0x0000000050f40800 JavaThread "Thread-8" [_thread_in_Java, id=5560, stack(0x000000004f930000,0x000000004fa30000)]
  0x000000004f162000 JavaThread "AWT-EventQueue-1" [_thread_in_Java, id=5156, stack(0x0000000050e40000,0x0000000050f40000)]
  0x000000004f161000 JavaThread "TimerQueue" daemon [_thread_blocked, id=3624, stack(0x0000000050d40000,0x0000000050e40000)]
  0x00000000002fb000 JavaThread "DestroyJavaVM" [_thread_blocked, id=5348, stack(0x0000000002350000,0x0000000002450000)]
  0x000000004f15c000 JavaThread "D3D Screen Updater" daemon [_thread_blocked, id=3824, stack(0x0000000050830000,0x0000000050930000)]
  0x000000004b37f000 JavaThread "AWT-EventQueue-0" [_thread_blocked, id=5036, stack(0x000000004f640000,0x000000004f740000)]
  0x000000004b3e8800 JavaThread "thread applet-Main.class" [_thread_blocked, id=3380, stack(0x000000004f540000,0x000000004f640000)]
  0x000000004b37d800 JavaThread "AWT-Windows" daemon [_thread_in_native, id=4124, stack(0x000000004cac0000,0x000000004cbc0000)]
  0x000000004b37a800 JavaThread "AWT-Shutdown" [_thread_blocked, id=3916, stack(0x000000004c9c0000,0x000000004cac0000)]
  0x000000004b3c3800 JavaThread "Java2D Disposer" daemon [_thread_blocked, id=6036, stack(0x000000004c8c0000,0x000000004c9c0000)]
  0x000000004b2e7800 JavaThread "Low Memory Detector" daemon [_thread_blocked, id=3784, stack(0x000000004c3b0000,0x000000004c4b0000)]
  0x000000004b2d1800 JavaThread "CompilerThread1" daemon [_thread_blocked, id=5192, stack(0x000000004c2b0000,0x000000004c3b0000)]
  0x000000004b2bd000 JavaThread "CompilerThread0" daemon [_thread_blocked, id=4304, stack(0x000000004c1b0000,0x000000004c2b0000)]
  0x000000004b2b9800 JavaThread "Attach Listener" daemon [_thread_blocked, id=3664, stack(0x000000004c0b0000,0x000000004c1b0000)]
  0x000000004b2b8800 JavaThread "Signal Dispatcher" daemon [_thread_blocked, id=5996, stack(0x000000004bfb0000,0x000000004c0b0000)]
  0x000000004b265800 JavaThread "Finalizer" daemon [_thread_blocked, id=2764, stack(0x000000004beb0000,0x000000004bfb0000)]
  0x000000004b25f000 JavaThread "Reference Handler" daemon [_thread_blocked, id=4488, stack(0x000000004bdb0000,0x000000004beb0000)]

Other Threads:
  0x000000004b259800 VMThread [stack: 0x000000004bcb0000,0x000000004bdb0000] [id=1176]
  0x000000004b2e8800 WatcherThread [stack: 0x000000004c4b0000,0x000000004c5b0000] [id=548]

VM state:not at safepoint (normal execution)

VM Mutex/Monitor currently owned by a thread: None

Heap
 PSYoungGen      total 18432K, used 17964K [0x0000000035110000, 0x0000000036d90000, 0x000000004a510000)
  eden space 18176K, 97% used [0x0000000035110000,0x0000000036263130,0x00000000362d0000)
  from space 256K, 87% used [0x0000000036d50000,0x0000000036d88030,0x0000000036d90000)
  to   space 832K, 0% used [0x0000000036bf0000,0x0000000036bf0000,0x0000000036cc0000)
 PSOldGen        total 43520K, used 29547K [0x000000000a910000, 0x000000000d390000, 0x0000000035110000)
  object space 43520K, 67% used [0x000000000a910000,0x000000000c5eacc8,0x000000000d390000)
 PSPermGen       total 21248K, used 12253K [0x0000000005510000, 0x00000000069d0000, 0x000000000a910000)
  object space 21248K, 57% used [0x0000000005510000,0x00000000061075e8,0x00000000069d0000)

Dynamic libraries:
0x0000000000400000 - 0x000000000042e000 	C:\Program Files\Java\jre6\bin\javaw.exe
0x00000000774d0000 - 0x000000007767c000 	C:\Windows\SYSTEM32\ntdll.dll
0x00000000773b0000 - 0x00000000774cf000 	C:\Windows\system32\kernel32.dll
0x000007fefd580000 - 0x000007fefd5eb000 	C:\Windows\system32\KERNELBASE.dll
0x000007fefe030000 - 0x000007fefe10b000 	C:\Windows\system32\ADVAPI32.dll
0x000007feff6a0000 - 0x000007feff73f000 	C:\Windows\system32\msvcrt.dll
0x000007feff7c0000 - 0x000007feff7df000 	C:\Windows\SYSTEM32\sechost.dll
0x000007fefe240000 - 0x000007fefe36e000 	C:\Windows\system32\RPCRT4.dll
0x00000000772b0000 - 0x00000000773aa000 	C:\Windows\system32\USER32.dll
0x000007fefdac0000 - 0x000007fefdb27000 	C:\Windows\system32\GDI32.dll
0x000007fefdfd0000 - 0x000007fefdfde000 	C:\Windows\system32\LPK.dll
0x000007feff180000 - 0x000007feff24a000 	C:\Windows\system32\USP10.dll
0x000007fefe3c0000 - 0x000007fefe3ee000 	C:\Windows\system32\IMM32.DLL
0x000007fefdec0000 - 0x000007fefdfc9000 	C:\Windows\system32\MSCTF.dll
0x000000006d7f0000 - 0x000000006de95000 	C:\Program Files\Java\jre6\bin\server\jvm.dll
0x000007fefb4f0000 - 0x000007fefb52b000 	C:\Windows\system32\WINMM.dll
0x000000006d760000 - 0x000000006d76e000 	C:\Program Files\Java\jre6\bin\verify.dll
0x000000006d3b0000 - 0x000000006d3d7000 	C:\Program Files\Java\jre6\bin\java.dll
0x000000006d310000 - 0x000000006d31a000 	C:\Program Files\Java\jre6\bin\hpi.dll
0x0000000077690000 - 0x0000000077697000 	C:\Windows\system32\PSAPI.DLL
0x000000006d7b0000 - 0x000000006d7c2000 	C:\Program Files\Java\jre6\bin\zip.dll
0x000000006d000000 - 0x000000006d1c3000 	C:\Program Files\Java\jre6\bin\awt.dll
0x000007fefb160000 - 0x000007fefb1d0000 	C:\Windows\system32\WINSPOOL.DRV
0x000007fefdb30000 - 0x000007fefdd32000 	C:\Windows\system32\ole32.dll
0x000007fefe3f0000 - 0x000007feff176000 	C:\Windows\system32\SHELL32.dll
0x000007fefe1b0000 - 0x000007fefe221000 	C:\Windows\system32\SHLWAPI.dll
0x000007fefbef0000 - 0x000007fefc0e4000 	C:\Windows\WinSxS\amd64_microsoft.windows.common-controls_6595b64144ccf1df_6.0.7600.16661_none_fa62ad231704eab7\COMCTL32.dll
0x000007fefb800000 - 0x000007fefb818000 	C:\Windows\system32\DWMAPI.DLL
0x000007fefbd10000 - 0x000007fefbd66000 	C:\Windows\system32\uxtheme.dll
0x000000006d2a0000 - 0x000000006d30b000 	C:\Program Files\Java\jre6\bin\fontmanager.dll
0x000007fefd360000 - 0x000007fefd36f000 	C:\Windows\system32\CRYPTBASE.dll
0x000007fee77c0000 - 0x000007fee79bf000 	C:\Windows\system32\d3d9.dll
0x000007fefc580000 - 0x000007fefc58c000 	C:\Windows\system32\VERSION.dll
0x000007fefbec0000 - 0x000007fefbec7000 	C:\Windows\system32\d3d8thk.dll
0x000007fee6bc0000 - 0x000007fee77b6000 	C:\Windows\system32\nvd3dumx.dll
0x000007fefba10000 - 0x000007fefba3c000 	C:\Windows\system32\powrprof.dll
0x000007fefd800000 - 0x000007fefd9d7000 	C:\Windows\system32\SETUPAPI.dll
0x000007fefd610000 - 0x000007fefd646000 	C:\Windows\system32\CFGMGR32.dll
0x000007fefd9e0000 - 0x000007fefdab7000 	C:\Windows\system32\OLEAUT32.dll
0x000007fefd5f0000 - 0x000007fefd60a000 	C:\Windows\system32\DEVOBJ.dll
0x000000004b1b0000 - 0x000000004b215000 	C:\Program Files\WIDCOMM\Bluetooth Software\btmmhook.dll
0x000000006d600000 - 0x000000006d617000 	C:\Program Files\Java\jre6\bin\net.dll
0x000007fefdfe0000 - 0x000007fefe02d000 	C:\Windows\system32\WS2_32.dll
0x000007fefe230000 - 0x000007fefe238000 	C:\Windows\system32\NSI.dll
0x000007fefcca0000 - 0x000007fefccf4000 	C:\Windows\system32\mswsock.dll
0x000007fefcc90000 - 0x000007fefcc97000 	C:\Windows\System32\wship6.dll
0x000000006d620000 - 0x000000006d62b000 	C:\Program Files\Java\jre6\bin\nio.dll
0x000007fefe110000 - 0x000007fefe1a9000 	C:\Windows\system32\CLBCatQ.DLL
0x000007fefd040000 - 0x000007fefd057000 	C:\Windows\system32\CRYPTSP.dll
0x000007fefca00000 - 0x000007fefca47000 	C:\Windows\system32\rsaenh.dll
0x000007fefc770000 - 0x000007fefc78e000 	C:\Windows\system32\USERENV.dll
0x000007fefd430000 - 0x000007fefd43f000 	C:\Windows\system32\profapi.dll
0x000007fefb750000 - 0x000007fefb765000 	C:\Windows\system32\NLAapi.dll
0x000007fefcb20000 - 0x000007fefcb7b000 	C:\Windows\system32\DNSAPI.dll
0x000007fef5f40000 - 0x000007fef5f4b000 	C:\Windows\System32\winrnr.dll
0x000007fef5f20000 - 0x000007fef5f35000 	C:\Windows\system32\napinsp.dll
0x000007fef6980000 - 0x000007fef6999000 	C:\Windows\system32\pnrpnsp.dll
0x000007fef5f80000 - 0x000007fef5f90000 	C:\Windows\system32\wshbth.dll
0x000007fefc650000 - 0x000007fefc657000 	C:\Windows\System32\wshtcpip.dll
0x000007fefab80000 - 0x000007fefaba7000 	C:\Windows\system32\IPHLPAPI.DLL
0x000007fefab70000 - 0x000007fefab7b000 	C:\Windows\system32\WINNSI.DLL
0x000007fef8aa0000 - 0x000007fef8aa8000 	C:\Windows\system32\rasadhlp.dll
0x000007fefa8f0000 - 0x000007fefa943000 	C:\Windows\System32\fwpuclnt.dll
0x0000000180000000 - 0x00000001800bc000 	C:\Program Files (x86)\RelevantKnowledge\rlls64.dll
0x000007fef1b20000 - 0x000007fef1b74000 	C:\Windows\system32\OLEACC.dll
0x000007feff550000 - 0x000007feff67c000 	C:\Windows\system32\WININET.dll
0x000007fefdd40000 - 0x000007fefdeba000 	C:\Windows\system32\urlmon.dll
0x000007fefd690000 - 0x000007fefd7f6000 	C:\Windows\system32\CRYPT32.dll
0x000007fefd4d0000 - 0x000007fefd4df000 	C:\Windows\system32\MSASN1.dll
0x000007feff250000 - 0x000007feff4a9000 	C:\Windows\system32\iertutil.dll
0x000007fefb770000 - 0x000007fefb79d000 	C:\Windows\system32\ntmarta.dll
0x000007fefe370000 - 0x000007fefe3c0000 	C:\Windows\system32\WLDAP32.dll
0x000007fefca90000 - 0x000007fefcae7000 	C:\Windows\system32\Schannel.dll
0x000007fefd2d0000 - 0x000007fefd2f5000 	C:\Windows\system32\SspiCli.dll
0x000000006d510000 - 0x000000006d53e000 	C:\Program Files\Java\jre6\bin\jsound.dll
0x000007fefb8c0000 - 0x000007fefb90b000 	C:\Windows\system32\MMDevAPI.DLL
0x000007fefbd70000 - 0x000007fefbe9c000 	C:\Windows\system32\PROPSYS.dll
0x000007fefb470000 - 0x000007fefb4ab000 	C:\Windows\system32\wdmaud.drv
0x00000000751f0000 - 0x00000000751f6000 	C:\Windows\system32\ksuser.dll
0x000007fefb8b0000 - 0x000007fefb8b9000 	C:\Windows\system32\AVRT.dll
0x000007fefb400000 - 0x000007fefb44f000 	C:\Windows\system32\AUDIOSES.DLL
0x000007fefb740000 - 0x000007fefb74a000 	C:\Windows\system32\msacm32.drv
0x000007fefb3e0000 - 0x000007fefb3f8000 	C:\Windows\system32\MSACM32.dll
0x000007fefb3d0000 - 0x000007fefb3d9000 	C:\Windows\system32\midimap.dll

VM Arguments:
jvm_args: -Djava.security.policy=java.policy.applet -Dfile.encoding=Cp1252 
java_command: sun.applet.AppletViewer Main1303585746443.html
Launcher Type: SUN_STANDARD

Environment Variables:
PATH=C:\Windows\system32;C:\Windows;C:\Windows\System32\Wbem;C:\Windows\System32\WindowsPowerShell\v1.0\;C:\Program Files\WIDCOMM\Bluetooth Software\;C:\Program Files\WIDCOMM\Bluetooth Software\syswow64;\;C:\Program Files (x86)\Sony\VAIO Startup Setting Tool
USERNAME=DOUG
OS=Windows_NT
PROCESSOR_IDENTIFIER=Intel64 Family 6 Model 30 Stepping 5, GenuineIntel



---------------  S Y S T E M  ---------------

OS: Windows 7 Build 7600 

CPU:total 8 (8 cores per cpu, 2 threads per core) family 6 model 30 stepping 5, cmov, cx8, fxsr, mmx, sse, sse2, sse3, ssse3, sse4.1, sse4.2, popcnt, ht

Memory: 4k page, physical 4174776k(2003752k free), swap 8347656k(5697524k free)

vm_info: Java HotSpot(TM) 64-Bit Server VM (16.3-b01) for windows-amd64 JRE (1.6.0_20-b02), built on Apr 12 2010 13:44:19 by "java_re" with MS VC++ 8.0 (VS2005)

time: Sat Apr 23 16:09:37 2011
elapsed time: 30 seconds

