#
# A fatal error has been detected by the Java Runtime Environment:
#
#  EXCEPTION_ACCESS_VIOLATION (0xc0000005) at pc=0x0000000000000000, pid=4828, tid=4224
#
# JRE version: 6.0_20-b02
# Java VM: Java HotSpot(TM) 64-Bit Server VM (16.3-b01 mixed mode windows-amd64 )
# Problematic frame:
# C  0x0000000000000000
#
# If you would like to submit a bug report, please visit:
#   http://java.sun.com/webapps/bugreport/crash.jsp
# The crash happened outside the Java Virtual Machine in native code.
# See problematic frame for where to report the bug.
#

---------------  T H R E A D  ---------------

Current thread (0x000000004f0c5800):  JavaThread "Thread-183" [_thread_in_native, id=4224, stack(0x0000000056ab0000,0x0000000056bb0000)]

siginfo: ExceptionCode=0xc0000005, ExceptionInformation=0x0000000000000008 0x0000000000000000

Registers:
EAX=0x0000000000000000, EBX=0x00000000519a3720, ECX=0x000000004f0c59b8, EDX=0x0000000000000002
ESP=0x0000000056baf698, EBP=0x0000000056baf880, ESI=0x000000004f0c59b8, EDI=0x000000004f0c59b8
EIP=0x0000000000000000, EFLAGS=0x0000000000010246

Top of Stack: (sp=0x0000000056baf698)
0x0000000056baf698:   000000006d515842 0000000056baf740
0x0000000056baf6a8:   0000000000000000 000000004f0998b0
0x0000000056baf6b8:   000000006d51200d 00000000519a3720
0x0000000056baf6c8:   000000004f0da0b8 0000000051a24f70
0x0000000056baf6d8:   ac4400000001ffc8 000000004efa0210
0x0000000056baf6e8:   0000000037130300 000000006da0bc89
0x0000000056baf6f8:   000000006d511ed0 0000000000000000
0x0000000056baf708:   000000006d511ed0 00000000519a3720
0x0000000056baf718:   000000006d516055 0000000000000000
0x0000000056baf728:   0000000000000000 0000000000000000
0x0000000056baf738:   0000000000000000 00000000519a3720
0x0000000056baf748:   000000004f0da0b8 0000000051a34f64
0x0000000056baf758:   ac44000000003ff5 000000004efa0210
0x0000000056baf768:   0000000037130300 000000006da0bc89
0x0000000056baf778:   000000006d52b25b 0000000000000f83
0x0000000056baf788:   00000000060c4a28 000000004f0c5800 

Instructions: (pc=0x0000000000000000)
0xfffffffffffffff0:   


Stack: [0x0000000056ab0000,0x0000000056bb0000],  sp=0x0000000056baf698,  free space=3fd0000000000000000k
Java frames: (J=compiled Java code, j=interpreted, Vv=VM code)
j  com.sun.media.sound.MixerSourceLine.nDrain(J)V+0
j  com.sun.media.sound.MixerSourceLine.drain()V+26
j  com.sun.media.sound.DataPusher.run()V+210
j  java.lang.Thread.run()V+11
v  ~StubRoutines::call_stub

---------------  P R O C E S S  ---------------

Java Threads: ( => current thread )
=>0x000000004f0c5800 JavaThread "Thread-183" [_thread_in_native, id=4224, stack(0x0000000056ab0000,0x0000000056bb0000)]
  0x000000004f0c5000 JavaThread "Thread-180" [_thread_in_native, id=6028, stack(0x00000000569b0000,0x0000000056ab0000)]
  0x000000004f0c4800 JavaThread "Thread-177" [_thread_blocked, id=6096, stack(0x00000000568b0000,0x00000000569b0000)]
  0x000000004f0c3800 JavaThread "Thread-174" [_thread_blocked, id=3688, stack(0x00000000567b0000,0x00000000568b0000)]
  0x000000004f0c3000 JavaThread "Thread-171" [_thread_blocked, id=5940, stack(0x00000000566b0000,0x00000000567b0000)]
  0x000000004f0c2000 JavaThread "Thread-168" [_thread_blocked, id=5920, stack(0x00000000565b0000,0x00000000566b0000)]
  0x000000004f0c1800 JavaThread "Thread-165" [_thread_blocked, id=4308, stack(0x00000000564b0000,0x00000000565b0000)]
  0x000000004b164800 JavaThread "Thread-162" [_thread_blocked, id=4880, stack(0x0000000053fa0000,0x00000000540a0000)]
  0x000000004b172800 JavaThread "Thread-147" [_thread_blocked, id=2024, stack(0x00000000563b0000,0x00000000564b0000)]
  0x000000004b171800 JavaThread "Thread-144" [_thread_blocked, id=5652, stack(0x00000000562b0000,0x00000000563b0000)]
  0x000000004b171000 JavaThread "Thread-141" [_thread_blocked, id=4652, stack(0x00000000561b0000,0x00000000562b0000)]
  0x000000004b170000 JavaThread "Thread-138" [_thread_blocked, id=5180, stack(0x00000000560b0000,0x00000000561b0000)]
  0x000000004b16f800 JavaThread "Thread-135" [_thread_blocked, id=3880, stack(0x0000000055fb0000,0x00000000560b0000)]
  0x000000004b16f000 JavaThread "Thread-133" [_thread_blocked, id=2088, stack(0x0000000055eb0000,0x0000000055fb0000)]
  0x000000004b16e000 JavaThread "Thread-130" [_thread_blocked, id=988, stack(0x0000000055db0000,0x0000000055eb0000)]
  0x000000004b16d800 JavaThread "Thread-127" [_thread_blocked, id=524, stack(0x000000004f9a0000,0x000000004faa0000)]
  0x000000004b16c800 JavaThread "Thread-96" [_thread_blocked, id=1676, stack(0x000000004f8a0000,0x000000004f9a0000)]
  0x000000004b16c000 JavaThread "Thread-93" [_thread_blocked, id=4728, stack(0x000000004f7a0000,0x000000004f8a0000)]
  0x000000004b16b000 JavaThread "Thread-90" [_thread_blocked, id=816, stack(0x000000004f6a0000,0x000000004f7a0000)]
  0x000000004b16a800 JavaThread "Thread-86" [_thread_blocked, id=5112, stack(0x000000004f5a0000,0x000000004f6a0000)]
  0x000000004b169800 JavaThread "Thread-83" [_thread_blocked, id=1756, stack(0x0000000055cb0000,0x0000000055db0000)]
  0x000000004b169000 JavaThread "Thread-79" [_thread_blocked, id=5572, stack(0x0000000055bb0000,0x0000000055cb0000)]
  0x000000004b168800 JavaThread "Thread-49" [_thread_blocked, id=4844, stack(0x0000000055ab0000,0x0000000055bb0000)]
  0x000000004b167800 JavaThread "Thread-45" [_thread_blocked, id=5448, stack(0x00000000559b0000,0x0000000055ab0000)]
  0x000000004b167000 JavaThread "Thread-42" [_thread_blocked, id=876, stack(0x00000000556b0000,0x00000000557b0000)]
  0x000000004b164000 JavaThread "Headspace mixer frame proc thread" daemon [_thread_blocked, id=1580, stack(0x0000000053ea0000,0x0000000053fa0000)]
  0x000000004f140000 JavaThread "Java Sound Event Dispatcher" daemon [_thread_blocked, id=4592, stack(0x0000000053ba0000,0x0000000053ca0000)]
  0x000000004f1d8800 JavaThread "Audio Player" daemon [_thread_blocked, id=4944, stack(0x0000000053230000,0x0000000053330000)]
  0x000000004f26c800 JavaThread "Thread-8" [_thread_in_Java, id=5836, stack(0x0000000051890000,0x0000000051990000)]
  0x000000004f03c800 JavaThread "AWT-EventQueue-1" [_thread_in_native, id=5876, stack(0x0000000050c00000,0x0000000050d00000)]
  0x000000004efdc800 JavaThread "TimerQueue" daemon [_thread_blocked, id=5704, stack(0x0000000050b00000,0x0000000050c00000)]
  0x000000000032b000 JavaThread "DestroyJavaVM" [_thread_blocked, id=4712, stack(0x0000000002370000,0x0000000002470000)]
  0x000000004efca000 JavaThread "D3D Screen Updater" daemon [_thread_blocked, id=1508, stack(0x00000000505e0000,0x00000000506e0000)]
  0x000000004b27f000 JavaThread "AWT-EventQueue-0" [_thread_blocked, id=4588, stack(0x000000004f4a0000,0x000000004f5a0000)]
  0x000000004b27d800 JavaThread "thread applet-Main.class" [_thread_blocked, id=5560, stack(0x000000004f3a0000,0x000000004f4a0000)]
  0x000000004b20b000 JavaThread "AWT-Windows" daemon [_thread_in_native, id=364, stack(0x000000004ca60000,0x000000004cb60000)]
  0x000000004b208000 JavaThread "AWT-Shutdown" [_thread_blocked, id=1060, stack(0x000000004c960000,0x000000004ca60000)]
  0x000000004b18c800 JavaThread "Java2D Disposer" daemon [_thread_blocked, id=5844, stack(0x000000004c860000,0x000000004c960000)]
  0x000000004b179000 JavaThread "Low Memory Detector" daemon [_thread_blocked, id=4392, stack(0x000000004c350000,0x000000004c450000)]
  0x000000004b163000 JavaThread "CompilerThread1" daemon [_thread_blocked, id=1120, stack(0x000000004c250000,0x000000004c350000)]
  0x000000004b14a000 JavaThread "CompilerThread0" daemon [_thread_blocked, id=5580, stack(0x000000004c150000,0x000000004c250000)]
  0x000000004b145800 JavaThread "Attach Listener" daemon [_thread_blocked, id=4300, stack(0x000000004c050000,0x000000004c150000)]
  0x000000004b144800 JavaThread "Signal Dispatcher" daemon [_thread_blocked, id=5348, stack(0x000000004bf50000,0x000000004c050000)]
  0x000000004b0f1000 JavaThread "Finalizer" daemon [_thread_blocked, id=2836, stack(0x000000004be50000,0x000000004bf50000)]
  0x000000004b0ea800 JavaThread "Reference Handler" daemon [_thread_blocked, id=3728, stack(0x000000004bd50000,0x000000004be50000)]

Other Threads:
  0x000000004b0e4000 VMThread [stack: 0x000000004bc50000,0x000000004bd50000] [id=4480]
  0x000000004b17a800 WatcherThread [stack: 0x000000004c450000,0x000000004c550000] [id=6124]

VM state:not at safepoint (normal execution)

VM Mutex/Monitor currently owned by a thread: None

Heap
 PSYoungGen      total 19776K, used 4856K [0x0000000035130000, 0x0000000036880000, 0x000000004a530000)
  eden space 19648K, 24% used [0x0000000035130000,0x00000000355ce0b0,0x0000000036460000)
  from space 128K, 100% used [0x00000000364e0000,0x0000000036500000,0x0000000036500000)
  to   space 2112K, 0% used [0x0000000036670000,0x0000000036670000,0x0000000036880000)
 PSOldGen        total 43520K, used 25773K [0x000000000a930000, 0x000000000d3b0000, 0x0000000035130000)
  object space 43520K, 59% used [0x000000000a930000,0x000000000c25b5f0,0x000000000d3b0000)
 PSPermGen       total 21248K, used 12181K [0x0000000005530000, 0x00000000069f0000, 0x000000000a930000)
  object space 21248K, 57% used [0x0000000005530000,0x0000000006115620,0x00000000069f0000)

Dynamic libraries:
0x0000000000400000 - 0x000000000042e000 	C:\Program Files\Java\jre6\bin\javaw.exe
0x00000000774d0000 - 0x000000007767c000 	C:\Windows\SYSTEM32\ntdll.dll
0x00000000773b0000 - 0x00000000774cf000 	C:\Windows\system32\kernel32.dll
0x000007fefd580000 - 0x000007fefd5eb000 	C:\Windows\system32\KERNELBASE.dll
0x000007fefe030000 - 0x000007fefe10b000 	C:\Windows\system32\ADVAPI32.dll
0x000007feff6a0000 - 0x000007feff73f000 	C:\Windows\system32\msvcrt.dll
0x000007feff7c0000 - 0x000007feff7df000 	C:\Windows\SYSTEM32\sechost.dll
0x000007fefe240000 - 0x000007fefe36e000 	C:\Windows\system32\RPCRT4.dll
0x00000000772b0000 - 0x00000000773aa000 	C:\Windows\system32\USER32.dll
0x000007fefdac0000 - 0x000007fefdb27000 	C:\Windows\system32\GDI32.dll
0x000007fefdfd0000 - 0x000007fefdfde000 	C:\Windows\system32\LPK.dll
0x000007feff180000 - 0x000007feff24a000 	C:\Windows\system32\USP10.dll
0x000007fefe3c0000 - 0x000007fefe3ee000 	C:\Windows\system32\IMM32.DLL
0x000007fefdec0000 - 0x000007fefdfc9000 	C:\Windows\system32\MSCTF.dll
0x000000006d7f0000 - 0x000000006de95000 	C:\Program Files\Java\jre6\bin\server\jvm.dll
0x000007fefb4f0000 - 0x000007fefb52b000 	C:\Windows\system32\WINMM.dll
0x000000006d760000 - 0x000000006d76e000 	C:\Program Files\Java\jre6\bin\verify.dll
0x000000006d3b0000 - 0x000000006d3d7000 	C:\Program Files\Java\jre6\bin\java.dll
0x000000006d310000 - 0x000000006d31a000 	C:\Program Files\Java\jre6\bin\hpi.dll
0x0000000077690000 - 0x0000000077697000 	C:\Windows\system32\PSAPI.DLL
0x000000006d7b0000 - 0x000000006d7c2000 	C:\Program Files\Java\jre6\bin\zip.dll
0x000000006d000000 - 0x000000006d1c3000 	C:\Program Files\Java\jre6\bin\awt.dll
0x000007fefb160000 - 0x000007fefb1d0000 	C:\Windows\system32\WINSPOOL.DRV
0x000007fefdb30000 - 0x000007fefdd32000 	C:\Windows\system32\ole32.dll
0x000007fefe3f0000 - 0x000007feff176000 	C:\Windows\system32\SHELL32.dll
0x000007fefe1b0000 - 0x000007fefe221000 	C:\Windows\system32\SHLWAPI.dll
0x000007fefbef0000 - 0x000007fefc0e4000 	C:\Windows\WinSxS\amd64_microsoft.windows.common-controls_6595b64144ccf1df_6.0.7600.16661_none_fa62ad231704eab7\COMCTL32.dll
0x000007fefb800000 - 0x000007fefb818000 	C:\Windows\system32\DWMAPI.DLL
0x000007fefbd10000 - 0x000007fefbd66000 	C:\Windows\system32\uxtheme.dll
0x000000006d2a0000 - 0x000000006d30b000 	C:\Program Files\Java\jre6\bin\fontmanager.dll
0x000007fefd360000 - 0x000007fefd36f000 	C:\Windows\system32\CRYPTBASE.dll
0x000007fee8210000 - 0x000007fee840f000 	C:\Windows\system32\d3d9.dll
0x000007fefc580000 - 0x000007fefc58c000 	C:\Windows\system32\VERSION.dll
0x000007fefb350000 - 0x000007fefb357000 	C:\Windows\system32\d3d8thk.dll
0x000007fee56c0000 - 0x000007fee62b6000 	C:\Windows\system32\nvd3dumx.dll
0x000007fefba10000 - 0x000007fefba3c000 	C:\Windows\system32\powrprof.dll
0x000007fefd800000 - 0x000007fefd9d7000 	C:\Windows\system32\SETUPAPI.dll
0x000007fefd610000 - 0x000007fefd646000 	C:\Windows\system32\CFGMGR32.dll
0x000007fefd9e0000 - 0x000007fefdab7000 	C:\Windows\system32\OLEAUT32.dll
0x000007fefd5f0000 - 0x000007fefd60a000 	C:\Windows\system32\DEVOBJ.dll
0x000000004c550000 - 0x000000004c5b5000 	C:\Program Files\WIDCOMM\Bluetooth Software\btmmhook.dll
0x000000006d600000 - 0x000000006d617000 	C:\Program Files\Java\jre6\bin\net.dll
0x000007fefdfe0000 - 0x000007fefe02d000 	C:\Windows\system32\WS2_32.dll
0x000007fefe230000 - 0x000007fefe238000 	C:\Windows\system32\NSI.dll
0x000007fefcca0000 - 0x000007fefccf4000 	C:\Windows\system32\mswsock.dll
0x000007fefcc90000 - 0x000007fefcc97000 	C:\Windows\System32\wship6.dll
0x000000006d620000 - 0x000000006d62b000 	C:\Program Files\Java\jre6\bin\nio.dll
0x000007fefe110000 - 0x000007fefe1a9000 	C:\Windows\system32\CLBCatQ.DLL
0x000007fefd040000 - 0x000007fefd057000 	C:\Windows\system32\CRYPTSP.dll
0x000007fefca00000 - 0x000007fefca47000 	C:\Windows\system32\rsaenh.dll
0x000007fefc770000 - 0x000007fefc78e000 	C:\Windows\system32\USERENV.dll
0x000007fefd430000 - 0x000007fefd43f000 	C:\Windows\system32\profapi.dll
0x000007fefb750000 - 0x000007fefb765000 	C:\Windows\system32\NLAapi.dll
0x000007fefcb20000 - 0x000007fefcb7b000 	C:\Windows\system32\DNSAPI.dll
0x000007fef5f40000 - 0x000007fef5f4b000 	C:\Windows\System32\winrnr.dll
0x000007fef5f20000 - 0x000007fef5f35000 	C:\Windows\system32\napinsp.dll
0x000007fef6980000 - 0x000007fef6999000 	C:\Windows\system32\pnrpnsp.dll
0x000007fef5f80000 - 0x000007fef5f90000 	C:\Windows\system32\wshbth.dll
0x000007fefc650000 - 0x000007fefc657000 	C:\Windows\System32\wshtcpip.dll
0x000007fefab80000 - 0x000007fefaba7000 	C:\Windows\system32\IPHLPAPI.DLL
0x000007fefab70000 - 0x000007fefab7b000 	C:\Windows\system32\WINNSI.DLL
0x000007fef8aa0000 - 0x000007fef8aa8000 	C:\Windows\system32\rasadhlp.dll
0x000007fefa8f0000 - 0x000007fefa943000 	C:\Windows\System32\fwpuclnt.dll
0x000000006d510000 - 0x000000006d53e000 	C:\Program Files\Java\jre6\bin\jsound.dll
0x000007fefb8c0000 - 0x000007fefb90b000 	C:\Windows\system32\MMDevAPI.DLL
0x000007fefbd70000 - 0x000007fefbe9c000 	C:\Windows\system32\PROPSYS.dll
0x000007fefb470000 - 0x000007fefb4ab000 	C:\Windows\system32\wdmaud.drv
0x00000000751f0000 - 0x00000000751f6000 	C:\Windows\system32\ksuser.dll
0x000007fefb8b0000 - 0x000007fefb8b9000 	C:\Windows\system32\AVRT.dll
0x000007fefb400000 - 0x000007fefb44f000 	C:\Windows\system32\AUDIOSES.DLL
0x000007fefb740000 - 0x000007fefb74a000 	C:\Windows\system32\msacm32.drv
0x000007fefb3e0000 - 0x000007fefb3f8000 	C:\Windows\system32\MSACM32.dll
0x000007fefb3d0000 - 0x000007fefb3d9000 	C:\Windows\system32\midimap.dll
0x0000000180000000 - 0x00000001800bc000 	C:\Program Files (x86)\RelevantKnowledge\rlls64.dll
0x000007fef1b20000 - 0x000007fef1b74000 	C:\Windows\system32\OLEACC.dll
0x000007feff550000 - 0x000007feff67c000 	C:\Windows\system32\WININET.dll
0x000007fefdd40000 - 0x000007fefdeba000 	C:\Windows\system32\urlmon.dll
0x000007fefd690000 - 0x000007fefd7f6000 	C:\Windows\system32\CRYPT32.dll
0x000007fefd4d0000 - 0x000007fefd4df000 	C:\Windows\system32\MSASN1.dll
0x000007feff250000 - 0x000007feff4a9000 	C:\Windows\system32\iertutil.dll
0x000007fefb770000 - 0x000007fefb79d000 	C:\Windows\system32\ntmarta.dll
0x000007fefe370000 - 0x000007fefe3c0000 	C:\Windows\system32\WLDAP32.dll
0x000007fefca90000 - 0x000007fefcae7000 	C:\Windows\system32\Schannel.dll
0x000007fefd2d0000 - 0x000007fefd2f5000 	C:\Windows\system32\SspiCli.dll

VM Arguments:
jvm_args: -Djava.security.policy=java.policy.applet -Dfile.encoding=Cp1252 
java_command: sun.applet.AppletViewer Main1303590807381.html
Launcher Type: SUN_STANDARD

Environment Variables:
PATH=C:\Windows\system32;C:\Windows;C:\Windows\System32\Wbem;C:\Windows\System32\WindowsPowerShell\v1.0\;C:\Program Files\WIDCOMM\Bluetooth Software\;C:\Program Files\WIDCOMM\Bluetooth Software\syswow64;\;C:\Program Files (x86)\Sony\VAIO Startup Setting Tool
USERNAME=DOUG
OS=Windows_NT
PROCESSOR_IDENTIFIER=Intel64 Family 6 Model 30 Stepping 5, GenuineIntel



---------------  S Y S T E M  ---------------

OS: Windows 7 Build 7600 

CPU:total 8 (8 cores per cpu, 2 threads per core) family 6 model 30 stepping 5, cmov, cx8, fxsr, mmx, sse, sse2, sse3, ssse3, sse4.1, sse4.2, popcnt, ht

Memory: 4k page, physical 4174776k(1880356k free), swap 8347656k(5665796k free)

vm_info: Java HotSpot(TM) 64-Bit Server VM (16.3-b01) for windows-amd64 JRE (1.6.0_20-b02), built on Apr 12 2010 13:44:19 by "java_re" with MS VC++ 8.0 (VS2005)

time: Sat Apr 23 17:33:37 2011
elapsed time: 9 seconds

