#
# A fatal error has been detected by the Java Runtime Environment:
#
#  EXCEPTION_ACCESS_VIOLATION (0xc0000005) at pc=0x0000000000000000, pid=6184, tid=7160
#
# JRE version: 6.0_20-b02
# Java VM: Java HotSpot(TM) 64-Bit Server VM (16.3-b01 mixed mode windows-amd64 )
# Problematic frame:
# C  0x0000000000000000
#
# If you would like to submit a bug report, please visit:
#   http://java.sun.com/webapps/bugreport/crash.jsp
# The crash happened outside the Java Virtual Machine in native code.
# See problematic frame for where to report the bug.
#

---------------  T H R E A D  ---------------

Current thread (0x000000004b336800):  JavaThread "Thread-161" [_thread_in_native, id=7160, stack(0x0000000055270000,0x0000000055370000)]

siginfo: ExceptionCode=0xc0000005, ExceptionInformation=0x0000000000000008 0x0000000000000000

Registers:
EAX=0x0000000000000000, EBX=0x0000000051ac7710, ECX=0x000000004b3369b8, EDX=0x0000000000000002
ESP=0x000000005536f398, EBP=0x000000005536f580, ESI=0x000000004b3369b8, EDI=0x000000004b3369b8
EIP=0x0000000000000000, EFLAGS=0x0000000000010246

Top of Stack: (sp=0x000000005536f398)
0x000000005536f398:   000000006d515842 000000005536f440
0x000000005536f3a8:   0000000000000000 0000000051332040
0x000000005536f3b8:   000000006d51200d 0000000051ac7710
0x000000005536f3c8:   000000005172c628 0000000051ac7880
0x000000005536f3d8:   5622000000007d08 000000004b450110
0x000000005536f3e8:   000000000bd69378 000000006da0bc89
0x000000005536f3f8:   000000006d511ed0 0000000000000000
0x000000005536f408:   000000006d511ed0 0000000051ac7710
0x000000005536f418:   000000006d516055 0000000000000000
0x000000005536f428:   0000000000000000 0000000000000000
0x000000005536f438:   0000000000000000 0000000051ac7710
0x000000005536f448:   000000005172c628 0000000051acb70c
0x000000005536f458:   5622000000000000 000000004b450110
0x000000005536f468:   000000000bd69378 000000006da0bc89
0x000000005536f478:   000000006d52b25b 0000000000000f83
0x000000005536f488:   0000000006112010 000000004b336800 

Instructions: (pc=0x0000000000000000)
0xfffffffffffffff0:   


Stack: [0x0000000055270000,0x0000000055370000],  sp=0x000000005536f398,  free space=3fc0000000000000000k
Java frames: (J=compiled Java code, j=interpreted, Vv=VM code)
j  com.sun.media.sound.MixerSourceLine.nDrain(J)V+0
j  com.sun.media.sound.MixerSourceLine.drain()V+26
j  com.sun.media.sound.DataPusher.run()V+210
j  java.lang.Thread.run()V+11
v  ~StubRoutines::call_stub

---------------  P R O C E S S  ---------------

Java Threads: ( => current thread )
  0x000000004b33f000 JavaThread "Thread-163" [_thread_in_native, id=6048, stack(0x0000000055b70000,0x0000000055c70000)]
=>0x000000004b336800 JavaThread "Thread-161" [_thread_in_native, id=7160, stack(0x0000000055270000,0x0000000055370000)]
  0x000000004b337000 JavaThread "Thread-159" [_thread_in_native, id=516, stack(0x0000000055170000,0x0000000055270000)]
  0x000000004b338000 JavaThread "Thread-157" [_thread_blocked, id=3084, stack(0x0000000055070000,0x0000000055170000)]
  0x000000004b338800 JavaThread "Thread-155" [_thread_blocked, id=6924, stack(0x0000000054f70000,0x0000000055070000)]
  0x000000004b335800 JavaThread "Thread-132" [_thread_blocked, id=1780, stack(0x0000000054e70000,0x0000000054f70000)]
  0x000000004b33e800 JavaThread "Thread-130" [_thread_blocked, id=3316, stack(0x0000000055a70000,0x0000000055b70000)]
  0x000000004b33d800 JavaThread "Thread-128" [_thread_blocked, id=6772, stack(0x0000000055970000,0x0000000055a70000)]
  0x000000004b335000 JavaThread "Thread-126" [_thread_blocked, id=4652, stack(0x0000000054d70000,0x0000000054e70000)]
  0x000000004b334000 JavaThread "Thread-124" [_thread_blocked, id=5508, stack(0x000000004fa30000,0x000000004fb30000)]
  0x000000004b33d000 JavaThread "Thread-107" [_thread_blocked, id=6892, stack(0x0000000055870000,0x0000000055970000)]
  0x000000004b33c000 JavaThread "Thread-105" [_thread_blocked, id=6160, stack(0x0000000055770000,0x0000000055870000)]
  0x000000004b33b800 JavaThread "Thread-103" [_thread_blocked, id=5712, stack(0x0000000055670000,0x0000000055770000)]
  0x000000004b33a800 JavaThread "Thread-101" [_thread_blocked, id=6660, stack(0x0000000055570000,0x0000000055670000)]
  0x000000004b33a000 JavaThread "Thread-99" [_thread_blocked, id=2688, stack(0x0000000055470000,0x0000000055570000)]
  0x000000004b333800 JavaThread "Headspace mixer frame proc thread" daemon [_thread_blocked, id=4464, stack(0x000000004f930000,0x000000004fa30000)]
  0x000000005127b000 JavaThread "Java Sound Event Dispatcher" daemon [_thread_blocked, id=2896, stack(0x0000000054b70000,0x0000000054c70000)]
  0x000000005161f800 JavaThread "Audio Player" daemon [_thread_blocked, id=3612, stack(0x0000000054200000,0x0000000054300000)]
  0x000000004f1b5800 JavaThread "Thread-8" [_thread_in_native, id=7112, stack(0x0000000051060000,0x0000000051160000)]
  0x000000004f145800 JavaThread "AWT-EventQueue-1" [_thread_blocked, id=1220, stack(0x0000000050de0000,0x0000000050ee0000)]
  0x000000004f148800 JavaThread "TimerQueue" daemon [_thread_blocked, id=1716, stack(0x0000000050ce0000,0x0000000050de0000)]
  0x000000004f13f000 JavaThread "D3D Screen Updater" daemon [_thread_blocked, id=2516, stack(0x00000000509d0000,0x0000000050ad0000)]
  0x00000000005ab000 JavaThread "DestroyJavaVM" [_thread_blocked, id=6852, stack(0x00000000023b0000,0x00000000024b0000)]
  0x000000004b48e000 JavaThread "AWT-EventQueue-0" [_thread_blocked, id=3740, stack(0x000000004f610000,0x000000004f710000)]
  0x000000004b48c800 JavaThread "thread applet-Main.class" [_thread_blocked, id=6288, stack(0x000000004f510000,0x000000004f610000)]
  0x000000004b3df000 JavaThread "AWT-Windows" daemon [_thread_in_native, id=6408, stack(0x000000004cb50000,0x000000004cc50000)]
  0x000000004b3dc000 JavaThread "AWT-Shutdown" [_thread_blocked, id=6872, stack(0x000000004ca50000,0x000000004cb50000)]
  0x000000004b425000 JavaThread "Java2D Disposer" daemon [_thread_blocked, id=6592, stack(0x000000004c950000,0x000000004ca50000)]
  0x000000004b348800 JavaThread "Low Memory Detector" daemon [_thread_blocked, id=6356, stack(0x000000004c410000,0x000000004c510000)]
  0x000000004b332800 JavaThread "CompilerThread1" daemon [_thread_blocked, id=4368, stack(0x000000004c310000,0x000000004c410000)]
  0x000000004b31c000 JavaThread "CompilerThread0" daemon [_thread_blocked, id=4600, stack(0x000000004c210000,0x000000004c310000)]
  0x000000004b31a000 JavaThread "Attach Listener" daemon [_thread_blocked, id=6224, stack(0x000000004c110000,0x000000004c210000)]
  0x000000004b319000 JavaThread "Signal Dispatcher" daemon [_thread_blocked, id=1656, stack(0x000000004c010000,0x000000004c110000)]
  0x000000004b2c5800 JavaThread "Finalizer" daemon [_thread_blocked, id=5636, stack(0x000000004bf10000,0x000000004c010000)]
  0x000000004b2bf800 JavaThread "Reference Handler" daemon [_thread_blocked, id=2972, stack(0x000000004be10000,0x000000004bf10000)]

Other Threads:
  0x000000004b2ba000 VMThread [stack: 0x000000004bd10000,0x000000004be10000] [id=6948]
  0x000000004b34a000 WatcherThread [stack: 0x000000004c510000,0x000000004c610000] [id=6612]

VM state:not at safepoint (normal execution)

VM Mutex/Monitor currently owned by a thread: None

Heap
 PSYoungGen      total 31680K, used 27675K [0x0000000035170000, 0x0000000037350000, 0x000000004a570000)
  eden space 31488K, 87% used [0x0000000035170000,0x0000000036c4ec30,0x0000000037030000)
  from space 192K, 83% used [0x0000000037320000,0x0000000037348030,0x0000000037350000)
  to   space 256K, 0% used [0x00000000372d0000,0x00000000372d0000,0x0000000037310000)
 PSOldGen        total 43520K, used 24203K [0x000000000a970000, 0x000000000d3f0000, 0x0000000035170000)
  object space 43520K, 55% used [0x000000000a970000,0x000000000c112f30,0x000000000d3f0000)
 PSPermGen       total 21248K, used 12156K [0x0000000005570000, 0x0000000006a30000, 0x000000000a970000)
  object space 21248K, 57% used [0x0000000005570000,0x000000000614f388,0x0000000006a30000)

Dynamic libraries:
0x0000000000400000 - 0x000000000042e000 	C:\Program Files\Java\jre6\bin\javaw.exe
0x0000000076e70000 - 0x000000007701c000 	C:\Windows\SYSTEM32\ntdll.dll
0x0000000076d50000 - 0x0000000076e6f000 	C:\Windows\system32\kernel32.dll
0x000007fefd0f0000 - 0x000007fefd15b000 	C:\Windows\system32\KERNELBASE.dll
0x000007fefea90000 - 0x000007fefeb6b000 	C:\Windows\system32\ADVAPI32.dll
0x000007fefd1a0000 - 0x000007fefd23f000 	C:\Windows\system32\msvcrt.dll
0x000007fefe530000 - 0x000007fefe54f000 	C:\Windows\SYSTEM32\sechost.dll
0x000007fefd4c0000 - 0x000007fefd5ee000 	C:\Windows\system32\RPCRT4.dll
0x0000000076c50000 - 0x0000000076d4a000 	C:\Windows\system32\USER32.dll
0x000007fefeeb0000 - 0x000007fefef17000 	C:\Windows\system32\GDI32.dll
0x000007fefedd0000 - 0x000007fefedde000 	C:\Windows\system32\LPK.dll
0x000007fefede0000 - 0x000007fefeeaa000 	C:\Windows\system32\USP10.dll
0x000007fefe8e0000 - 0x000007fefe90e000 	C:\Windows\system32\IMM32.DLL
0x000007fefd690000 - 0x000007fefd799000 	C:\Windows\system32\MSCTF.dll
0x000000006d7f0000 - 0x000000006de95000 	C:\Program Files\Java\jre6\bin\server\jvm.dll
0x000007fefaf10000 - 0x000007fefaf4b000 	C:\Windows\system32\WINMM.dll
0x000000006d760000 - 0x000000006d76e000 	C:\Program Files\Java\jre6\bin\verify.dll
0x000000006d3b0000 - 0x000000006d3d7000 	C:\Program Files\Java\jre6\bin\java.dll
0x000000006d310000 - 0x000000006d31a000 	C:\Program Files\Java\jre6\bin\hpi.dll
0x0000000077030000 - 0x0000000077037000 	C:\Windows\system32\PSAPI.DLL
0x000000006d7b0000 - 0x000000006d7c2000 	C:\Program Files\Java\jre6\bin\zip.dll
0x000000006d000000 - 0x000000006d1c3000 	C:\Program Files\Java\jre6\bin\awt.dll
0x000007fefa890000 - 0x000007fefa900000 	C:\Windows\system32\WINSPOOL.DRV
0x000007fefeb70000 - 0x000007fefed72000 	C:\Windows\system32\ole32.dll
0x000007fefd7a0000 - 0x000007fefe526000 	C:\Windows\system32\SHELL32.dll
0x000007fefd610000 - 0x000007fefd681000 	C:\Windows\system32\SHLWAPI.dll
0x000007fefb320000 - 0x000007fefb514000 	C:\Windows\WinSxS\amd64_microsoft.windows.common-controls_6595b64144ccf1df_6.0.7600.16661_none_fa62ad231704eab7\COMCTL32.dll
0x000007fefad50000 - 0x000007fefad68000 	C:\Windows\system32\DWMAPI.DLL
0x000007fefb270000 - 0x000007fefb2c6000 	C:\Windows\system32\uxtheme.dll
0x000000006d2a0000 - 0x000000006d30b000 	C:\Program Files\Java\jre6\bin\fontmanager.dll
0x000007fefcd00000 - 0x000007fefcd0f000 	C:\Windows\system32\CRYPTBASE.dll
0x000007fee9920000 - 0x000007fee9b1f000 	C:\Windows\system32\d3d9.dll
0x000007fefbf20000 - 0x000007fefbf2c000 	C:\Windows\system32\VERSION.dll
0x000007fefbab0000 - 0x000007fefbab7000 	C:\Windows\system32\d3d8thk.dll
0x000007fee8d20000 - 0x000007fee9916000 	C:\Windows\system32\nvd3dumx.dll
0x000007fefbca0000 - 0x000007fefbccc000 	C:\Windows\system32\powrprof.dll
0x000007fefe5d0000 - 0x000007fefe7a7000 	C:\Windows\system32\SETUPAPI.dll
0x000007fefd160000 - 0x000007fefd196000 	C:\Windows\system32\CFGMGR32.dll
0x000007fefe800000 - 0x000007fefe8d7000 	C:\Windows\system32\OLEAUT32.dll
0x000007fefd0d0000 - 0x000007fefd0ea000 	C:\Windows\system32\DEVOBJ.dll
0x0000000000530000 - 0x0000000000595000 	C:\Program Files\WIDCOMM\Bluetooth Software\btmmhook.dll
0x000000006d600000 - 0x000000006d617000 	C:\Program Files\Java\jre6\bin\net.dll
0x000007fefed80000 - 0x000007fefedcd000 	C:\Windows\system32\WS2_32.dll
0x000007fefd4b0000 - 0x000007fefd4b8000 	C:\Windows\system32\NSI.dll
0x000007fefc640000 - 0x000007fefc694000 	C:\Windows\system32\mswsock.dll
0x000007fefc630000 - 0x000007fefc637000 	C:\Windows\System32\wship6.dll
0x000000006d620000 - 0x000000006d62b000 	C:\Program Files\Java\jre6\bin\nio.dll
0x000007fefd240000 - 0x000007fefd2d9000 	C:\Windows\system32\CLBCatQ.DLL
0x000007fefc6a0000 - 0x000007fefc6b7000 	C:\Windows\system32\CRYPTSP.dll
0x000007fefc3a0000 - 0x000007fefc3e7000 	C:\Windows\system32\rsaenh.dll
0x000007fefc120000 - 0x000007fefc13e000 	C:\Windows\system32\USERENV.dll
0x000007fefcdd0000 - 0x000007fefcddf000 	C:\Windows\system32\profapi.dll
0x000007fefb990000 - 0x000007fefb9a5000 	C:\Windows\system32\NLAapi.dll
0x000007fefc4c0000 - 0x000007fefc51b000 	C:\Windows\system32\DNSAPI.dll
0x000007fef8580000 - 0x000007fef858b000 	C:\Windows\System32\winrnr.dll
0x000007fef8560000 - 0x000007fef8575000 	C:\Windows\system32\napinsp.dll
0x000007fef8540000 - 0x000007fef8559000 	C:\Windows\system32\pnrpnsp.dll
0x000007fef8530000 - 0x000007fef8540000 	C:\Windows\system32\wshbth.dll
0x000007fefbff0000 - 0x000007fefbff7000 	C:\Windows\System32\wshtcpip.dll
0x000007fefadf0000 - 0x000007fefae17000 	C:\Windows\system32\IPHLPAPI.DLL
0x000007fefade0000 - 0x000007fefadeb000 	C:\Windows\system32\WINNSI.DLL
0x000007fef8660000 - 0x000007fef8668000 	C:\Windows\system32\rasadhlp.dll
0x000007fefaa00000 - 0x000007fefaa53000 	C:\Windows\System32\fwpuclnt.dll
0x000000006d510000 - 0x000000006d53e000 	C:\Program Files\Java\jre6\bin\jsound.dll
0x000007fefbc50000 - 0x000007fefbc9b000 	C:\Windows\system32\MMDevAPI.DLL
0x000007fefbae0000 - 0x000007fefbc0c000 	C:\Windows\system32\PROPSYS.dll
0x000007fefaed0000 - 0x000007fefaf0b000 	C:\Windows\system32\wdmaud.drv
0x0000000074b90000 - 0x0000000074b96000 	C:\Windows\system32\ksuser.dll
0x000007fefbad0000 - 0x000007fefbad9000 	C:\Windows\system32\AVRT.dll
0x000007fefac80000 - 0x000007fefaccf000 	C:\Windows\system32\AUDIOSES.DLL
0x000007fefac70000 - 0x000007fefac7a000 	C:\Windows\system32\msacm32.drv
0x000007fefac50000 - 0x000007fefac68000 	C:\Windows\system32\MSACM32.dll
0x000007fefac40000 - 0x000007fefac49000 	C:\Windows\system32\midimap.dll

VM Arguments:
jvm_args: -Djava.security.policy=java.policy.applet -Dfile.encoding=Cp1252 
java_command: sun.applet.AppletViewer Main1303238155039.html
Launcher Type: SUN_STANDARD

Environment Variables:
PATH=C:\Windows\system32;C:\Windows;C:\Windows\System32\Wbem;C:\Windows\System32\WindowsPowerShell\v1.0\;C:\Program Files\WIDCOMM\Bluetooth Software\;C:\Program Files\WIDCOMM\Bluetooth Software\syswow64;\;C:\Program Files (x86)\Sony\VAIO Startup Setting Tool
USERNAME=DOUG
OS=Windows_NT
PROCESSOR_IDENTIFIER=Intel64 Family 6 Model 30 Stepping 5, GenuineIntel



---------------  S Y S T E M  ---------------

OS: Windows 7 Build 7600 

CPU:total 8 (8 cores per cpu, 2 threads per core) family 6 model 30 stepping 5, cmov, cx8, fxsr, mmx, sse, sse2, sse3, ssse3, sse4.1, sse4.2, popcnt, ht

Memory: 4k page, physical 4174776k(1861700k free), swap 8347656k(5565696k free)

vm_info: Java HotSpot(TM) 64-Bit Server VM (16.3-b01) for windows-amd64 JRE (1.6.0_20-b02), built on Apr 12 2010 13:44:19 by "java_re" with MS VC++ 8.0 (VS2005)

time: Tue Apr 19 15:36:11 2011
elapsed time: 16 seconds

