#
# A fatal error has been detected by the Java Runtime Environment:
#
#  EXCEPTION_ACCESS_VIOLATION (0xc0000005) at pc=0x0000000000000000, pid=5928, tid=5164
#
# JRE version: 6.0_25-b06
# Java VM: Java HotSpot(TM) 64-Bit Server VM (20.0-b11 mixed mode windows-amd64 compressed oops)
# Problematic frame:
# C  0x0000000000000000
#
# If you would like to submit a bug report, please visit:
#   http://java.sun.com/webapps/bugreport/crash.jsp
# The crash happened outside the Java Virtual Machine in native code.
# See problematic frame for where to report the bug.
#

---------------  T H R E A D  ---------------

Current thread (0x00000000079c5000):  JavaThread "Thread-40" [_thread_in_native, id=5164, stack(0x00000000152a0000,0x00000000153a0000)]

siginfo: ExceptionCode=0xc0000005, ExceptionInformation=0x0000000000000008 0x0000000000000000

Registers:
RAX=0x0000000000000000, RBX=0x000000000cf584a0, RCX=0x00000000079c51d0, RDX=0x0000000000000002
RSP=0x000000001539f4a8, RBP=0x000000001539f690, RSI=0x00000000079c51d0, RDI=0x00000000079c51d0
R8 =0x000000001539f4d0, R9 =0x0000000000000000, R10=0xac44000000003ff5, R11=0x00000000076f8b88
R12=0x000000000cf58610, R13=0x0000000000000000, R14=0x000000001539f6c0, R15=0x00000000079c5000
RIP=0x0000000000000000, EFLAGS=0x0000000000010246

Top of Stack: (sp=0x000000001539f4a8)
0x000000001539f4a8:   000000006d51583e 000000001539f550
0x000000001539f4b8:   0000000000000000 000000000c7a5850
0x000000001539f4c8:   000000006d51200d 000000000cf584a0
0x000000001539f4d8:   00000000076f8b88 000000000cfb35b0
0x000000001539f4e8:   ac4400000001ffc8 00000000076c0210
0x000000001539f4f8:   000000000bedf028 000000006d90a43b
0x000000001539f508:   000000006d511ed0 0000000000000000
0x000000001539f518:   000000006d511ed0 000000000cf584a0
0x000000001539f528:   000000006d516051 0000000000000000
0x000000001539f538:   0000000000000000 0000000000000000
0x000000001539f548:   0000000000000000 000000000cf584a0
0x000000001539f558:   00000000076f8b88 000000000cfc35a4
0x000000001539f568:   ac44000000003ff5 00000000076c0210
0x000000001539f578:   000000000bedf028 000000006d90a43b
0x000000001539f588:   000000006d52b3af 0000000000000f83
0x000000001539f598:   00000000bbde1c98 0000000000000000 

Instructions: (pc=0x0000000000000000)
0xffffffffffffffe0:   


Register to memory mapping:

RAX=0x0000000000000000 is an unknown value
RBX=0x000000000cf584a0 is an unknown value
RCX=0x00000000079c51d0 is an unknown value
RDX=0x0000000000000002 is an unknown value
RSP=0x000000001539f4a8 is pointing into the stack for thread: 0x00000000079c5000
RBP=0x000000001539f690 is pointing into the stack for thread: 0x00000000079c5000
RSI=0x00000000079c51d0 is an unknown value
RDI=0x00000000079c51d0 is an unknown value
R8 =0x000000001539f4d0 is pointing into the stack for thread: 0x00000000079c5000
R9 =0x0000000000000000 is an unknown value
R10=0xac44000000003ff5 is an unknown value
R11=0x00000000076f8b88 is a global jni handle
R12=0x000000000cf58610 is an unknown value
R13=0x0000000000000000 is an unknown value
R14=0x000000001539f6c0 is pointing into the stack for thread: 0x00000000079c5000
R15=0x00000000079c5000 is a thread


Stack: [0x00000000152a0000,0x00000000153a0000],  sp=0x000000001539f4a8,  free space=1021k
Java frames: (J=compiled Java code, j=interpreted, Vv=VM code)
j  com.sun.media.sound.MixerSourceLine.nDrain(J)V+0
j  com.sun.media.sound.MixerSourceLine.drain()V+26
j  com.sun.media.sound.DataPusher.run()V+210
j  java.lang.Thread.run()V+11
v  ~StubRoutines::call_stub

---------------  P R O C E S S  ---------------

Java Threads: ( => current thread )
  0x0000000006201800 JavaThread "Thread-42" [_thread_blocked, id=7032, stack(0x0000000010870000,0x0000000010970000)]
  0x00000000079c6000 JavaThread "Thread-41" [_thread_in_native, id=2748, stack(0x00000000153a0000,0x00000000154a0000)]
=>0x00000000079c5000 JavaThread "Thread-40" [_thread_in_native, id=5164, stack(0x00000000152a0000,0x00000000153a0000)]
  0x00000000079c4800 JavaThread "Thread-39" [_thread_blocked, id=6996, stack(0x0000000014f10000,0x0000000015010000)]
  0x00000000079c4000 JavaThread "Thread-38" [_thread_blocked, id=5620, stack(0x00000000151a0000,0x00000000152a0000)]
  0x00000000079c3000 JavaThread "Thread-37" [_thread_blocked, id=7064, stack(0x00000000150a0000,0x00000000151a0000)]
  0x00000000079c2800 JavaThread "Thread-36" [_thread_blocked, id=7116, stack(0x0000000013e40000,0x0000000013f40000)]
  0x00000000079c1800 JavaThread "Thread-35" [_thread_blocked, id=2156, stack(0x0000000013d40000,0x0000000013e40000)]
  0x00000000079c1000 JavaThread "Thread-34" [_thread_blocked, id=2632, stack(0x0000000012c70000,0x0000000012d70000)]
  0x00000000079c0000 JavaThread "Thread-33" [_thread_blocked, id=1744, stack(0x0000000012b70000,0x0000000012c70000)]
  0x00000000079bf800 JavaThread "Thread-32" [_thread_blocked, id=3284, stack(0x0000000012a70000,0x0000000012b70000)]
  0x00000000079be800 JavaThread "Thread-31" [_thread_blocked, id=6956, stack(0x0000000012970000,0x0000000012a70000)]
  0x00000000079be000 JavaThread "Thread-30" [_thread_blocked, id=6780, stack(0x0000000012870000,0x0000000012970000)]
  0x000000000620f800 JavaThread "Thread-29" [_thread_blocked, id=6016, stack(0x0000000012770000,0x0000000012870000)]
  0x000000000620e800 JavaThread "Thread-28" [_thread_blocked, id=7076, stack(0x0000000012670000,0x0000000012770000)]
  0x000000000620e000 JavaThread "Thread-27" [_thread_blocked, id=3556, stack(0x0000000012570000,0x0000000012670000)]
  0x000000000620d000 JavaThread "Thread-26" [_thread_blocked, id=3532, stack(0x0000000012470000,0x0000000012570000)]
  0x000000000620c800 JavaThread "Thread-25" [_thread_blocked, id=6820, stack(0x0000000012370000,0x0000000012470000)]
  0x000000000620c000 JavaThread "Thread-24" [_thread_blocked, id=6496, stack(0x0000000012270000,0x0000000012370000)]
  0x000000000620b000 JavaThread "Thread-23" [_thread_blocked, id=6792, stack(0x0000000012170000,0x0000000012270000)]
  0x000000000620a800 JavaThread "Thread-22" [_thread_blocked, id=1352, stack(0x0000000012070000,0x0000000012170000)]
  0x0000000006209800 JavaThread "Thread-21" [_thread_blocked, id=6456, stack(0x0000000011f70000,0x0000000012070000)]
  0x0000000006209000 JavaThread "Thread-20" [_thread_blocked, id=2580, stack(0x0000000011e70000,0x0000000011f70000)]
  0x0000000006208000 JavaThread "Thread-19" [_thread_blocked, id=2956, stack(0x0000000011d70000,0x0000000011e70000)]
  0x0000000006207800 JavaThread "Thread-18" [_thread_blocked, id=7136, stack(0x0000000011c70000,0x0000000011d70000)]
  0x0000000006206800 JavaThread "Thread-17" [_thread_blocked, id=2972, stack(0x0000000011b70000,0x0000000011c70000)]
  0x0000000006206000 JavaThread "Thread-16" [_thread_blocked, id=6940, stack(0x0000000011a70000,0x0000000011b70000)]
  0x0000000006205800 JavaThread "Thread-15" [_thread_blocked, id=2844, stack(0x0000000011970000,0x0000000011a70000)]
  0x0000000006204800 JavaThread "Thread-14" [_thread_blocked, id=6816, stack(0x0000000011870000,0x0000000011970000)]
  0x0000000006204000 JavaThread "Thread-13" [_thread_blocked, id=6452, stack(0x0000000011570000,0x0000000011670000)]
  0x0000000006203000 JavaThread "Thread-12" [_thread_blocked, id=6800, stack(0x0000000010c70000,0x0000000010d70000)]
  0x0000000006202800 JavaThread "Thread-11" [_thread_blocked, id=6244, stack(0x0000000010b70000,0x0000000010c70000)]
  0x0000000006201000 JavaThread "Headspace mixer frame proc thread" daemon [_thread_blocked, id=6620, stack(0x0000000010770000,0x0000000010870000)]
  0x0000000006200000 JavaThread "Java Sound Event Dispatcher" daemon [_thread_blocked, id=4624, stack(0x000000000e7b0000,0x000000000e8b0000)]
  0x000000000c370800 JavaThread "Audio Player" daemon [_thread_blocked, id=6136, stack(0x000000000a640000,0x000000000a740000)]
  0x0000000007703800 JavaThread "Thread-8" [_thread_in_native, id=5940, stack(0x000000000bde0000,0x000000000bee0000)]
  0x00000000076fd000 JavaThread "AWT-EventQueue-1" [_thread_blocked, id=4328, stack(0x000000000bce0000,0x000000000bde0000)]
  0x000000000770a800 JavaThread "D3D Screen Updater" daemon [_thread_blocked, id=1032, stack(0x000000000bbe0000,0x000000000bce0000)]
  0x00000000076fb000 JavaThread "TimerQueue" daemon [_thread_blocked, id=5760, stack(0x000000000bae0000,0x000000000bbe0000)]
  0x00000000005eb000 JavaThread "DestroyJavaVM" [_thread_blocked, id=5960, stack(0x00000000023e0000,0x00000000024e0000)]
  0x00000000076c5800 JavaThread "AWT-EventQueue-0" [_thread_blocked, id=6352, stack(0x000000000a540000,0x000000000a640000)]
  0x00000000076c0800 JavaThread "thread applet-Main.class" [_thread_blocked, id=3088, stack(0x000000000a440000,0x000000000a540000)]
  0x0000000006217000 JavaThread "AWT-Windows" daemon [_thread_in_native, id=4736, stack(0x0000000007e30000,0x0000000007f30000)]
  0x0000000006216800 JavaThread "AWT-Shutdown" [_thread_blocked, id=4604, stack(0x0000000007d30000,0x0000000007e30000)]
  0x0000000006213800 JavaThread "Java2D Disposer" daemon [_thread_blocked, id=6784, stack(0x0000000007c30000,0x0000000007d30000)]
  0x00000000061dd000 JavaThread "Low Memory Detector" daemon [_thread_blocked, id=280, stack(0x00000000073c0000,0x00000000074c0000)]
  0x00000000061c5000 JavaThread "C2 CompilerThread1" daemon [_thread_blocked, id=6528, stack(0x00000000072c0000,0x00000000073c0000)]
  0x00000000061c1000 JavaThread "C2 CompilerThread0" daemon [_thread_blocked, id=6752, stack(0x00000000071c0000,0x00000000072c0000)]
  0x00000000061b9800 JavaThread "Attach Listener" daemon [_thread_blocked, id=940, stack(0x00000000070c0000,0x00000000071c0000)]
  0x00000000061b8800 JavaThread "Signal Dispatcher" daemon [_thread_blocked, id=6168, stack(0x0000000006fc0000,0x00000000070c0000)]
  0x0000000006168000 JavaThread "Finalizer" daemon [_thread_blocked, id=6932, stack(0x0000000006ec0000,0x0000000006fc0000)]
  0x0000000006161800 JavaThread "Reference Handler" daemon [_thread_blocked, id=6596, stack(0x0000000006dc0000,0x0000000006ec0000)]

Other Threads:
  0x0000000006155800 VMThread [stack: 0x0000000006cc0000,0x0000000006dc0000] [id=904]
  0x00000000061ef000 WatcherThread [stack: 0x00000000074c0000,0x00000000075c0000] [id=7068]

VM state:not at safepoint (normal execution)

VM Mutex/Monitor currently owned by a thread: None

Heap
 PSYoungGen      total 7936K, used 6141K [0x00000000eac00000, 0x00000000eb4b0000, 0x0000000100000000)
  eden space 7232K, 81% used [0x00000000eac00000,0x00000000eb1bf678,0x00000000eb310000)
  from space 704K, 36% used [0x00000000eb400000,0x00000000eb440020,0x00000000eb4b0000)
  to   space 832K, 0% used [0x00000000eb310000,0x00000000eb310000,0x00000000eb3e0000)
 PSOldGen        total 43520K, used 21933K [0x00000000c0400000, 0x00000000c2e80000, 0x00000000eac00000)
  object space 43520K, 50% used [0x00000000c0400000,0x00000000c196b6f0,0x00000000c2e80000)
 PSPermGen       total 21248K, used 12339K [0x00000000bb200000, 0x00000000bc6c0000, 0x00000000c0400000)
  object space 21248K, 58% used [0x00000000bb200000,0x00000000bbe0ceb8,0x00000000bc6c0000)

Code Cache  [0x00000000024e0000, 0x0000000002750000, 0x00000000054e0000)
 total_blobs=853 nmethods=443 adapters=363 free_code_cache=48631872 largest_free_block=30144

Dynamic libraries:
0x0000000000400000 - 0x000000000042e000 	C:\Program Files\Java\jre6\bin\javaw.exe
0x00000000776d0000 - 0x000000007787c000 	C:\Windows\SYSTEM32\ntdll.dll
0x00000000775b0000 - 0x00000000776cf000 	C:\Windows\system32\kernel32.dll
0x000007fefd740000 - 0x000007fefd7ab000 	C:\Windows\system32\KERNELBASE.dll
0x000007fefdd70000 - 0x000007fefde4b000 	C:\Windows\system32\ADVAPI32.dll
0x000007fefdcd0000 - 0x000007fefdd6f000 	C:\Windows\system32\msvcrt.dll
0x000007fefda00000 - 0x000007fefda1f000 	C:\Windows\SYSTEM32\sechost.dll
0x000007feff660000 - 0x000007feff78e000 	C:\Windows\system32\RPCRT4.dll
0x00000000774b0000 - 0x00000000775aa000 	C:\Windows\system32\USER32.dll
0x000007feff790000 - 0x000007feff7f7000 	C:\Windows\system32\GDI32.dll
0x000007fefec60000 - 0x000007fefec6e000 	C:\Windows\system32\LPK.dll
0x000007fefec70000 - 0x000007fefed3a000 	C:\Windows\system32\USP10.dll
0x000007feff930000 - 0x000007feff95e000 	C:\Windows\system32\IMM32.DLL
0x000007fefed90000 - 0x000007fefee99000 	C:\Windows\system32\MSCTF.dll
0x000000006d7f0000 - 0x000000006dfa8000 	C:\Program Files\Java\jre6\bin\server\jvm.dll
0x000007fefb7b0000 - 0x000007fefb7eb000 	C:\Windows\system32\WINMM.dll
0x000000006d760000 - 0x000000006d76e000 	C:\Program Files\Java\jre6\bin\verify.dll
0x000000006d3b0000 - 0x000000006d3d7000 	C:\Program Files\Java\jre6\bin\java.dll
0x00000000778a0000 - 0x00000000778a7000 	C:\Windows\system32\PSAPI.DLL
0x000000006d7b0000 - 0x000000006d7c2000 	C:\Program Files\Java\jre6\bin\zip.dll
0x000000006d000000 - 0x000000006d1c3000 	C:\Program Files\Java\jre6\bin\awt.dll
0x000007fefa870000 - 0x000007fefa8e0000 	C:\Windows\system32\WINSPOOL.DRV
0x000007fefda20000 - 0x000007fefdc22000 	C:\Windows\system32\ole32.dll
0x000007fefde50000 - 0x000007fefebd6000 	C:\Windows\system32\SHELL32.dll
0x000007feff960000 - 0x000007feff9d1000 	C:\Windows\system32\SHLWAPI.dll
0x000007fefbc40000 - 0x000007fefbe34000 	C:\Windows\WinSxS\amd64_microsoft.windows.common-controls_6595b64144ccf1df_6.0.7600.16661_none_fa62ad231704eab7\COMCTL32.dll
0x000007fefb6b0000 - 0x000007fefb6c8000 	C:\Windows\system32\DWMAPI.DLL
0x000007fefbb10000 - 0x000007fefbb66000 	C:\Windows\system32\uxtheme.dll
0x000000006d2a0000 - 0x000000006d306000 	C:\Program Files\Java\jre6\bin\fontmanager.dll
0x000007fefd560000 - 0x000007fefd56f000 	C:\Windows\system32\CRYPTBASE.dll
0x000007feeb5e0000 - 0x000007feeb7df000 	C:\Windows\system32\d3d9.dll
0x000007fefc780000 - 0x000007fefc78c000 	C:\Windows\system32\VERSION.dll
0x000007fef8200000 - 0x000007fef8207000 	C:\Windows\system32\d3d8thk.dll
0x000007fee68a0000 - 0x000007fee7496000 	C:\Windows\system32\nvd3dumx.dll
0x000007fefc500000 - 0x000007fefc52c000 	C:\Windows\system32\powrprof.dll
0x000007fefeea0000 - 0x000007feff077000 	C:\Windows\system32\SETUPAPI.dll
0x000007fefd6e0000 - 0x000007fefd716000 	C:\Windows\system32\CFGMGR32.dll
0x000007feff2c0000 - 0x000007feff397000 	C:\Windows\system32\OLEAUT32.dll
0x000007fefd720000 - 0x000007fefd73a000 	C:\Windows\system32\DEVOBJ.dll
0x0000000010000000 - 0x0000000010065000 	C:\Program Files\WIDCOMM\Bluetooth Software\btmmhook.dll
0x000000006d600000 - 0x000000006d617000 	C:\Program Files\Java\jre6\bin\net.dll
0x000007fefed40000 - 0x000007fefed8d000 	C:\Windows\system32\WS2_32.dll
0x000007feff650000 - 0x000007feff658000 	C:\Windows\system32\NSI.dll
0x000007fefcea0000 - 0x000007fefcef4000 	C:\Windows\system32\mswsock.dll
0x000007fefce90000 - 0x000007fefce97000 	C:\Windows\System32\wship6.dll
0x000000006d620000 - 0x000000006d62b000 	C:\Program Files\Java\jre6\bin\nio.dll
0x000007feff080000 - 0x000007feff119000 	C:\Windows\system32\CLBCatQ.DLL
0x000007fefcf00000 - 0x000007fefcf17000 	C:\Windows\system32\CRYPTSP.dll
0x000007fefcc00000 - 0x000007fefcc47000 	C:\Windows\system32\rsaenh.dll
0x000007fefc970000 - 0x000007fefc98e000 	C:\Windows\system32\USERENV.dll
0x000007fefd630000 - 0x000007fefd63f000 	C:\Windows\system32\profapi.dll
0x000007fefc4c0000 - 0x000007fefc4d5000 	C:\Windows\system32\NLAapi.dll
0x000007fefcd20000 - 0x000007fefcd7b000 	C:\Windows\system32\DNSAPI.dll
0x000007fef8d50000 - 0x000007fef8d5b000 	C:\Windows\System32\winrnr.dll
0x000007fef8d30000 - 0x000007fef8d45000 	C:\Windows\system32\napinsp.dll
0x000007fef8d10000 - 0x000007fef8d29000 	C:\Windows\system32\pnrpnsp.dll
0x000007fef8d00000 - 0x000007fef8d10000 	C:\Windows\system32\wshbth.dll
0x000007fefc850000 - 0x000007fefc857000 	C:\Windows\System32\wshtcpip.dll
0x000007fefb590000 - 0x000007fefb5b7000 	C:\Windows\system32\IPHLPAPI.DLL
0x000007fefb580000 - 0x000007fefb58b000 	C:\Windows\system32\WINNSI.DLL
0x000007fef8e00000 - 0x000007fef8e08000 	C:\Windows\system32\rasadhlp.dll
0x000007fefb1e0000 - 0x000007fefb233000 	C:\Windows\System32\fwpuclnt.dll
0x0000000180000000 - 0x00000001800bc000 	C:\Program Files (x86)\RelevantKnowledge\rlls64.dll
0x000007fef2990000 - 0x000007fef29e4000 	C:\Windows\system32\OLEACC.dll
0x000007feff800000 - 0x000007feff92c000 	C:\Windows\system32\WININET.dll
0x000007feff120000 - 0x000007feff29a000 	C:\Windows\system32\urlmon.dll
0x000007fefd890000 - 0x000007fefd9f6000 	C:\Windows\system32\CRYPT32.dll
0x000007fefd6d0000 - 0x000007fefd6df000 	C:\Windows\system32\MSASN1.dll
0x000007feff3f0000 - 0x000007feff649000 	C:\Windows\system32\iertutil.dll
0x000007fefc300000 - 0x000007fefc32d000 	C:\Windows\system32\ntmarta.dll
0x000007feff3a0000 - 0x000007feff3f0000 	C:\Windows\system32\WLDAP32.dll
0x000007fefcc90000 - 0x000007fefcce7000 	C:\Windows\system32\Schannel.dll
0x000007fefd4d0000 - 0x000007fefd4f5000 	C:\Windows\system32\SspiCli.dll
0x000000006d510000 - 0x000000006d53e000 	C:\Program Files\Java\jre6\bin\jsound.dll
0x000007fefc470000 - 0x000007fefc4bb000 	C:\Windows\system32\MMDevAPI.DLL
0x000007fefc340000 - 0x000007fefc46c000 	C:\Windows\system32\PROPSYS.dll
0x000007fefb770000 - 0x000007fefb7ab000 	C:\Windows\system32\wdmaud.drv
0x00000000753f0000 - 0x00000000753f6000 	C:\Windows\system32\ksuser.dll
0x000007fefc330000 - 0x000007fefc339000 	C:\Windows\system32\AVRT.dll
0x000007fefb660000 - 0x000007fefb6af000 	C:\Windows\system32\AUDIOSES.DLL
0x000007fefb610000 - 0x000007fefb61a000 	C:\Windows\system32\msacm32.drv
0x000007fefb5f0000 - 0x000007fefb608000 	C:\Windows\system32\MSACM32.dll
0x000007fefb5e0000 - 0x000007fefb5e9000 	C:\Windows\system32\midimap.dll

VM Arguments:
jvm_args: -Djava.security.policy=java.policy.applet -Dfile.encoding=Cp1252 
java_command: sun.applet.AppletViewer Main1304359633954.html
Launcher Type: SUN_STANDARD

Environment Variables:
PATH=C:\Windows\system32;C:\Windows;C:\Windows\System32\Wbem;C:\Windows\System32\WindowsPowerShell\v1.0\;C:\Program Files\WIDCOMM\Bluetooth Software\;C:\Program Files\WIDCOMM\Bluetooth Software\syswow64;\;C:\Program Files (x86)\Sony\VAIO Startup Setting Tool
USERNAME=DOUG
OS=Windows_NT
PROCESSOR_IDENTIFIER=Intel64 Family 6 Model 30 Stepping 5, GenuineIntel



---------------  S Y S T E M  ---------------

OS: Windows 7 Build 7600 

CPU:total 8 (4 cores per cpu, 2 threads per core) family 6 model 30 stepping 5, cmov, cx8, fxsr, mmx, sse, sse2, sse3, ssse3, sse4.1, sse4.2, popcnt, ht

Memory: 4k page, physical 4174776k(1579124k free), swap 8347656k(5307712k free)

vm_info: Java HotSpot(TM) 64-Bit Server VM (20.0-b11) for windows-amd64 JRE (1.6.0_25-b06), built on Apr 14 2011 00:44:38 by "java_re" with MS VC++ 8.0 (VS2005)

time: Mon May 02 15:07:36 2011
elapsed time: 23 seconds

