#
# A fatal error has been detected by the Java Runtime Environment:
#
#  EXCEPTION_ACCESS_VIOLATION (0xc0000005) at pc=0x000000006d52ac84, pid=5332, tid=2964
#
# JRE version: 6.0_20-b02
# Java VM: Java HotSpot(TM) 64-Bit Server VM (16.3-b01 mixed mode windows-amd64 )
# Problematic frame:
# C  [jsound.dll+0x1ac84]
#
# If you would like to submit a bug report, please visit:
#   http://java.sun.com/webapps/bugreport/crash.jsp
# The crash happened outside the Java Virtual Machine in native code.
# See problematic frame for where to report the bug.
#

---------------  T H R E A D  ---------------

Current thread (0x000000004b33d800):  JavaThread "Headspace mixer frame proc thread" daemon [_thread_in_native, id=2964, stack(0x0000000054e70000,0x0000000054f70000)]

siginfo: ExceptionCode=0xc0000005, writing address 0x0000000000021000

Registers:
EAX=0x00000000ffffffaa, EBX=0x0000000000000002, ECX=0x0000000000008400, EDX=0x0000000000000001
ESP=0x0000000054f6eec0, EBP=0x0000000000020016, ESI=0x0000000056bc0f74, EDI=0x00000000568af340
EIP=0x000000006d52ac84, EFLAGS=0x0000000000010202

Top of Stack: (sp=0x0000000054f6eec0)
0x0000000054f6eec0:   000000000000009e 000000000000039c
0x0000000054f6eed0:   0000000000000016 0000000056bc0eac
0x0000000054f6eee0:   0000000000000008 0000000000000000
0x0000000054f6eef0:   0000000051bad590 0000000056bc0094
0x0000000054f6ef00:   0000000000000001 000000004b33d9b8
0x0000000054f6ef10:   0000000000000200 0000000000407000
0x0000000054f6ef20:   0000000000407000 0000000000386000
0x0000000054f6ef30:   0000000051b67e00 000000006d5246e9
0x0000000054f6ef40:   00000000568af340 0000000000000002
0x0000000054f6ef50:   0000000000000010 00000000000011dc
0x0000000054f6ef60:   00000000000011dc 000007fe00000000
0x0000000054f6ef70:   0000000000000000 0000000056bc0f74
0x0000000054f6ef80:   0000000054f6f038 0000000051b76b98
0x0000000054f6ef90:   0000000054f6f020 0000000076d72c51
0x0000000054f6efa0:   00011dc000011dc0 0000000000000004
0x0000000054f6efb0:   000011dc00000000 00000000000011dc 

Instructions: (pc=0x000000006d52ac84)
0x000000006d52ac74:   00 45 85 d2 0f 84 11 02 00 00 0f bf 06 44 03 ca
0x000000006d52ac84:   41 89 04 8e 48 03 ca 44 3b cd 72 05 45 33 c9 33 


Stack: [0x0000000054e70000,0x0000000054f70000],  sp=0x0000000054f6eec0,  free space=3fb0000000000000000k
Native frames: (J=compiled Java code, j=interpreted, Vv=VM code, C=native code)
C  [jsound.dll+0x1ac84]

Java frames: (J=compiled Java code, j=interpreted, Vv=VM code)
j  com.sun.media.sound.MixerThread.runNative(J)V+0
j  com.sun.media.sound.MixerThread.run()V+5
v  ~StubRoutines::call_stub

---------------  P R O C E S S  ---------------

Java Threads: ( => current thread )
  0x0000000051127000 JavaThread "Thread-598" [_thread_blocked, id=3368, stack(0x00000000583f0000,0x00000000584f0000)]
  0x0000000051129800 JavaThread "Thread-576" [_thread_in_native, id=6900, stack(0x0000000056570000,0x0000000056670000)]
  0x000000005112c800 JavaThread "Thread-466" [_thread_in_native, id=6292, stack(0x00000000587b0000,0x00000000588b0000)]
  0x0000000051124800 JavaThread "Thread-391" [_thread_in_native, id=2740, stack(0x0000000056770000,0x0000000056870000)]
  0x000000004b346000 JavaThread "Thread-359" [_thread_in_native, id=6756, stack(0x0000000055770000,0x0000000055870000)]
  0x000000005112a800 JavaThread "Thread-335" [_thread_in_native, id=6856, stack(0x00000000580b0000,0x00000000581b0000)]
  0x0000000051121800 JavaThread "Thread-306" [_thread_in_native, id=2820, stack(0x0000000056a70000,0x0000000056b70000)]
  0x000000004b34c000 JavaThread "Thread-196" [_thread_in_native, id=2720, stack(0x0000000056470000,0x0000000056570000)]
  0x000000004b34a000 JavaThread "Thread-121" [_thread_in_native, id=4812, stack(0x0000000056170000,0x0000000056270000)]
  0x000000004b349000 JavaThread "Thread-119" [_thread_in_native, id=5352, stack(0x0000000056070000,0x0000000056170000)]
  0x000000004b347000 JavaThread "Thread-113" [_thread_in_native, id=6380, stack(0x0000000055d70000,0x0000000055e70000)]
  0x000000004b345800 JavaThread "Thread-109" [_thread_in_native, id=4816, stack(0x0000000055b70000,0x0000000055c70000)]
  0x000000004b344800 JavaThread "Thread-107" [_thread_in_native, id=5424, stack(0x0000000055a70000,0x0000000055b70000)]
  0x000000004b344000 JavaThread "Thread-102" [_thread_in_native, id=6356, stack(0x0000000055970000,0x0000000055a70000)]
  0x000000004b343800 JavaThread "Thread-100" [_thread_in_native, id=4008, stack(0x0000000055870000,0x0000000055970000)]
  0x000000004b342000 JavaThread "Thread-96" [_thread_in_native, id=6612, stack(0x0000000055670000,0x0000000055770000)]
  0x000000004b340800 JavaThread "Thread-92" [_thread_in_native, id=4392, stack(0x0000000055470000,0x0000000055570000)]
=>0x000000004b33d800 JavaThread "Headspace mixer frame proc thread" daemon [_thread_in_native, id=2964, stack(0x0000000054e70000,0x0000000054f70000)]
  0x00000000512c4000 JavaThread "Java Sound Event Dispatcher" daemon [_thread_blocked, id=6492, stack(0x0000000054b70000,0x0000000054c70000)]
  0x00000000512c1000 JavaThread "Audio Player" daemon [_thread_blocked, id=4820, stack(0x0000000054200000,0x0000000054300000)]
  0x000000004efad800 JavaThread "Thread-8" [_thread_in_native, id=7140, stack(0x0000000050f60000,0x0000000051060000)]
  0x000000004efa5000 JavaThread "AWT-EventQueue-1" [_thread_blocked, id=4652, stack(0x0000000050c40000,0x0000000050d40000)]
  0x000000004efb1800 JavaThread "TimerQueue" daemon [_thread_blocked, id=6944, stack(0x0000000050b40000,0x0000000050c40000)]
  0x000000000056b000 JavaThread "DestroyJavaVM" [_thread_blocked, id=1752, stack(0x0000000002260000,0x0000000002360000)]
  0x000000004b389000 JavaThread "D3D Screen Updater" daemon [_thread_blocked, id=4120, stack(0x0000000050790000,0x0000000050890000)]
  0x000000004b34e800 JavaThread "AWT-EventQueue-0" [_thread_blocked, id=1796, stack(0x000000004f480000,0x000000004f580000)]
  0x000000004b338800 JavaThread "thread applet-Main.class" [_thread_blocked, id=6368, stack(0x000000004f380000,0x000000004f480000)]
  0x000000004b2c5000 JavaThread "AWT-Windows" daemon [_thread_in_native, id=4188, stack(0x000000004c990000,0x000000004ca90000)]
  0x000000004b2c2000 JavaThread "AWT-Shutdown" [_thread_blocked, id=6724, stack(0x000000004c890000,0x000000004c990000)]
  0x000000004b30b000 JavaThread "Java2D Disposer" daemon [_thread_blocked, id=3360, stack(0x000000004c790000,0x000000004c890000)]
  0x000000004b237000 JavaThread "Low Memory Detector" daemon [_thread_blocked, id=2384, stack(0x000000004c310000,0x000000004c410000)]
  0x000000004b230800 JavaThread "CompilerThread1" daemon [_thread_blocked, id=5588, stack(0x000000004c210000,0x000000004c310000)]
  0x000000004b21c000 JavaThread "CompilerThread0" daemon [_thread_blocked, id=5076, stack(0x000000004c110000,0x000000004c210000)]
  0x000000004b219800 JavaThread "Attach Listener" daemon [_thread_blocked, id=4904, stack(0x000000004c010000,0x000000004c110000)]
  0x000000004b218800 JavaThread "Signal Dispatcher" daemon [_thread_blocked, id=4592, stack(0x000000004bf10000,0x000000004c010000)]
  0x000000004b1c5000 JavaThread "Finalizer" daemon [_thread_blocked, id=1248, stack(0x000000004be10000,0x000000004bf10000)]
  0x000000004b1bf000 JavaThread "Reference Handler" daemon [_thread_blocked, id=4624, stack(0x000000004bd10000,0x000000004be10000)]

Other Threads:
  0x000000004b1b9800 VMThread [stack: 0x000000004bc10000,0x000000004bd10000] [id=6352]
  0x000000004b238800 WatcherThread [stack: 0x000000004c410000,0x000000004c510000] [id=5772]

VM state:not at safepoint (normal execution)

VM Mutex/Monitor currently owned by a thread: None

Heap
 PSYoungGen      total 10368K, used 7130K [0x0000000035040000, 0x0000000035b60000, 0x000000004a440000)
  eden space 10240K, 68% used [0x0000000035040000,0x00000000357168d0,0x0000000035a40000)
  from space 128K, 100% used [0x0000000035af0000,0x0000000035b10000,0x0000000035b10000)
  to   space 256K, 0% used [0x0000000035b20000,0x0000000035b20000,0x0000000035b60000)
 PSOldGen        total 40512K, used 25431K [0x000000000a840000, 0x000000000cfd0000, 0x0000000035040000)
  object space 40512K, 62% used [0x000000000a840000,0x000000000c115f28,0x000000000cfd0000)
 PSPermGen       total 24832K, used 12291K [0x0000000005440000, 0x0000000006c80000, 0x000000000a840000)
  object space 24832K, 49% used [0x0000000005440000,0x0000000006040c20,0x0000000006c80000)

Dynamic libraries:
0x0000000000400000 - 0x000000000042e000 	C:\Program Files\Java\jre6\bin\javaw.exe
0x0000000076e70000 - 0x000000007701c000 	C:\Windows\SYSTEM32\ntdll.dll
0x0000000076d50000 - 0x0000000076e6f000 	C:\Windows\system32\kernel32.dll
0x000007fefd0f0000 - 0x000007fefd15b000 	C:\Windows\system32\KERNELBASE.dll
0x000007fefea90000 - 0x000007fefeb6b000 	C:\Windows\system32\ADVAPI32.dll
0x000007fefd1a0000 - 0x000007fefd23f000 	C:\Windows\system32\msvcrt.dll
0x000007fefe530000 - 0x000007fefe54f000 	C:\Windows\SYSTEM32\sechost.dll
0x000007fefd4c0000 - 0x000007fefd5ee000 	C:\Windows\system32\RPCRT4.dll
0x0000000076c50000 - 0x0000000076d4a000 	C:\Windows\system32\USER32.dll
0x000007fefeeb0000 - 0x000007fefef17000 	C:\Windows\system32\GDI32.dll
0x000007fefedd0000 - 0x000007fefedde000 	C:\Windows\system32\LPK.dll
0x000007fefede0000 - 0x000007fefeeaa000 	C:\Windows\system32\USP10.dll
0x000007fefe8e0000 - 0x000007fefe90e000 	C:\Windows\system32\IMM32.DLL
0x000007fefd690000 - 0x000007fefd799000 	C:\Windows\system32\MSCTF.dll
0x000000006d7f0000 - 0x000000006de95000 	C:\Program Files\Java\jre6\bin\server\jvm.dll
0x000007fefaf10000 - 0x000007fefaf4b000 	C:\Windows\system32\WINMM.dll
0x000000006d760000 - 0x000000006d76e000 	C:\Program Files\Java\jre6\bin\verify.dll
0x000000006d3b0000 - 0x000000006d3d7000 	C:\Program Files\Java\jre6\bin\java.dll
0x000000006d310000 - 0x000000006d31a000 	C:\Program Files\Java\jre6\bin\hpi.dll
0x0000000077030000 - 0x0000000077037000 	C:\Windows\system32\PSAPI.DLL
0x000000006d7b0000 - 0x000000006d7c2000 	C:\Program Files\Java\jre6\bin\zip.dll
0x000000006d000000 - 0x000000006d1c3000 	C:\Program Files\Java\jre6\bin\awt.dll
0x000007fefa890000 - 0x000007fefa900000 	C:\Windows\system32\WINSPOOL.DRV
0x000007fefeb70000 - 0x000007fefed72000 	C:\Windows\system32\ole32.dll
0x000007fefd7a0000 - 0x000007fefe526000 	C:\Windows\system32\SHELL32.dll
0x000007fefd610000 - 0x000007fefd681000 	C:\Windows\system32\SHLWAPI.dll
0x000007fefb320000 - 0x000007fefb514000 	C:\Windows\WinSxS\amd64_microsoft.windows.common-controls_6595b64144ccf1df_6.0.7600.16661_none_fa62ad231704eab7\COMCTL32.dll
0x000007fefad50000 - 0x000007fefad68000 	C:\Windows\system32\DWMAPI.DLL
0x000007fefb270000 - 0x000007fefb2c6000 	C:\Windows\system32\uxtheme.dll
0x000000006d2a0000 - 0x000000006d30b000 	C:\Program Files\Java\jre6\bin\fontmanager.dll
0x000007fefcd00000 - 0x000007fefcd0f000 	C:\Windows\system32\CRYPTBASE.dll
0x000007feef630000 - 0x000007feef82f000 	C:\Windows\system32\d3d9.dll
0x000007fefbf20000 - 0x000007fefbf2c000 	C:\Windows\system32\VERSION.dll
0x000007fefbab0000 - 0x000007fefbab7000 	C:\Windows\system32\d3d8thk.dll
0x000007fee8f20000 - 0x000007fee9b16000 	C:\Windows\system32\nvd3dumx.dll
0x000007fefbca0000 - 0x000007fefbccc000 	C:\Windows\system32\powrprof.dll
0x000007fefe5d0000 - 0x000007fefe7a7000 	C:\Windows\system32\SETUPAPI.dll
0x000007fefd160000 - 0x000007fefd196000 	C:\Windows\system32\CFGMGR32.dll
0x000007fefe800000 - 0x000007fefe8d7000 	C:\Windows\system32\OLEAUT32.dll
0x000007fefd0d0000 - 0x000007fefd0ea000 	C:\Windows\system32\DEVOBJ.dll
0x000000004ca90000 - 0x000000004caf5000 	C:\Program Files\WIDCOMM\Bluetooth Software\btmmhook.dll
0x000000006d600000 - 0x000000006d617000 	C:\Program Files\Java\jre6\bin\net.dll
0x000007fefed80000 - 0x000007fefedcd000 	C:\Windows\system32\WS2_32.dll
0x000007fefd4b0000 - 0x000007fefd4b8000 	C:\Windows\system32\NSI.dll
0x000007fefc640000 - 0x000007fefc694000 	C:\Windows\system32\mswsock.dll
0x000007fefc630000 - 0x000007fefc637000 	C:\Windows\System32\wship6.dll
0x000000006d620000 - 0x000000006d62b000 	C:\Program Files\Java\jre6\bin\nio.dll
0x000007fefd240000 - 0x000007fefd2d9000 	C:\Windows\system32\CLBCatQ.DLL
0x000007fefc6a0000 - 0x000007fefc6b7000 	C:\Windows\system32\CRYPTSP.dll
0x000007fefc3a0000 - 0x000007fefc3e7000 	C:\Windows\system32\rsaenh.dll
0x000007fefc120000 - 0x000007fefc13e000 	C:\Windows\system32\USERENV.dll
0x000007fefcdd0000 - 0x000007fefcddf000 	C:\Windows\system32\profapi.dll
0x000007fefb990000 - 0x000007fefb9a5000 	C:\Windows\system32\NLAapi.dll
0x000007fefc4c0000 - 0x000007fefc51b000 	C:\Windows\system32\DNSAPI.dll
0x000007fef8580000 - 0x000007fef858b000 	C:\Windows\System32\winrnr.dll
0x000007fef8560000 - 0x000007fef8575000 	C:\Windows\system32\napinsp.dll
0x000007fef8540000 - 0x000007fef8559000 	C:\Windows\system32\pnrpnsp.dll
0x000007fef8530000 - 0x000007fef8540000 	C:\Windows\system32\wshbth.dll
0x000007fefbff0000 - 0x000007fefbff7000 	C:\Windows\System32\wshtcpip.dll
0x000007fefadf0000 - 0x000007fefae17000 	C:\Windows\system32\IPHLPAPI.DLL
0x000007fefade0000 - 0x000007fefadeb000 	C:\Windows\system32\WINNSI.DLL
0x000007fef8660000 - 0x000007fef8668000 	C:\Windows\system32\rasadhlp.dll
0x000007fefaa00000 - 0x000007fefaa53000 	C:\Windows\System32\fwpuclnt.dll
0x000000006d510000 - 0x000000006d53e000 	C:\Program Files\Java\jre6\bin\jsound.dll
0x000007fefbc50000 - 0x000007fefbc9b000 	C:\Windows\system32\MMDevAPI.DLL
0x000007fefbae0000 - 0x000007fefbc0c000 	C:\Windows\system32\PROPSYS.dll
0x000007fefaed0000 - 0x000007fefaf0b000 	C:\Windows\system32\wdmaud.drv
0x0000000074b90000 - 0x0000000074b96000 	C:\Windows\system32\ksuser.dll
0x000007fefbad0000 - 0x000007fefbad9000 	C:\Windows\system32\AVRT.dll
0x000007fefac80000 - 0x000007fefaccf000 	C:\Windows\system32\AUDIOSES.DLL
0x000007fefac70000 - 0x000007fefac7a000 	C:\Windows\system32\msacm32.drv
0x000007fefac50000 - 0x000007fefac68000 	C:\Windows\system32\MSACM32.dll
0x000007fefac40000 - 0x000007fefac49000 	C:\Windows\system32\midimap.dll

VM Arguments:
jvm_args: -Djava.security.policy=java.policy.applet -Dfile.encoding=Cp1252 
java_command: sun.applet.AppletViewer Main1303239254619.html
Launcher Type: SUN_STANDARD

Environment Variables:
PATH=C:\Windows\system32;C:\Windows;C:\Windows\System32\Wbem;C:\Windows\System32\WindowsPowerShell\v1.0\;C:\Program Files\WIDCOMM\Bluetooth Software\;C:\Program Files\WIDCOMM\Bluetooth Software\syswow64;\;C:\Program Files (x86)\Sony\VAIO Startup Setting Tool
USERNAME=DOUG
OS=Windows_NT
PROCESSOR_IDENTIFIER=Intel64 Family 6 Model 30 Stepping 5, GenuineIntel



---------------  S Y S T E M  ---------------

OS: Windows 7 Build 7600 

CPU:total 8 (8 cores per cpu, 2 threads per core) family 6 model 30 stepping 5, cmov, cx8, fxsr, mmx, sse, sse2, sse3, ssse3, sse4.1, sse4.2, popcnt, ht

Memory: 4k page, physical 4174776k(1968368k free), swap 8347656k(5697164k free)

vm_info: Java HotSpot(TM) 64-Bit Server VM (16.3-b01) for windows-amd64 JRE (1.6.0_20-b02), built on Apr 12 2010 13:44:19 by "java_re" with MS VC++ 8.0 (VS2005)

time: Tue Apr 19 15:55:09 2011
elapsed time: 55 seconds

