#
# A fatal error has been detected by the Java Runtime Environment:
#
#  EXCEPTION_ACCESS_VIOLATION (0xc0000005) at pc=0x0000000000000000, pid=3044, tid=5296
#
# JRE version: 6.0_20-b02
# Java VM: Java HotSpot(TM) 64-Bit Server VM (16.3-b01 mixed mode windows-amd64 )
# Problematic frame:
# C  0x0000000000000000
#
# If you would like to submit a bug report, please visit:
#   http://java.sun.com/webapps/bugreport/crash.jsp
# The crash happened outside the Java Virtual Machine in native code.
# See problematic frame for where to report the bug.
#

---------------  T H R E A D  ---------------

Current thread (0x000000004af42800):  JavaThread "Thread-214" [_thread_in_native, id=5296, stack(0x0000000055b80000,0x0000000055c80000)]

siginfo: ExceptionCode=0xc0000005, ExceptionInformation=0x0000000000000008 0x0000000000000000

Registers:
EAX=0x0000000000000000, EBX=0x000000005178c2e0, ECX=0x000000004af429b8, EDX=0x0000000000000002
ESP=0x0000000055c7f318, EBP=0x0000000055c7f500, ESI=0x000000004af429b8, EDI=0x000000004af429b8
EIP=0x0000000000000000, EFLAGS=0x0000000000010246

Top of Stack: (sp=0x0000000055c7f318)
0x0000000055c7f318:   000000006d515842 0000000055c7f3c0
0x0000000055c7f328:   0000000000000000 000000005157d750
0x0000000055c7f338:   000000006d51200d 000000005178c2e0
0x0000000055c7f348:   000000004af4add8 000000005178c450
0x0000000055c7f358:   5622000000007d08 000000004b070110
0x0000000055c7f368:   00000000021458ba 000000006da0bc89
0x0000000055c7f378:   000000006d511ed0 0000000000000000
0x0000000055c7f388:   000000006d511ed0 000000005178c2e0
0x0000000055c7f398:   000000006d516055 0000000000000000
0x0000000055c7f3a8:   0000000000000000 0000000000000000
0x0000000055c7f3b8:   0000000000000000 000000005178c2e0
0x0000000055c7f3c8:   000000004af4add8 00000000517902dc
0x0000000055c7f3d8:   5622000000000000 000000004b070110
0x0000000055c7f3e8:   00000000021458ba 000000006da0bc89
0x0000000055c7f3f8:   000000006d52b25b 0000000000000f83
0x0000000055c7f408:   0000000005cf3e30 000000004af42800 

Instructions: (pc=0x0000000000000000)
0xfffffffffffffff0:   


Stack: [0x0000000055b80000,0x0000000055c80000],  sp=0x0000000055c7f318,  free space=3fc0000000000000000k
Java frames: (J=compiled Java code, j=interpreted, Vv=VM code)
j  com.sun.media.sound.MixerSourceLine.nDrain(J)V+0
j  com.sun.media.sound.MixerSourceLine.drain()V+26
j  com.sun.media.sound.DataPusher.run()V+210
j  java.lang.Thread.run()V+11
v  ~StubRoutines::call_stub

---------------  P R O C E S S  ---------------

Java Threads: ( => current thread )
  0x000000004ef18800 JavaThread "Thread-216" [_thread_in_native, id=6780, stack(0x0000000055c80000,0x0000000055d80000)]
=>0x000000004af42800 JavaThread "Thread-214" [_thread_in_native, id=5296, stack(0x0000000055b80000,0x0000000055c80000)]
  0x000000004af42000 JavaThread "Thread-212" [_thread_blocked, id=3204, stack(0x0000000055a80000,0x0000000055b80000)]
  0x000000004af41000 JavaThread "Thread-210" [_thread_blocked, id=4828, stack(0x0000000055980000,0x0000000055a80000)]
  0x000000004af40800 JavaThread "Thread-208" [_thread_blocked, id=6688, stack(0x0000000055880000,0x0000000055980000)]
  0x000000004af3f800 JavaThread "Thread-206" [_thread_blocked, id=6444, stack(0x0000000055780000,0x0000000055880000)]
  0x000000004af3f000 JavaThread "Thread-204" [_thread_blocked, id=2968, stack(0x0000000055680000,0x0000000055780000)]
  0x000000004af3b800 JavaThread "Thread-196" [_thread_blocked, id=7100, stack(0x0000000055580000,0x0000000055680000)]
  0x000000004af3a800 JavaThread "Thread-194" [_thread_blocked, id=1296, stack(0x0000000055480000,0x0000000055580000)]
  0x000000004af39000 JavaThread "Thread-192" [_thread_blocked, id=1672, stack(0x0000000055280000,0x0000000055380000)]
  0x000000004af3a000 JavaThread "Thread-190" [_thread_blocked, id=6556, stack(0x0000000055380000,0x0000000055480000)]
  0x000000004af38800 JavaThread "Thread-188" [_thread_blocked, id=5448, stack(0x0000000055180000,0x0000000055280000)]
  0x000000004af37800 JavaThread "Thread-186" [_thread_blocked, id=6408, stack(0x0000000055080000,0x0000000055180000)]
  0x000000004af37000 JavaThread "Thread-184" [_thread_blocked, id=6700, stack(0x0000000054f80000,0x0000000055080000)]
  0x000000004ef23000 JavaThread "Thread-182" [_thread_blocked, id=6320, stack(0x00000000580b0000,0x00000000581b0000)]
  0x000000004ef22000 JavaThread "Thread-180" [_thread_blocked, id=2672, stack(0x0000000057fb0000,0x00000000580b0000)]
  0x000000004ef21800 JavaThread "Thread-178" [_thread_blocked, id=5188, stack(0x0000000057eb0000,0x0000000057fb0000)]
  0x000000004af36000 JavaThread "Thread-176" [_thread_blocked, id=6732, stack(0x0000000054e80000,0x0000000054f80000)]
  0x000000004ef20800 JavaThread "Thread-160" [_thread_blocked, id=5220, stack(0x0000000057db0000,0x0000000057eb0000)]
  0x000000004ef20000 JavaThread "Thread-158" [_thread_blocked, id=7128, stack(0x0000000057cb0000,0x0000000057db0000)]
  0x000000004ef1f000 JavaThread "Thread-156" [_thread_blocked, id=6928, stack(0x0000000057bb0000,0x0000000057cb0000)]
  0x000000004ef1e800 JavaThread "Thread-154" [_thread_blocked, id=2184, stack(0x0000000057ab0000,0x0000000057bb0000)]
  0x000000004ef1d800 JavaThread "Thread-152" [_thread_blocked, id=6184, stack(0x00000000579b0000,0x0000000057ab0000)]
  0x000000004ef1d000 JavaThread "Thread-150" [_thread_blocked, id=3212, stack(0x00000000578b0000,0x00000000579b0000)]
  0x000000004ef1c800 JavaThread "Thread-148" [_thread_blocked, id=6736, stack(0x00000000577b0000,0x00000000578b0000)]
  0x000000004ef1b800 JavaThread "Thread-146" [_thread_blocked, id=6296, stack(0x00000000574b0000,0x00000000575b0000)]
  0x000000004ef1b000 JavaThread "Thread-144" [_thread_blocked, id=6744, stack(0x0000000057250000,0x0000000057350000)]
  0x000000004ef1a000 JavaThread "Thread-139" [_thread_blocked, id=6836, stack(0x00000000573b0000,0x00000000574b0000)]
  0x000000004af35800 JavaThread "Headspace mixer frame proc thread" daemon [_thread_blocked, id=6860, stack(0x0000000054b80000,0x0000000054c80000)]
  0x000000004af35000 JavaThread "Java Sound Event Dispatcher" daemon [_thread_blocked, id=5428, stack(0x0000000054880000,0x0000000054980000)]
  0x000000004af34000 JavaThread "Audio Player" daemon [_thread_blocked, id=4800, stack(0x0000000053f10000,0x0000000054010000)]
  0x000000004f0af800 JavaThread "Thread-8" [_thread_in_Java, id=6112, stack(0x00000000515b0000,0x00000000516b0000)]
  0x000000004ece4800 JavaThread "AWT-EventQueue-1" [_thread_blocked, id=6196, stack(0x0000000050920000,0x0000000050a20000)]
  0x000000004ece1000 JavaThread "D3D Screen Updater" daemon [_thread_blocked, id=6816, stack(0x0000000050820000,0x0000000050920000)]
  0x000000004ecde000 JavaThread "TimerQueue" daemon [_thread_blocked, id=7148, stack(0x0000000050720000,0x0000000050820000)]
  0x000000000054b000 JavaThread "DestroyJavaVM" [_thread_blocked, id=1760, stack(0x0000000001c70000,0x0000000001d70000)]
  0x000000004b08d000 JavaThread "AWT-EventQueue-0" [_thread_blocked, id=2820, stack(0x000000004f1b0000,0x000000004f2b0000)]
  0x000000004b08c000 JavaThread "thread applet-Main.class" [_thread_blocked, id=2924, stack(0x000000004f0b0000,0x000000004f1b0000)]
  0x000000004afde000 JavaThread "AWT-Windows" daemon [_thread_in_native, id=1636, stack(0x000000004c720000,0x000000004c820000)]
  0x000000004af72000 JavaThread "AWT-Shutdown" [_thread_blocked, id=6536, stack(0x000000004c620000,0x000000004c720000)]
  0x000000004af71800 JavaThread "Java2D Disposer" daemon [_thread_blocked, id=6868, stack(0x000000004c520000,0x000000004c620000)]
  0x000000004af47800 JavaThread "Low Memory Detector" daemon [_thread_blocked, id=2312, stack(0x000000004c010000,0x000000004c110000)]
  0x000000004af33800 JavaThread "CompilerThread1" daemon [_thread_blocked, id=5272, stack(0x000000004bf10000,0x000000004c010000)]
  0x000000004af1f000 JavaThread "CompilerThread0" daemon [_thread_blocked, id=6948, stack(0x000000004be10000,0x000000004bf10000)]
  0x000000004af19800 JavaThread "Attach Listener" daemon [_thread_blocked, id=6924, stack(0x000000004bd10000,0x000000004be10000)]
  0x000000004af19000 JavaThread "Signal Dispatcher" daemon [_thread_blocked, id=5408, stack(0x000000004bc10000,0x000000004bd10000)]
  0x000000004aec5800 JavaThread "Finalizer" daemon [_thread_blocked, id=1732, stack(0x000000004bb10000,0x000000004bc10000)]
  0x000000004aebf800 JavaThread "Reference Handler" daemon [_thread_blocked, id=1796, stack(0x000000004ba10000,0x000000004bb10000)]

Other Threads:
  0x000000004aeb9800 VMThread [stack: 0x000000004b910000,0x000000004ba10000] [id=4012]
  0x000000004af48800 WatcherThread [stack: 0x000000004c110000,0x000000004c210000] [id=2836]

VM state:not at safepoint (normal execution)

VM Mutex/Monitor currently owned by a thread: None

Heap
 PSYoungGen      total 79296K, used 41146K [0x0000000034d40000, 0x000000003d7e0000, 0x000000004a140000)
  eden space 78656K, 55% used [0x0000000034d40000,0x00000000377db780,0x0000000039a10000)
  from space 640K, 90% used [0x000000003d740000,0x000000003d7d0120,0x000000003d7e0000)
  to   space 896K, 0% used [0x000000003d620000,0x000000003d620000,0x000000003d700000)
 PSOldGen        total 43520K, used 26565K [0x000000000a540000, 0x000000000cfc0000, 0x0000000034d40000)
  object space 43520K, 61% used [0x000000000a540000,0x000000000bf31790,0x000000000cfc0000)
 PSPermGen       total 21248K, used 12160K [0x0000000005140000, 0x0000000006600000, 0x000000000a540000)
  object space 21248K, 57% used [0x0000000005140000,0x0000000005d20260,0x0000000006600000)

Dynamic libraries:
0x0000000000400000 - 0x000000000042e000 	C:\Program Files\Java\jre6\bin\javaw.exe
0x00000000774c0000 - 0x000000007766c000 	C:\Windows\SYSTEM32\ntdll.dll
0x00000000772a0000 - 0x00000000773bf000 	C:\Windows\system32\kernel32.dll
0x000007fefd680000 - 0x000007fefd6eb000 	C:\Windows\system32\KERNELBASE.dll
0x000007feff650000 - 0x000007feff72b000 	C:\Windows\system32\ADVAPI32.dll
0x000007feff560000 - 0x000007feff5ff000 	C:\Windows\system32\msvcrt.dll
0x000007fefdee0000 - 0x000007fefdeff000 	C:\Windows\SYSTEM32\sechost.dll
0x000007feff150000 - 0x000007feff27e000 	C:\Windows\system32\RPCRT4.dll
0x00000000773c0000 - 0x00000000774ba000 	C:\Windows\system32\USER32.dll
0x000007fefdf00000 - 0x000007fefdf67000 	C:\Windows\system32\GDI32.dll
0x000007fefd7f0000 - 0x000007fefd7fe000 	C:\Windows\system32\LPK.dll
0x000007fefde10000 - 0x000007fefdeda000 	C:\Windows\system32\USP10.dll
0x000007fefed60000 - 0x000007fefed8e000 	C:\Windows\system32\IMM32.DLL
0x000007feff280000 - 0x000007feff389000 	C:\Windows\system32\MSCTF.dll
0x000000006d7f0000 - 0x000000006de95000 	C:\Program Files\Java\jre6\bin\server\jvm.dll
0x000007fefb080000 - 0x000007fefb0bb000 	C:\Windows\system32\WINMM.dll
0x000000006d760000 - 0x000000006d76e000 	C:\Program Files\Java\jre6\bin\verify.dll
0x000000006d3b0000 - 0x000000006d3d7000 	C:\Program Files\Java\jre6\bin\java.dll
0x000000006d310000 - 0x000000006d31a000 	C:\Program Files\Java\jre6\bin\hpi.dll
0x0000000077690000 - 0x0000000077697000 	C:\Windows\system32\PSAPI.DLL
0x000000006d7b0000 - 0x000000006d7c2000 	C:\Program Files\Java\jre6\bin\zip.dll
0x000000006d000000 - 0x000000006d1c3000 	C:\Program Files\Java\jre6\bin\awt.dll
0x000007fefb5c0000 - 0x000007fefb630000 	C:\Windows\system32\WINSPOOL.DRV
0x000007fefdbe0000 - 0x000007fefdde2000 	C:\Windows\system32\ole32.dll
0x000007fefdf80000 - 0x000007fefed06000 	C:\Windows\system32\SHELL32.dll
0x000007fefd9e0000 - 0x000007fefda51000 	C:\Windows\system32\SHLWAPI.dll
0x000007fefbb20000 - 0x000007fefbd14000 	C:\Windows\WinSxS\amd64_microsoft.windows.common-controls_6595b64144ccf1df_6.0.7600.16661_none_fa62ad231704eab7\COMCTL32.dll
0x000007fefbd40000 - 0x000007fefbd58000 	C:\Windows\system32\DWMAPI.DLL
0x000007fefbac0000 - 0x000007fefbb16000 	C:\Windows\system32\uxtheme.dll
0x000000006d2a0000 - 0x000000006d30b000 	C:\Program Files\Java\jre6\bin\fontmanager.dll
0x000007fefd350000 - 0x000007fefd35f000 	C:\Windows\system32\CRYPTBASE.dll
0x000007feef580000 - 0x000007feef77f000 	C:\Windows\system32\d3d9.dll
0x000007fefc570000 - 0x000007fefc57c000 	C:\Windows\system32\VERSION.dll
0x000007fefad70000 - 0x000007fefad77000 	C:\Windows\system32\d3d8thk.dll
0x000007fee8ce0000 - 0x000007fee98d6000 	C:\Windows\system32\nvd3dumx.dll
0x000007fefc2f0000 - 0x000007fefc31c000 	C:\Windows\system32\powrprof.dll
0x000007fefd800000 - 0x000007fefd9d7000 	C:\Windows\system32\SETUPAPI.dll
0x000007fefd6f0000 - 0x000007fefd726000 	C:\Windows\system32\CFGMGR32.dll
0x000007fefed90000 - 0x000007fefee67000 	C:\Windows\system32\OLEAUT32.dll
0x000007fefd730000 - 0x000007fefd74a000 	C:\Windows\system32\DEVOBJ.dll
0x000000004c3f0000 - 0x000000004c455000 	C:\Program Files\WIDCOMM\Bluetooth Software\btmmhook.dll
0x000000006d600000 - 0x000000006d617000 	C:\Program Files\Java\jre6\bin\net.dll
0x000007feff600000 - 0x000007feff64d000 	C:\Windows\system32\WS2_32.dll
0x000007fefdf70000 - 0x000007fefdf78000 	C:\Windows\system32\NSI.dll
0x000007fefcba0000 - 0x000007fefcbf4000 	C:\Windows\system32\mswsock.dll
0x000007fefcf50000 - 0x000007fefcf57000 	C:\Windows\System32\wship6.dll
0x000000006d620000 - 0x000000006d62b000 	C:\Program Files\Java\jre6\bin\nio.dll
0x000007feff4c0000 - 0x000007feff559000 	C:\Windows\system32\CLBCatQ.DLL
0x000007fefcc00000 - 0x000007fefcc17000 	C:\Windows\system32\CRYPTSP.dll
0x000007fefc910000 - 0x000007fefc957000 	C:\Windows\system32\rsaenh.dll
0x000007fefc760000 - 0x000007fefc77e000 	C:\Windows\system32\USERENV.dll
0x000007fefd420000 - 0x000007fefd42f000 	C:\Windows\system32\profapi.dll
0x000007fefb0c0000 - 0x000007fefb0d5000 	C:\Windows\system32\NLAapi.dll
0x000007fefca30000 - 0x000007fefca8b000 	C:\Windows\system32\DNSAPI.dll
0x000007fef8010000 - 0x000007fef801b000 	C:\Windows\System32\winrnr.dll
0x000007fef7ff0000 - 0x000007fef8005000 	C:\Windows\system32\napinsp.dll
0x000007fef7fd0000 - 0x000007fef7fe9000 	C:\Windows\system32\pnrpnsp.dll
0x000007fef7fc0000 - 0x000007fef7fd0000 	C:\Windows\system32\wshbth.dll
0x000007fefc640000 - 0x000007fefc647000 	C:\Windows\System32\wshtcpip.dll
0x000007fefa390000 - 0x000007fefa3b7000 	C:\Windows\system32\IPHLPAPI.DLL
0x000007fefa380000 - 0x000007fefa38b000 	C:\Windows\system32\WINNSI.DLL
0x000007fef8dc0000 - 0x000007fef8dc8000 	C:\Windows\system32\rasadhlp.dll
0x000007fef9e40000 - 0x000007fef9e93000 	C:\Windows\System32\fwpuclnt.dll
0x000000006d510000 - 0x000000006d53e000 	C:\Program Files\Java\jre6\bin\jsound.dll
0x000007fefc220000 - 0x000007fefc26b000 	C:\Windows\system32\MMDevAPI.DLL
0x000007fefc0f0000 - 0x000007fefc21c000 	C:\Windows\system32\PROPSYS.dll
0x000007fefb030000 - 0x000007fefb06b000 	C:\Windows\system32\wdmaud.drv
0x00000000751d0000 - 0x00000000751d6000 	C:\Windows\system32\ksuser.dll
0x000007fefbf00000 - 0x000007fefbf09000 	C:\Windows\system32\AVRT.dll
0x000007fefaf70000 - 0x000007fefafbf000 	C:\Windows\system32\AUDIOSES.DLL
0x000007fefaf50000 - 0x000007fefaf5a000 	C:\Windows\system32\msacm32.drv
0x000007fefaf30000 - 0x000007fefaf48000 	C:\Windows\system32\MSACM32.dll
0x000007fefaf20000 - 0x000007fefaf29000 	C:\Windows\system32\midimap.dll

VM Arguments:
jvm_args: -Djava.security.policy=java.policy.applet -Dfile.encoding=Cp1252 
java_command: sun.applet.AppletViewer Main1302903879935.html
Launcher Type: SUN_STANDARD

Environment Variables:
PATH=C:\Windows\system32;C:\Windows;C:\Windows\System32\Wbem;C:\Windows\System32\WindowsPowerShell\v1.0\;C:\Program Files\WIDCOMM\Bluetooth Software\;C:\Program Files\WIDCOMM\Bluetooth Software\syswow64;\;C:\Program Files (x86)\Sony\VAIO Startup Setting Tool
USERNAME=DOUG
OS=Windows_NT
PROCESSOR_IDENTIFIER=Intel64 Family 6 Model 30 Stepping 5, GenuineIntel



---------------  S Y S T E M  ---------------

OS: Windows 7 Build 7600 

CPU:total 8 (8 cores per cpu, 2 threads per core) family 6 model 30 stepping 5, cmov, cx8, fxsr, mmx, sse, sse2, sse3, ssse3, sse4.1, sse4.2, popcnt, ht

Memory: 4k page, physical 4174776k(1881420k free), swap 8347656k(5466620k free)

vm_info: Java HotSpot(TM) 64-Bit Server VM (16.3-b01) for windows-amd64 JRE (1.6.0_20-b02), built on Apr 12 2010 13:44:19 by "java_re" with MS VC++ 8.0 (VS2005)

time: Fri Apr 15 18:45:00 2011
elapsed time: 20 seconds

