#
# A fatal error has been detected by the Java Runtime Environment:
#
#  EXCEPTION_ACCESS_VIOLATION (0xc0000005) at pc=0x0000000000000000, pid=2720, tid=7080
#
# JRE version: 6.0_20-b02
# Java VM: Java HotSpot(TM) 64-Bit Server VM (16.3-b01 mixed mode windows-amd64 )
# Problematic frame:
# C  0x0000000000000000
#
# If you would like to submit a bug report, please visit:
#   http://java.sun.com/webapps/bugreport/crash.jsp
# The crash happened outside the Java Virtual Machine in native code.
# See problematic frame for where to report the bug.
#

---------------  T H R E A D  ---------------

Current thread (0x0000000051043000):  JavaThread "Thread-293" [_thread_in_native, id=7080, stack(0x00000000570b0000,0x00000000571b0000)]

siginfo: ExceptionCode=0xc0000005, ExceptionInformation=0x0000000000000008 0x0000000000000000

Registers:
EAX=0x0000000000000000, EBX=0x000000000035f910, ECX=0x00000000510431b8, EDX=0x0000000000000002
ESP=0x00000000571af598, EBP=0x00000000571af780, ESI=0x00000000510431b8, EDI=0x00000000510431b8
EIP=0x0000000000000000, EFLAGS=0x0000000000010246

Top of Stack: (sp=0x00000000571af598)
0x00000000571af598:   000000006d515842 00000000571af640
0x00000000571af5a8:   0000000000000000 00000000510beff0
0x00000000571af5b8:   000000006d524f8c 000000000035f910
0x00000000571af5c8:   000000004b0a8030 0000000055986890
0x00000000571af5d8:   5622000000007d08 000000004b110110
0x00000000571af5e8:   000000000bea9718 000000006da0bc89
0x00000000571af5f8:   000000006d511ed0 00000000510431b8
0x00000000571af608:   000000006d511ed0 000000000035f910
0x00000000571af618:   000000006d516055 0000000000000000
0x00000000571af628:   0000000000000000 0000000000000000
0x00000000571af638:   0000000000000000 000000000035f910
0x00000000571af648:   000000004b0a8030 000000005598a71c
0x00000000571af658:   5622000000000000 000000004b110110
0x00000000571af668:   000000000bea9718 000000006da0bc89
0x00000000571af678:   000000006d52b25b 0000000000000f83
0x00000000571af688:   000000000608b248 0000000051043000 

Instructions: (pc=0x0000000000000000)
0xfffffffffffffff0:   


Stack: [0x00000000570b0000,0x00000000571b0000],  sp=0x00000000571af598,  free space=3fd0000000000000000k
Java frames: (J=compiled Java code, j=interpreted, Vv=VM code)
j  com.sun.media.sound.MixerSourceLine.nDrain(J)V+0
j  com.sun.media.sound.MixerSourceLine.drain()V+26
j  com.sun.media.sound.DataPusher.run()V+210
j  java.lang.Thread.run()V+11
v  ~StubRoutines::call_stub

---------------  P R O C E S S  ---------------

Java Threads: ( => current thread )
  0x0000000051047800 JavaThread "Thread-467" [_thread_in_native, id=6624, stack(0x00000000575b0000,0x00000000576b0000)]
  0x0000000051046800 JavaThread "Thread-464" [_thread_in_native, id=5608, stack(0x0000000055ae0000,0x0000000055be0000)]
  0x0000000051044000 JavaThread "Thread-461" [_thread_in_native, id=4584, stack(0x00000000573b0000,0x00000000574b0000)]
  0x0000000051045800 JavaThread "Thread-459" [_thread_blocked, id=2728, stack(0x00000000572b0000,0x00000000573b0000)]
  0x0000000051044800 JavaThread "Thread-457" [_thread_blocked, id=2108, stack(0x00000000571b0000,0x00000000572b0000)]
  0x000000005103b000 JavaThread "Thread-454" [_thread_blocked, id=4044, stack(0x00000000553e0000,0x00000000554e0000)]
  0x0000000054768800 JavaThread "Thread-451" [_thread_blocked, id=6980, stack(0x000000005a0b0000,0x000000005a1b0000)]
  0x0000000054768000 JavaThread "Thread-449" [_thread_blocked, id=4140, stack(0x0000000059fb0000,0x000000005a0b0000)]
  0x0000000054767000 JavaThread "Thread-447" [_thread_blocked, id=5000, stack(0x0000000059eb0000,0x0000000059fb0000)]
  0x0000000051041800 JavaThread "Thread-445" [_thread_blocked, id=5656, stack(0x0000000056eb0000,0x0000000056fb0000)]
  0x0000000051041000 JavaThread "Thread-443" [_thread_blocked, id=3224, stack(0x0000000056db0000,0x0000000056eb0000)]
  0x0000000051040000 JavaThread "Thread-440" [_thread_blocked, id=6364, stack(0x0000000056cb0000,0x0000000056db0000)]
  0x0000000054766800 JavaThread "Thread-437" [_thread_blocked, id=1536, stack(0x0000000059db0000,0x0000000059eb0000)]
  0x0000000054765800 JavaThread "Thread-435" [_thread_blocked, id=1744, stack(0x0000000059cb0000,0x0000000059db0000)]
  0x0000000054765000 JavaThread "Thread-433" [_thread_blocked, id=5836, stack(0x0000000059bb0000,0x0000000059cb0000)]
  0x000000005103e000 JavaThread "Thread-431" [_thread_blocked, id=1380, stack(0x00000000557e0000,0x00000000558e0000)]
  0x000000005103d800 JavaThread "Thread-429" [_thread_blocked, id=4816, stack(0x00000000556e0000,0x00000000557e0000)]
  0x000000005103c800 JavaThread "Thread-426" [_thread_blocked, id=1408, stack(0x00000000555e0000,0x00000000556e0000)]
  0x0000000054764800 JavaThread "Thread-423" [_thread_blocked, id=4960, stack(0x0000000059ab0000,0x0000000059bb0000)]
  0x000000005103c000 JavaThread "Thread-421" [_thread_blocked, id=7056, stack(0x00000000554e0000,0x00000000555e0000)]
  0x0000000054763800 JavaThread "Thread-419" [_thread_blocked, id=6316, stack(0x00000000599b0000,0x0000000059ab0000)]
  0x000000005103a800 JavaThread "Thread-418" [_thread_blocked, id=4576, stack(0x00000000552e0000,0x00000000553e0000)]
  0x0000000054763000 JavaThread "Thread-415" [_thread_blocked, id=2416, stack(0x00000000598b0000,0x00000000599b0000)]
  0x0000000054762000 JavaThread "Thread-412" [_thread_blocked, id=6536, stack(0x00000000597b0000,0x00000000598b0000)]
  0x0000000054761800 JavaThread "Thread-409" [_thread_blocked, id=6788, stack(0x00000000596b0000,0x00000000597b0000)]
  0x0000000054760800 JavaThread "Thread-406" [_thread_blocked, id=5080, stack(0x00000000595b0000,0x00000000596b0000)]
  0x0000000054760000 JavaThread "Thread-405" [_thread_blocked, id=2988, stack(0x00000000594b0000,0x00000000595b0000)]
  0x000000005475f000 JavaThread "Thread-404" [_thread_blocked, id=6020, stack(0x00000000593b0000,0x00000000594b0000)]
  0x000000005475e800 JavaThread "Thread-401" [_thread_blocked, id=6960, stack(0x0000000058eb0000,0x0000000058fb0000)]
  0x000000005475e000 JavaThread "Thread-398" [_thread_blocked, id=6212, stack(0x0000000058db0000,0x0000000058eb0000)]
  0x0000000051039800 JavaThread "Thread-395" [_thread_blocked, id=6676, stack(0x0000000054210000,0x0000000054310000)]
  0x00000000517e1800 JavaThread "Thread-392" [_thread_blocked, id=3804, stack(0x0000000058cb0000,0x0000000058db0000)]
  0x0000000051039000 JavaThread "Thread-391" [_thread_blocked, id=1716, stack(0x0000000054110000,0x0000000054210000)]
  0x0000000051038800 JavaThread "Thread-382" [_thread_blocked, id=3884, stack(0x0000000053e10000,0x0000000053f10000)]
  0x00000000517e0800 JavaThread "Thread-373" [_thread_blocked, id=6892, stack(0x0000000058bb0000,0x0000000058cb0000)]
  0x00000000517e0000 JavaThread "Thread-365" [_thread_blocked, id=1144, stack(0x0000000058ab0000,0x0000000058bb0000)]
  0x00000000517df000 JavaThread "Thread-358" [_thread_blocked, id=2268, stack(0x00000000589b0000,0x0000000058ab0000)]
  0x00000000517de800 JavaThread "Thread-355" [_thread_blocked, id=5176, stack(0x00000000588b0000,0x00000000589b0000)]
  0x00000000517de000 JavaThread "Thread-354" [_thread_blocked, id=2612, stack(0x00000000587b0000,0x00000000588b0000)]
  0x00000000517dd000 JavaThread "Thread-351" [_thread_blocked, id=4016, stack(0x00000000586b0000,0x00000000587b0000)]
  0x00000000517dc800 JavaThread "Thread-348" [_thread_blocked, id=3176, stack(0x00000000585b0000,0x00000000586b0000)]
  0x00000000517db800 JavaThread "Thread-345" [_thread_blocked, id=2688, stack(0x00000000584b0000,0x00000000585b0000)]
  0x00000000517db000 JavaThread "Thread-342" [_thread_blocked, id=2368, stack(0x00000000583b0000,0x00000000584b0000)]
  0x00000000517da000 JavaThread "Thread-341" [_thread_blocked, id=5840, stack(0x00000000582b0000,0x00000000583b0000)]
  0x00000000517d9800 JavaThread "Thread-338" [_thread_blocked, id=6172, stack(0x00000000581b0000,0x00000000582b0000)]
  0x00000000517d8800 JavaThread "Thread-335" [_thread_blocked, id=3172, stack(0x00000000580b0000,0x00000000581b0000)]
  0x00000000517d8000 JavaThread "Thread-332" [_thread_blocked, id=3300, stack(0x0000000057fb0000,0x00000000580b0000)]
  0x00000000517d7800 JavaThread "Thread-329" [_thread_blocked, id=4824, stack(0x0000000057eb0000,0x0000000057fb0000)]
  0x00000000517d6800 JavaThread "Thread-328" [_thread_blocked, id=7032, stack(0x0000000057db0000,0x0000000057eb0000)]
  0x00000000517d6000 JavaThread "Thread-325" [_thread_blocked, id=2964, stack(0x0000000057cb0000,0x0000000057db0000)]
  0x00000000517d5000 JavaThread "Thread-322" [_thread_blocked, id=3712, stack(0x0000000057bb0000,0x0000000057cb0000)]
  0x00000000517d4800 JavaThread "Thread-319" [_thread_in_native, id=1896, stack(0x0000000057ab0000,0x0000000057bb0000)]
  0x00000000517d3800 JavaThread "Thread-316" [_thread_blocked, id=5180, stack(0x00000000579b0000,0x0000000057ab0000)]
  0x00000000517d3000 JavaThread "Thread-315" [_thread_blocked, id=6064, stack(0x00000000578b0000,0x00000000579b0000)]
  0x0000000051046000 JavaThread "Thread-304" [_thread_blocked, id=6404, stack(0x00000000574b0000,0x00000000575b0000)]
=>0x0000000051043000 JavaThread "Thread-293" [_thread_in_native, id=7080, stack(0x00000000570b0000,0x00000000571b0000)]
  0x0000000051042800 JavaThread "Thread-291" [_thread_blocked, id=7072, stack(0x0000000056fb0000,0x00000000570b0000)]
  0x000000005103f800 JavaThread "Thread-280" [_thread_in_native, id=6664, stack(0x0000000055be0000,0x0000000055ce0000)]
  0x0000000050454800 JavaThread "Headspace mixer frame proc thread" daemon [_thread_blocked, id=2920, stack(0x0000000053d10000,0x0000000053e10000)]
  0x0000000050336000 JavaThread "Java Sound Event Dispatcher" daemon [_thread_blocked, id=4056, stack(0x0000000053a10000,0x0000000053b10000)]
  0x000000005128a000 JavaThread "Audio Player" daemon [_thread_blocked, id=6900, stack(0x00000000530a0000,0x00000000531a0000)]
  0x0000000050268800 JavaThread "Thread-8" [_thread_in_native, id=6648, stack(0x0000000050cf0000,0x0000000050df0000)]
  0x000000004b27a000 JavaThread "AWT-EventQueue-1" [_thread_blocked, id=5940, stack(0x0000000050bf0000,0x0000000050cf0000)]
  0x000000004b277000 JavaThread "TimerQueue" daemon [_thread_blocked, id=4592, stack(0x0000000050af0000,0x0000000050bf0000)]
  0x00000000001fb000 JavaThread "DestroyJavaVM" [_thread_blocked, id=6312, stack(0x00000000023f0000,0x00000000024f0000)]
  0x000000004b27f000 JavaThread "D3D Screen Updater" daemon [_thread_blocked, id=6800, stack(0x00000000505e0000,0x00000000506e0000)]
  0x000000004b1b3000 JavaThread "AWT-EventQueue-0" [_thread_blocked, id=6852, stack(0x000000004f140000,0x000000004f240000)]
  0x000000004b1b1800 JavaThread "thread applet-Main.class" [_thread_blocked, id=1616, stack(0x000000004f040000,0x000000004f140000)]
  0x000000004b1b0000 JavaThread "AWT-Windows" daemon [_thread_in_native, id=2008, stack(0x000000004c9b0000,0x000000004cab0000)]
  0x000000004b1f7800 JavaThread "AWT-Shutdown" [_thread_blocked, id=1560, stack(0x000000004c8b0000,0x000000004c9b0000)]
  0x000000004b1f6800 JavaThread "Java2D Disposer" daemon [_thread_blocked, id=2712, stack(0x000000004c7b0000,0x000000004c8b0000)]
  0x000000004b11a000 JavaThread "Low Memory Detector" daemon [_thread_blocked, id=5904, stack(0x000000004c310000,0x000000004c410000)]
  0x000000004b10e000 JavaThread "CompilerThread1" daemon [_thread_blocked, id=1052, stack(0x000000004c210000,0x000000004c310000)]
  0x000000004b108000 JavaThread "CompilerThread0" daemon [_thread_blocked, id=1972, stack(0x000000004c110000,0x000000004c210000)]
  0x000000004b105800 JavaThread "Attach Listener" daemon [_thread_blocked, id=6820, stack(0x000000004c010000,0x000000004c110000)]
  0x000000004b104800 JavaThread "Signal Dispatcher" daemon [_thread_blocked, id=400, stack(0x000000004bf10000,0x000000004c010000)]
  0x000000004b0b1000 JavaThread "Finalizer" daemon [_thread_blocked, id=6532, stack(0x000000004be10000,0x000000004bf10000)]
  0x000000004b0aa800 JavaThread "Reference Handler" daemon [_thread_blocked, id=364, stack(0x000000004bd10000,0x000000004be10000)]

Other Threads:
  0x000000004b0a4000 VMThread [stack: 0x000000004bc10000,0x000000004bd10000] [id=1756]
  0x000000004b11b000 WatcherThread [stack: 0x000000004c410000,0x000000004c510000] [id=5216]

VM state:not at safepoint (normal execution)

VM Mutex/Monitor currently owned by a thread: None

Heap
 PSYoungGen      total 13888K, used 6777K [0x00000000350f0000, 0x0000000038c90000, 0x000000004a4f0000)
  eden space 13504K, 47% used [0x00000000350f0000,0x000000003573e5c8,0x0000000035e20000)
  from space 384K, 83% used [0x0000000038c30000,0x0000000038c80060,0x0000000038c90000)
  to   space 832K, 0% used [0x0000000038af0000,0x0000000038af0000,0x0000000038bc0000)
 PSOldGen        total 43520K, used 36148K [0x000000000a8f0000, 0x000000000d370000, 0x00000000350f0000)
  object space 43520K, 83% used [0x000000000a8f0000,0x000000000cc3d248,0x000000000d370000)
 PSPermGen       total 21248K, used 12264K [0x00000000054f0000, 0x00000000069b0000, 0x000000000a8f0000)
  object space 21248K, 57% used [0x00000000054f0000,0x00000000060ea360,0x00000000069b0000)

Dynamic libraries:
0x0000000000400000 - 0x000000000042e000 	C:\Program Files\Java\jre6\bin\javaw.exe
0x00000000774d0000 - 0x000000007767c000 	C:\Windows\SYSTEM32\ntdll.dll
0x00000000773b0000 - 0x00000000774cf000 	C:\Windows\system32\kernel32.dll
0x000007fefd580000 - 0x000007fefd5eb000 	C:\Windows\system32\KERNELBASE.dll
0x000007fefe030000 - 0x000007fefe10b000 	C:\Windows\system32\ADVAPI32.dll
0x000007feff6a0000 - 0x000007feff73f000 	C:\Windows\system32\msvcrt.dll
0x000007feff7c0000 - 0x000007feff7df000 	C:\Windows\SYSTEM32\sechost.dll
0x000007fefe240000 - 0x000007fefe36e000 	C:\Windows\system32\RPCRT4.dll
0x00000000772b0000 - 0x00000000773aa000 	C:\Windows\system32\USER32.dll
0x000007fefdac0000 - 0x000007fefdb27000 	C:\Windows\system32\GDI32.dll
0x000007fefdfd0000 - 0x000007fefdfde000 	C:\Windows\system32\LPK.dll
0x000007feff180000 - 0x000007feff24a000 	C:\Windows\system32\USP10.dll
0x000007fefe3c0000 - 0x000007fefe3ee000 	C:\Windows\system32\IMM32.DLL
0x000007fefdec0000 - 0x000007fefdfc9000 	C:\Windows\system32\MSCTF.dll
0x000000006d7f0000 - 0x000000006de95000 	C:\Program Files\Java\jre6\bin\server\jvm.dll
0x000007fefb4f0000 - 0x000007fefb52b000 	C:\Windows\system32\WINMM.dll
0x000000006d760000 - 0x000000006d76e000 	C:\Program Files\Java\jre6\bin\verify.dll
0x000000006d3b0000 - 0x000000006d3d7000 	C:\Program Files\Java\jre6\bin\java.dll
0x000000006d310000 - 0x000000006d31a000 	C:\Program Files\Java\jre6\bin\hpi.dll
0x0000000077690000 - 0x0000000077697000 	C:\Windows\system32\PSAPI.DLL
0x000000006d7b0000 - 0x000000006d7c2000 	C:\Program Files\Java\jre6\bin\zip.dll
0x000000006d000000 - 0x000000006d1c3000 	C:\Program Files\Java\jre6\bin\awt.dll
0x000007fefb160000 - 0x000007fefb1d0000 	C:\Windows\system32\WINSPOOL.DRV
0x000007fefdb30000 - 0x000007fefdd32000 	C:\Windows\system32\ole32.dll
0x000007fefe3f0000 - 0x000007feff176000 	C:\Windows\system32\SHELL32.dll
0x000007fefe1b0000 - 0x000007fefe221000 	C:\Windows\system32\SHLWAPI.dll
0x000007fefbef0000 - 0x000007fefc0e4000 	C:\Windows\WinSxS\amd64_microsoft.windows.common-controls_6595b64144ccf1df_6.0.7600.16661_none_fa62ad231704eab7\COMCTL32.dll
0x000007fefb800000 - 0x000007fefb818000 	C:\Windows\system32\DWMAPI.DLL
0x000007fefbd10000 - 0x000007fefbd66000 	C:\Windows\system32\uxtheme.dll
0x000000006d2a0000 - 0x000000006d30b000 	C:\Program Files\Java\jre6\bin\fontmanager.dll
0x000007fefd360000 - 0x000007fefd36f000 	C:\Windows\system32\CRYPTBASE.dll
0x000007fef1e00000 - 0x000007fef1fff000 	C:\Windows\system32\d3d9.dll
0x000007fefc580000 - 0x000007fefc58c000 	C:\Windows\system32\VERSION.dll
0x000007fefbec0000 - 0x000007fefbec7000 	C:\Windows\system32\d3d8thk.dll
0x000007feecd60000 - 0x000007feed956000 	C:\Windows\system32\nvd3dumx.dll
0x000007fefba10000 - 0x000007fefba3c000 	C:\Windows\system32\powrprof.dll
0x000007fefd800000 - 0x000007fefd9d7000 	C:\Windows\system32\SETUPAPI.dll
0x000007fefd610000 - 0x000007fefd646000 	C:\Windows\system32\CFGMGR32.dll
0x000007fefd9e0000 - 0x000007fefdab7000 	C:\Windows\system32\OLEAUT32.dll
0x000007fefd5f0000 - 0x000007fefd60a000 	C:\Windows\system32\DEVOBJ.dll
0x000000006d600000 - 0x000000006d617000 	C:\Program Files\Java\jre6\bin\net.dll
0x000007fefdfe0000 - 0x000007fefe02d000 	C:\Windows\system32\WS2_32.dll
0x000007fefe230000 - 0x000007fefe238000 	C:\Windows\system32\NSI.dll
0x000007fefcca0000 - 0x000007fefccf4000 	C:\Windows\system32\mswsock.dll
0x000007fefcc90000 - 0x000007fefcc97000 	C:\Windows\System32\wship6.dll
0x000000006d620000 - 0x000000006d62b000 	C:\Program Files\Java\jre6\bin\nio.dll
0x000007fefe110000 - 0x000007fefe1a9000 	C:\Windows\system32\CLBCatQ.DLL
0x000007fefd040000 - 0x000007fefd057000 	C:\Windows\system32\CRYPTSP.dll
0x000007fefca00000 - 0x000007fefca47000 	C:\Windows\system32\rsaenh.dll
0x000007fefc770000 - 0x000007fefc78e000 	C:\Windows\system32\USERENV.dll
0x000007fefd430000 - 0x000007fefd43f000 	C:\Windows\system32\profapi.dll
0x000007fefb750000 - 0x000007fefb765000 	C:\Windows\system32\NLAapi.dll
0x000007fefcb20000 - 0x000007fefcb7b000 	C:\Windows\system32\DNSAPI.dll
0x000007fef5f40000 - 0x000007fef5f4b000 	C:\Windows\System32\winrnr.dll
0x000007fef5f20000 - 0x000007fef5f35000 	C:\Windows\system32\napinsp.dll
0x000007fef6980000 - 0x000007fef6999000 	C:\Windows\system32\pnrpnsp.dll
0x000007fef5f80000 - 0x000007fef5f90000 	C:\Windows\system32\wshbth.dll
0x000007fefc650000 - 0x000007fefc657000 	C:\Windows\System32\wshtcpip.dll
0x000007fefab80000 - 0x000007fefaba7000 	C:\Windows\system32\IPHLPAPI.DLL
0x000007fefab70000 - 0x000007fefab7b000 	C:\Windows\system32\WINNSI.DLL
0x000007fef8aa0000 - 0x000007fef8aa8000 	C:\Windows\system32\rasadhlp.dll
0x000007fefa8f0000 - 0x000007fefa943000 	C:\Windows\System32\fwpuclnt.dll
0x000000006d510000 - 0x000000006d53e000 	C:\Program Files\Java\jre6\bin\jsound.dll
0x000007fefb8c0000 - 0x000007fefb90b000 	C:\Windows\system32\MMDevAPI.DLL
0x000007fefbd70000 - 0x000007fefbe9c000 	C:\Windows\system32\PROPSYS.dll
0x000007fefb470000 - 0x000007fefb4ab000 	C:\Windows\system32\wdmaud.drv
0x00000000751f0000 - 0x00000000751f6000 	C:\Windows\system32\ksuser.dll
0x000007fefb8b0000 - 0x000007fefb8b9000 	C:\Windows\system32\AVRT.dll
0x000007fefb400000 - 0x000007fefb44f000 	C:\Windows\system32\AUDIOSES.DLL
0x000007fefb740000 - 0x000007fefb74a000 	C:\Windows\system32\msacm32.drv
0x000007fefb3e0000 - 0x000007fefb3f8000 	C:\Windows\system32\MSACM32.dll
0x000007fefb3d0000 - 0x000007fefb3d9000 	C:\Windows\system32\midimap.dll

VM Arguments:
jvm_args: -Djava.security.policy=java.policy.applet -Dfile.encoding=Cp1252 
java_command: sun.applet.AppletViewer Main1303597557664.html
Launcher Type: SUN_STANDARD

Environment Variables:
PATH=C:\Windows\system32;C:\Windows;C:\Windows\System32\Wbem;C:\Windows\System32\WindowsPowerShell\v1.0\;C:\Program Files\WIDCOMM\Bluetooth Software\;C:\Program Files\WIDCOMM\Bluetooth Software\syswow64;\;C:\Program Files (x86)\Sony\VAIO Startup Setting Tool
USERNAME=DOUG
OS=Windows_NT
PROCESSOR_IDENTIFIER=Intel64 Family 6 Model 30 Stepping 5, GenuineIntel



---------------  S Y S T E M  ---------------

OS: Windows 7 Build 7600 

CPU:total 8 (8 cores per cpu, 2 threads per core) family 6 model 30 stepping 5, cmov, cx8, fxsr, mmx, sse, sse2, sse3, ssse3, sse4.1, sse4.2, popcnt, ht

Memory: 4k page, physical 4174776k(2038724k free), swap 8347656k(5859172k free)

vm_info: Java HotSpot(TM) 64-Bit Server VM (16.3-b01) for windows-amd64 JRE (1.6.0_20-b02), built on Apr 12 2010 13:44:19 by "java_re" with MS VC++ 8.0 (VS2005)

time: Sat Apr 23 19:26:19 2011
elapsed time: 21 seconds

