#
# A fatal error has been detected by the Java Runtime Environment:
#
#  EXCEPTION_ACCESS_VIOLATION (0xc0000005) at pc=0x0000000000000000, pid=5432, tid=5228
#
# JRE version: 6.0_20-b02
# Java VM: Java HotSpot(TM) 64-Bit Server VM (16.3-b01 mixed mode windows-amd64 )
# Problematic frame:
# C  0x0000000000000000
#
# If you would like to submit a bug report, please visit:
#   http://java.sun.com/webapps/bugreport/crash.jsp
# The crash happened outside the Java Virtual Machine in native code.
# See problematic frame for where to report the bug.
#

---------------  T H R E A D  ---------------

Current thread (0x000000004b111800):  JavaThread "Thread-373" [_thread_in_native, id=5228, stack(0x0000000055f20000,0x0000000056020000)]

siginfo: ExceptionCode=0xc0000005, ExceptionInformation=0x0000000000000008 0x0000000000000000

Registers:
EAX=0x0000000000000000, EBX=0x000000005108cc30, ECX=0x000000004b1119b8, EDX=0x0000000000000002
ESP=0x000000005601f598, EBP=0x000000005601f780, ESI=0x000000004b1119b8, EDI=0x000000004b1119b8
EIP=0x0000000000000000, EFLAGS=0x0000000000010246

Top of Stack: (sp=0x000000005601f598)
0x000000005601f598:   000000006d515842 000000005601f640
0x000000005601f5a8:   0000000000000000 0000000051290590
0x000000005601f5b8:   000000006d524f8c 000000005108cc30
0x000000005601f5c8:   000000004b0a8268 00000000554cf0c0
0x000000005601f5d8:   5622000000007d08 000000004b090110
0x000000005601f5e8:   000000000bc8a7f8 000000006da0bc89
0x000000005601f5f8:   000000006d511ed0 000000004b1119b8
0x000000005601f608:   000000006d511ed0 000000005108cc30
0x000000005601f618:   000000006d516055 0000000000000000
0x000000005601f628:   0000000000000000 0000000000000000
0x000000005601f638:   0000000000000000 000000005108cc30
0x000000005601f648:   000000004b0a8268 00000000554d2f4c
0x000000005601f658:   5622000000000000 000000004b090110
0x000000005601f668:   000000000bc8a7f8 000000006da0bc89
0x000000005601f678:   000000006d52b25b 0000000000000f83
0x000000005601f688:   000000000600b430 000000004b111800 

Instructions: (pc=0x0000000000000000)
0xfffffffffffffff0:   


Stack: [0x0000000055f20000,0x0000000056020000],  sp=0x000000005601f598,  free space=3fd0000000000000000k
Java frames: (J=compiled Java code, j=interpreted, Vv=VM code)
j  com.sun.media.sound.MixerSourceLine.nDrain(J)V+0
j  com.sun.media.sound.MixerSourceLine.drain()V+26
j  com.sun.media.sound.DataPusher.run()V+210
j  java.lang.Thread.run()V+11
v  ~StubRoutines::call_stub

---------------  P R O C E S S  ---------------

Java Threads: ( => current thread )
  0x000000004b112000 JavaThread "Thread-376" [_thread_blocked, id=2796, stack(0x0000000056120000,0x0000000056220000)]
=>0x000000004b111800 JavaThread "Thread-373" [_thread_in_native, id=5228, stack(0x0000000055f20000,0x0000000056020000)]
  0x000000004f265000 JavaThread "Thread-370" [_thread_in_native, id=5576, stack(0x0000000055e20000,0x0000000055f20000)]
  0x000000004f25b000 JavaThread "Thread-367" [_thread_blocked, id=5184, stack(0x0000000055620000,0x0000000055720000)]
  0x000000004f263000 JavaThread "Thread-364" [_thread_blocked, id=1408, stack(0x0000000055d20000,0x0000000055e20000)]
  0x000000004f260800 JavaThread "Thread-361" [_thread_blocked, id=4588, stack(0x0000000055c20000,0x0000000055d20000)]
  0x000000004f261800 JavaThread "Thread-358" [_thread_blocked, id=6088, stack(0x0000000055a20000,0x0000000055b20000)]
  0x000000004f258800 JavaThread "Thread-355" [_thread_blocked, id=4252, stack(0x0000000055120000,0x0000000055220000)]
  0x000000004f260000 JavaThread "Thread-352" [_thread_blocked, id=5204, stack(0x0000000055920000,0x0000000055a20000)]
  0x000000004f25f000 JavaThread "Thread-349" [_thread_blocked, id=4788, stack(0x0000000055820000,0x0000000055920000)]
  0x000000004f25e000 JavaThread "Thread-346" [_thread_blocked, id=5324, stack(0x0000000055720000,0x0000000055820000)]
  0x000000004f25d000 JavaThread "Thread-343" [_thread_blocked, id=948, stack(0x0000000055020000,0x0000000055120000)]
  0x000000004f25c800 JavaThread "Thread-340" [_thread_blocked, id=5220, stack(0x0000000055320000,0x0000000055420000)]
  0x000000004f25b800 JavaThread "Thread-337" [_thread_blocked, id=5616, stack(0x0000000055220000,0x0000000055320000)]
  0x000000004f25a000 JavaThread "Thread-334" [_thread_blocked, id=3292, stack(0x0000000054f20000,0x0000000055020000)]
  0x000000004f259800 JavaThread "Thread-331" [_thread_blocked, id=3676, stack(0x0000000054c20000,0x0000000054d20000)]
  0x00000000511e0000 JavaThread "Thread-329" [_thread_blocked, id=5312, stack(0x0000000058c00000,0x0000000058d00000)]
  0x00000000511df800 JavaThread "Thread-326" [_thread_blocked, id=2340, stack(0x0000000058b00000,0x0000000058c00000)]
  0x000000004b120800 JavaThread "Thread-323" [_thread_blocked, id=2944, stack(0x0000000058a00000,0x0000000058b00000)]
  0x000000004b120000 JavaThread "Thread-320" [_thread_blocked, id=3868, stack(0x0000000058900000,0x0000000058a00000)]
  0x000000004b11f000 JavaThread "Thread-317" [_thread_blocked, id=5816, stack(0x0000000058800000,0x0000000058900000)]
  0x000000004b11e800 JavaThread "Thread-314" [_thread_blocked, id=4280, stack(0x0000000058700000,0x0000000058800000)]
  0x000000004b11d800 JavaThread "Thread-311" [_thread_blocked, id=5640, stack(0x0000000058600000,0x0000000058700000)]
  0x000000004b11d000 JavaThread "Thread-308" [_thread_blocked, id=4184, stack(0x0000000058500000,0x0000000058600000)]
  0x000000004b11c800 JavaThread "Thread-278" [_thread_blocked, id=1120, stack(0x0000000057420000,0x0000000057520000)]
  0x000000004b11b800 JavaThread "Thread-275" [_thread_blocked, id=1420, stack(0x0000000057320000,0x0000000057420000)]
  0x000000004b11b000 JavaThread "Thread-272" [_thread_blocked, id=4212, stack(0x0000000057220000,0x0000000057320000)]
  0x000000004b11a000 JavaThread "Thread-269" [_thread_blocked, id=524, stack(0x0000000057120000,0x0000000057220000)]
  0x000000004b119800 JavaThread "Thread-266" [_thread_in_native, id=3784, stack(0x0000000057020000,0x0000000057120000)]
  0x000000004b118800 JavaThread "Thread-263" [_thread_blocked, id=1088, stack(0x0000000056f20000,0x0000000057020000)]
  0x000000004b118000 JavaThread "Thread-260" [_thread_blocked, id=1432, stack(0x0000000056e20000,0x0000000056f20000)]
  0x000000004b117000 JavaThread "Thread-257" [_thread_blocked, id=2100, stack(0x0000000056d20000,0x0000000056e20000)]
  0x000000004b116800 JavaThread "Thread-254" [_thread_blocked, id=5304, stack(0x0000000056c20000,0x0000000056d20000)]
  0x000000004b116000 JavaThread "Thread-251" [_thread_blocked, id=1772, stack(0x0000000056b20000,0x0000000056c20000)]
  0x000000004b115000 JavaThread "Thread-248" [_thread_blocked, id=5612, stack(0x0000000056a20000,0x0000000056b20000)]
  0x000000004b114800 JavaThread "Thread-245" [_thread_blocked, id=4528, stack(0x0000000056920000,0x0000000056a20000)]
  0x000000004b113800 JavaThread "Thread-242" [_thread_blocked, id=3620, stack(0x0000000056820000,0x0000000056920000)]
  0x000000004b113000 JavaThread "Thread-239" [_thread_blocked, id=3604, stack(0x0000000056720000,0x0000000056820000)]
  0x000000004f262000 JavaThread "Thread-220" [_thread_blocked, id=788, stack(0x0000000056020000,0x0000000056120000)]
  0x000000004f256000 JavaThread "Headspace mixer frame proc thread" daemon [_thread_blocked, id=4720, stack(0x0000000054b20000,0x0000000054c20000)]
  0x00000000533fa000 JavaThread "Java Sound Event Dispatcher" daemon [_thread_blocked, id=5316, stack(0x0000000054610000,0x0000000054710000)]
  0x00000000533f8800 JavaThread "Audio Player" daemon [_thread_blocked, id=1780, stack(0x000000004f950000,0x000000004fa50000)]
  0x0000000051140800 JavaThread "Thread-8" [_thread_in_native, id=6048, stack(0x0000000050df0000,0x0000000050ef0000)]
  0x000000004f054800 JavaThread "AWT-EventQueue-1" [_thread_blocked, id=1224, stack(0x0000000050cf0000,0x0000000050df0000)]
  0x000000004f062800 JavaThread "D3D Screen Updater" daemon [_thread_blocked, id=4120, stack(0x0000000050bf0000,0x0000000050cf0000)]
  0x000000004f054000 JavaThread "TimerQueue" daemon [_thread_blocked, id=5196, stack(0x0000000050af0000,0x0000000050bf0000)]
  0x00000000005fb000 JavaThread "DestroyJavaVM" [_thread_blocked, id=196, stack(0x0000000002280000,0x0000000002380000)]
  0x000000004b19d000 JavaThread "AWT-EventQueue-0" [_thread_blocked, id=2204, stack(0x000000004f540000,0x000000004f640000)]
  0x000000004b19c000 JavaThread "thread applet-Main.class" [_thread_blocked, id=4996, stack(0x000000004f440000,0x000000004f540000)]
  0x000000004b128000 JavaThread "AWT-Windows" daemon [_thread_in_native, id=3772, stack(0x000000004c930000,0x000000004ca30000)]
  0x000000004b16f800 JavaThread "AWT-Shutdown" [_thread_blocked, id=3792, stack(0x000000004c830000,0x000000004c930000)]
  0x000000004b16e800 JavaThread "Java2D Disposer" daemon [_thread_blocked, id=5980, stack(0x000000004c730000,0x000000004c830000)]
  0x000000004b096000 JavaThread "Low Memory Detector" daemon [_thread_blocked, id=3384, stack(0x000000004c290000,0x000000004c390000)]
  0x000000004b095000 JavaThread "CompilerThread1" daemon [_thread_blocked, id=2260, stack(0x000000004c190000,0x000000004c290000)]
  0x000000004b088000 JavaThread "CompilerThread0" daemon [_thread_blocked, id=3100, stack(0x000000004c090000,0x000000004c190000)]
  0x000000004b085800 JavaThread "Attach Listener" daemon [_thread_blocked, id=4028, stack(0x000000004bf90000,0x000000004c090000)]
  0x000000004b084800 JavaThread "Signal Dispatcher" daemon [_thread_blocked, id=2840, stack(0x000000004be90000,0x000000004bf90000)]
  0x000000004b031000 JavaThread "Finalizer" daemon [_thread_blocked, id=5216, stack(0x000000004bd90000,0x000000004be90000)]
  0x000000004b02a800 JavaThread "Reference Handler" daemon [_thread_blocked, id=5680, stack(0x000000004bc90000,0x000000004bd90000)]

Other Threads:
  0x000000004b024000 VMThread [stack: 0x000000004bb90000,0x000000004bc90000] [id=1412]
  0x000000004b09b000 WatcherThread [stack: 0x000000004c390000,0x000000004c490000] [id=5088]

VM state:not at safepoint (normal execution)

VM Mutex/Monitor currently owned by a thread: None

Heap
 PSYoungGen      total 14976K, used 11191K [0x0000000035040000, 0x0000000037070000, 0x000000004a440000)
  eden space 14720K, 74% used [0x0000000035040000,0x0000000035afddb0,0x0000000035ea0000)
  from space 256K, 75% used [0x0000000037030000,0x0000000037060030,0x0000000037070000)
  to   space 384K, 0% used [0x0000000036fb0000,0x0000000036fb0000,0x0000000037010000)
 PSOldGen        total 43520K, used 28886K [0x000000000a840000, 0x000000000d2c0000, 0x0000000035040000)
  object space 43520K, 66% used [0x000000000a840000,0x000000000c475808,0x000000000d2c0000)
 PSPermGen       total 21248K, used 12249K [0x0000000005440000, 0x0000000006900000, 0x000000000a840000)
  object space 21248K, 57% used [0x0000000005440000,0x00000000060367c8,0x0000000006900000)

Dynamic libraries:
0x0000000000400000 - 0x000000000042e000 	C:\Program Files\Java\jre6\bin\javaw.exe
0x00000000773d0000 - 0x000000007757c000 	C:\Windows\SYSTEM32\ntdll.dll
0x00000000772b0000 - 0x00000000773cf000 	C:\Windows\system32\kernel32.dll
0x000007fefd420000 - 0x000007fefd48b000 	C:\Windows\system32\KERNELBASE.dll
0x000007fefee50000 - 0x000007fefef2b000 	C:\Windows\system32\ADVAPI32.dll
0x000007fefe920000 - 0x000007fefe9bf000 	C:\Windows\system32\msvcrt.dll
0x000007feff620000 - 0x000007feff63f000 	C:\Windows\SYSTEM32\sechost.dll
0x000007feff1b0000 - 0x000007feff2de000 	C:\Windows\system32\RPCRT4.dll
0x00000000771b0000 - 0x00000000772aa000 	C:\Windows\system32\USER32.dll
0x000007fefd880000 - 0x000007fefd8e7000 	C:\Windows\system32\GDI32.dll
0x000007fefdb30000 - 0x000007fefdb3e000 	C:\Windows\system32\LPK.dll
0x000007fefe9c0000 - 0x000007fefea8a000 	C:\Windows\system32\USP10.dll
0x000007feff3c0000 - 0x000007feff3ee000 	C:\Windows\system32\IMM32.DLL
0x000007feff3f0000 - 0x000007feff4f9000 	C:\Windows\system32\MSCTF.dll
0x000000006d7f0000 - 0x000000006de95000 	C:\Program Files\Java\jre6\bin\server\jvm.dll
0x000007fefad10000 - 0x000007fefad4b000 	C:\Windows\system32\WINMM.dll
0x000000006d760000 - 0x000000006d76e000 	C:\Program Files\Java\jre6\bin\verify.dll
0x000000006d3b0000 - 0x000000006d3d7000 	C:\Program Files\Java\jre6\bin\java.dll
0x000000006d310000 - 0x000000006d31a000 	C:\Program Files\Java\jre6\bin\hpi.dll
0x0000000077590000 - 0x0000000077597000 	C:\Windows\system32\PSAPI.DLL
0x000000006d7b0000 - 0x000000006d7c2000 	C:\Program Files\Java\jre6\bin\zip.dll
0x000000006d000000 - 0x000000006d1c3000 	C:\Program Files\Java\jre6\bin\awt.dll
0x000007fefa580000 - 0x000007fefa5f0000 	C:\Windows\system32\WINSPOOL.DRV
0x000007fefeb10000 - 0x000007fefed12000 	C:\Windows\system32\ole32.dll
0x000007fefdb40000 - 0x000007fefe8c6000 	C:\Windows\system32\SHELL32.dll
0x000007feff5a0000 - 0x000007feff611000 	C:\Windows\system32\SHLWAPI.dll
0x000007fefb120000 - 0x000007fefb314000 	C:\Windows\WinSxS\amd64_microsoft.windows.common-controls_6595b64144ccf1df_6.0.7600.16661_none_fa62ad231704eab7\COMCTL32.dll
0x000007fefac10000 - 0x000007fefac28000 	C:\Windows\system32\DWMAPI.DLL
0x000007fefb070000 - 0x000007fefb0c6000 	C:\Windows\system32\uxtheme.dll
0x000000006d2a0000 - 0x000000006d30b000 	C:\Program Files\Java\jre6\bin\fontmanager.dll
0x000007fefd260000 - 0x000007fefd26f000 	C:\Windows\system32\CRYPTBASE.dll
0x000007feefae0000 - 0x000007feefcdf000 	C:\Windows\system32\d3d9.dll
0x000007fefc480000 - 0x000007fefc48c000 	C:\Windows\system32\VERSION.dll
0x000007fef86e0000 - 0x000007fef86e7000 	C:\Windows\system32\d3d8thk.dll
0x000007fee6190000 - 0x000007fee6d86000 	C:\Windows\system32\nvd3dumx.dll
0x000007fefc1d0000 - 0x000007fefc1fc000 	C:\Windows\system32\powrprof.dll
0x000007fefd8f0000 - 0x000007fefdac7000 	C:\Windows\system32\SETUPAPI.dll
0x000007fefd600000 - 0x000007fefd636000 	C:\Windows\system32\CFGMGR32.dll
0x000007feff2e0000 - 0x000007feff3b7000 	C:\Windows\system32\OLEAUT32.dll
0x000007fefd6e0000 - 0x000007fefd6fa000 	C:\Windows\system32\DEVOBJ.dll
0x000000004ca30000 - 0x000000004ca95000 	C:\Program Files\WIDCOMM\Bluetooth Software\btmmhook.dll
0x000000006d600000 - 0x000000006d617000 	C:\Program Files\Java\jre6\bin\net.dll
0x000007fefdad0000 - 0x000007fefdb1d000 	C:\Windows\system32\WS2_32.dll
0x000007fefdb20000 - 0x000007fefdb28000 	C:\Windows\system32\NSI.dll
0x000007fefcba0000 - 0x000007fefcbf4000 	C:\Windows\system32\mswsock.dll
0x000007fefcb90000 - 0x000007fefcb97000 	C:\Windows\System32\wship6.dll
0x000000006d620000 - 0x000000006d62b000 	C:\Program Files\Java\jre6\bin\nio.dll
0x000007feff640000 - 0x000007feff6d9000 	C:\Windows\system32\CLBCatQ.DLL
0x000007fefcc00000 - 0x000007fefcc17000 	C:\Windows\system32\CRYPTSP.dll
0x000007fefc900000 - 0x000007fefc947000 	C:\Windows\system32\rsaenh.dll
0x000007fefc680000 - 0x000007fefc69e000 	C:\Windows\system32\USERENV.dll
0x000007fefd330000 - 0x000007fefd33f000 	C:\Windows\system32\profapi.dll
0x000007fefbf30000 - 0x000007fefbf45000 	C:\Windows\system32\NLAapi.dll
0x000007fefca20000 - 0x000007fefca7b000 	C:\Windows\system32\DNSAPI.dll
0x000007fef8230000 - 0x000007fef823b000 	C:\Windows\System32\winrnr.dll
0x000007fef8210000 - 0x000007fef8225000 	C:\Windows\system32\napinsp.dll
0x000007fef81f0000 - 0x000007fef8209000 	C:\Windows\system32\pnrpnsp.dll
0x000007fef81e0000 - 0x000007fef81f0000 	C:\Windows\system32\wshbth.dll
0x000007fefc550000 - 0x000007fefc557000 	C:\Windows\System32\wshtcpip.dll
0x000007fefbd70000 - 0x000007fefbd97000 	C:\Windows\system32\IPHLPAPI.DLL
0x000007fefbd60000 - 0x000007fefbd6b000 	C:\Windows\system32\WINNSI.DLL
0x000007fef8750000 - 0x000007fef8758000 	C:\Windows\system32\rasadhlp.dll
0x000007fefbb90000 - 0x000007fefbbe3000 	C:\Windows\System32\fwpuclnt.dll
0x0000000180000000 - 0x00000001800bc000 	C:\Program Files (x86)\RelevantKnowledge\rlls64.dll
0x000007fef3030000 - 0x000007fef3084000 	C:\Windows\system32\OLEACC.dll
0x000007fefed20000 - 0x000007fefee4c000 	C:\Windows\system32\WININET.dll
0x000007fefd700000 - 0x000007fefd87a000 	C:\Windows\system32\urlmon.dll
0x000007fefd490000 - 0x000007fefd5f6000 	C:\Windows\system32\CRYPT32.dll
0x000007fefd3d0000 - 0x000007fefd3df000 	C:\Windows\system32\MSASN1.dll
0x000007fefef50000 - 0x000007feff1a9000 	C:\Windows\system32\iertutil.dll
0x000007fefc020000 - 0x000007fefc04d000 	C:\Windows\system32\ntmarta.dll
0x000007fefe8d0000 - 0x000007fefe920000 	C:\Windows\system32\WLDAP32.dll
0x000007fefc990000 - 0x000007fefc9e7000 	C:\Windows\system32\Schannel.dll
0x000007fefd1d0000 - 0x000007fefd1f5000 	C:\Windows\system32\SspiCli.dll
0x000000006d510000 - 0x000000006d53e000 	C:\Program Files\Java\jre6\bin\jsound.dll
0x000007fefc180000 - 0x000007fefc1cb000 	C:\Windows\system32\MMDevAPI.DLL
0x000007fefc050000 - 0x000007fefc17c000 	C:\Windows\system32\PROPSYS.dll
0x000007fefacd0000 - 0x000007fefad0b000 	C:\Windows\system32\wdmaud.drv
0x00000000750f0000 - 0x00000000750f6000 	C:\Windows\system32\ksuser.dll
0x000007fefc200000 - 0x000007fefc209000 	C:\Windows\system32\AVRT.dll
0x000007fefab80000 - 0x000007fefabcf000 	C:\Windows\system32\AUDIOSES.DLL
0x000007fefab70000 - 0x000007fefab7a000 	C:\Windows\system32\msacm32.drv
0x000007fefab50000 - 0x000007fefab68000 	C:\Windows\system32\MSACM32.dll
0x000007fefab40000 - 0x000007fefab49000 	C:\Windows\system32\midimap.dll

VM Arguments:
jvm_args: -Djava.security.policy=java.policy.applet -Dfile.encoding=Cp1252 
java_command: sun.applet.AppletViewer Main1303676368636.html
Launcher Type: SUN_STANDARD

Environment Variables:
PATH=C:\Windows\system32;C:\Windows;C:\Windows\System32\Wbem;C:\Windows\System32\WindowsPowerShell\v1.0\;C:\Program Files\WIDCOMM\Bluetooth Software\;C:\Program Files\WIDCOMM\Bluetooth Software\syswow64;\;C:\Program Files (x86)\Sony\VAIO Startup Setting Tool
USERNAME=DOUG
OS=Windows_NT
PROCESSOR_IDENTIFIER=Intel64 Family 6 Model 30 Stepping 5, GenuineIntel



---------------  S Y S T E M  ---------------

OS: Windows 7 Build 7600 

CPU:total 8 (8 cores per cpu, 2 threads per core) family 6 model 30 stepping 5, cmov, cx8, fxsr, mmx, sse, sse2, sse3, ssse3, sse4.1, sse4.2, popcnt, ht

Memory: 4k page, physical 4174776k(2225572k free), swap 8347656k(5863024k free)

vm_info: Java HotSpot(TM) 64-Bit Server VM (16.3-b01) for windows-amd64 JRE (1.6.0_20-b02), built on Apr 12 2010 13:44:19 by "java_re" with MS VC++ 8.0 (VS2005)

time: Sun Apr 24 17:19:48 2011
elapsed time: 19 seconds

