#
# A fatal error has been detected by the Java Runtime Environment:
#
#  EXCEPTION_ACCESS_VIOLATION (0xc0000005) at pc=0x0000000000000000, pid=2760, tid=5228
#
# JRE version: 6.0_20-b02
# Java VM: Java HotSpot(TM) 64-Bit Server VM (16.3-b01 mixed mode windows-amd64 )
# Problematic frame:
# C  0x0000000000000000
#
# If you would like to submit a bug report, please visit:
#   http://java.sun.com/webapps/bugreport/crash.jsp
# The crash happened outside the Java Virtual Machine in native code.
# See problematic frame for where to report the bug.
#

---------------  T H R E A D  ---------------

Current thread (0x000000004b1ea000):  JavaThread "Thread-507" [_thread_in_native, id=5228, stack(0x0000000059010000,0x0000000059110000)]

siginfo: ExceptionCode=0xc0000005, ExceptionInformation=0x0000000000000008 0x0000000000000000

Registers:
EAX=0x0000000000000000, EBX=0x0000000051e12340, ECX=0x000000004b1ea1b8, EDX=0x0000000000000002
ESP=0x000000005910f698, EBP=0x000000005910f880, ESI=0x000000004b1ea1b8, EDI=0x000000004b1ea1b8
EIP=0x0000000000000000, EFLAGS=0x0000000000010246

Top of Stack: (sp=0x000000005910f698)
0x000000005910f698:   000000006d515842 000000005910f740
0x000000005910f6a8:   0000000000000000 000000005149d4d8
0x000000005910f6b8:   000000006d51200d 0000000051e12340
0x000000005910f6c8:   000000004b1ded98 000000005568f880
0x000000005910f6d8:   ac4400000001ffc8 000000004f060210
0x000000005910f6e8:   00000000024a58ba 000000006da0bc89
0x000000005910f6f8:   000000006d511ed0 0000000000000000
0x000000005910f708:   000000006d511ed0 0000000051e12340
0x000000005910f718:   000000006d516055 0000000000000000
0x000000005910f728:   0000000000000000 0000000000000000
0x000000005910f738:   0000000000000000 0000000051e12340
0x000000005910f748:   000000004b1ded98 000000005569f874
0x000000005910f758:   ac44000000003ff5 000000004f060210
0x000000005910f768:   00000000024a58ba 000000006da0bc89
0x000000005910f778:   000000006d52b25b 0000000000000f83
0x000000005910f788:   000000000603e410 000000004b1ea000 

Instructions: (pc=0x0000000000000000)
0xfffffffffffffff0:   


Stack: [0x0000000059010000,0x0000000059110000],  sp=0x000000005910f698,  free space=3fd0000000000000000k
Java frames: (J=compiled Java code, j=interpreted, Vv=VM code)
j  com.sun.media.sound.MixerSourceLine.nDrain(J)V+0
j  com.sun.media.sound.MixerSourceLine.drain()V+26
j  com.sun.media.sound.DataPusher.run()V+210
j  java.lang.Thread.run()V+11
v  ~StubRoutines::call_stub

---------------  P R O C E S S  ---------------

Java Threads: ( => current thread )
  0x000000004b1e9800 JavaThread "Thread-510" [_thread_in_native, id=2956, stack(0x0000000059210000,0x0000000059310000)]
  0x000000004b1e4800 JavaThread "Thread-509" [_thread_blocked, id=5040, stack(0x0000000059110000,0x0000000059210000)]
=>0x000000004b1ea000 JavaThread "Thread-507" [_thread_in_native, id=5228, stack(0x0000000059010000,0x0000000059110000)]
  0x000000004b1eb000 JavaThread "Thread-506" [_thread_blocked, id=5388, stack(0x0000000058f10000,0x0000000059010000)]
  0x000000004b1eb800 JavaThread "Thread-504" [_thread_in_native, id=5336, stack(0x0000000058e10000,0x0000000058f10000)]
  0x000000004b1ec800 JavaThread "Thread-503" [_thread_blocked, id=5352, stack(0x0000000058d10000,0x0000000058e10000)]
  0x000000004f199800 JavaThread "Thread-501" [_thread_blocked, id=2372, stack(0x0000000055370000,0x0000000055470000)]
  0x000000004b1ed000 JavaThread "Thread-499" [_thread_blocked, id=3928, stack(0x0000000058c10000,0x0000000058d10000)]
  0x000000004b1ee000 JavaThread "Thread-498" [_thread_blocked, id=5648, stack(0x0000000058b10000,0x0000000058c10000)]
  0x000000004b1ee800 JavaThread "Thread-496" [_thread_blocked, id=5660, stack(0x0000000058a10000,0x0000000058b10000)]
  0x000000004b1ef800 JavaThread "Thread-495" [_thread_blocked, id=4684, stack(0x0000000057940000,0x0000000057a40000)]
  0x000000004b1f0000 JavaThread "Thread-493" [_thread_blocked, id=4960, stack(0x0000000057840000,0x0000000057940000)]
  0x000000004b1f0800 JavaThread "Thread-491" [_thread_blocked, id=4884, stack(0x0000000057740000,0x0000000057840000)]
  0x000000004b1f1800 JavaThread "Thread-489" [_thread_blocked, id=3252, stack(0x0000000057640000,0x0000000057740000)]
  0x000000004b1e5000 JavaThread "Thread-488" [_thread_blocked, id=6076, stack(0x0000000057540000,0x0000000057640000)]
  0x000000004b1e6800 JavaThread "Thread-486" [_thread_blocked, id=4164, stack(0x0000000057440000,0x0000000057540000)]
  0x000000004f1a4800 JavaThread "Thread-485" [_thread_blocked, id=5772, stack(0x0000000057340000,0x0000000057440000)]
  0x000000004f1a3800 JavaThread "Thread-483" [_thread_blocked, id=6068, stack(0x0000000057240000,0x0000000057340000)]
  0x000000004f1a3000 JavaThread "Thread-481" [_thread_blocked, id=5620, stack(0x0000000057140000,0x0000000057240000)]
  0x000000004f1a2000 JavaThread "Thread-479" [_thread_blocked, id=5856, stack(0x0000000057040000,0x0000000057140000)]
  0x000000004f1a1800 JavaThread "Thread-478" [_thread_blocked, id=4700, stack(0x0000000056f40000,0x0000000057040000)]
  0x000000004f1a0800 JavaThread "Thread-476" [_thread_blocked, id=5244, stack(0x0000000056e40000,0x0000000056f40000)]
  0x000000004f1a0000 JavaThread "Thread-474" [_thread_blocked, id=2160, stack(0x0000000056d40000,0x0000000056e40000)]
  0x000000004f19f800 JavaThread "Thread-472" [_thread_blocked, id=5044, stack(0x0000000056c40000,0x0000000056d40000)]
  0x000000004f19e800 JavaThread "Thread-470" [_thread_blocked, id=1168, stack(0x0000000056b40000,0x0000000056c40000)]
  0x000000004f19e000 JavaThread "Thread-469" [_thread_blocked, id=5800, stack(0x0000000055a70000,0x0000000055b70000)]
  0x000000004f195000 JavaThread "Thread-467" [_thread_blocked, id=5644, stack(0x0000000055970000,0x0000000055a70000)]
  0x000000004f198000 JavaThread "Thread-465" [_thread_blocked, id=3172, stack(0x0000000055270000,0x0000000055370000)]
  0x000000004f197800 JavaThread "Thread-463" [_thread_blocked, id=6088, stack(0x0000000054f70000,0x0000000055070000)]
  0x000000004f196800 JavaThread "Thread-461" [_thread_blocked, id=4784, stack(0x000000004fa60000,0x000000004fb60000)]
  0x000000004f196000 JavaThread "Thread-460" [_thread_blocked, id=768, stack(0x000000004f960000,0x000000004fa60000)]
  0x000000004f19b000 JavaThread "Thread-458" [_thread_blocked, id=3836, stack(0x000000004f860000,0x000000004f960000)]
  0x000000004f19b800 JavaThread "Thread-456" [_thread_blocked, id=2468, stack(0x000000004f760000,0x000000004f860000)]
  0x000000004f198800 JavaThread "Thread-428" [_thread_blocked, id=1160, stack(0x000000004f660000,0x000000004f760000)]
  0x000000004f19d000 JavaThread "Thread-423" [_thread_blocked, id=5728, stack(0x0000000055870000,0x0000000055970000)]
  0x000000004f19c800 JavaThread "Thread-418" [_thread_blocked, id=5588, stack(0x0000000055570000,0x0000000055670000)]
  0x000000004b1e2800 JavaThread "Headspace mixer frame proc thread" daemon [_thread_blocked, id=4508, stack(0x0000000054e70000,0x0000000054f70000)]
  0x00000000518cb800 JavaThread "Java Sound Event Dispatcher" daemon [_thread_blocked, id=6044, stack(0x0000000054b70000,0x0000000054c70000)]
  0x000000005180c800 JavaThread "Audio Player" daemon [_thread_blocked, id=5344, stack(0x0000000054200000,0x0000000054300000)]
  0x0000000051284000 JavaThread "Thread-8" [_thread_in_native, id=848, stack(0x00000000519e0000,0x0000000051ae0000)]
  0x000000004f0c4000 JavaThread "AWT-EventQueue-1" [_thread_blocked, id=4844, stack(0x0000000050d50000,0x0000000050e50000)]
  0x000000004f07e000 JavaThread "D3D Screen Updater" daemon [_thread_blocked, id=3076, stack(0x0000000050c50000,0x0000000050d50000)]
  0x000000004f07d000 JavaThread "TimerQueue" daemon [_thread_blocked, id=5972, stack(0x0000000050b50000,0x0000000050c50000)]
  0x000000000056b000 JavaThread "DestroyJavaVM" [_thread_blocked, id=4308, stack(0x00000000023a0000,0x00000000024a0000)]
  0x000000004b1de000 JavaThread "AWT-EventQueue-0" [_thread_blocked, id=2628, stack(0x000000004f560000,0x000000004f660000)]
  0x000000004b22f800 JavaThread "thread applet-Main.class" [_thread_blocked, id=5912, stack(0x000000004f460000,0x000000004f560000)]
  0x000000004b16a000 JavaThread "AWT-Windows" daemon [_thread_in_native, id=5536, stack(0x000000004c9e0000,0x000000004cae0000)]
  0x000000004b167800 JavaThread "AWT-Shutdown" [_thread_blocked, id=1984, stack(0x000000004c8e0000,0x000000004c9e0000)]
  0x000000004b1b0000 JavaThread "Java2D Disposer" daemon [_thread_blocked, id=5500, stack(0x000000004c7e0000,0x000000004c8e0000)]
  0x000000004b0d9000 JavaThread "Low Memory Detector" daemon [_thread_blocked, id=4624, stack(0x000000004c2c0000,0x000000004c3c0000)]
  0x000000004b0d0800 JavaThread "CompilerThread1" daemon [_thread_blocked, id=5408, stack(0x000000004c1c0000,0x000000004c2c0000)]
  0x000000004b0b8000 JavaThread "CompilerThread0" daemon [_thread_blocked, id=5980, stack(0x000000004c0c0000,0x000000004c1c0000)]
  0x000000004b0b5800 JavaThread "Attach Listener" daemon [_thread_blocked, id=4460, stack(0x000000004bfc0000,0x000000004c0c0000)]
  0x000000004b0b4800 JavaThread "Signal Dispatcher" daemon [_thread_blocked, id=5720, stack(0x000000004bec0000,0x000000004bfc0000)]
  0x000000004b061000 JavaThread "Finalizer" daemon [_thread_blocked, id=4468, stack(0x000000004bdc0000,0x000000004bec0000)]
  0x000000004b05a800 JavaThread "Reference Handler" daemon [_thread_blocked, id=4472, stack(0x000000004bcc0000,0x000000004bdc0000)]

Other Threads:
  0x000000004b054000 VMThread [stack: 0x000000004bbc0000,0x000000004bcc0000] [id=1696]
  0x000000004b0da800 WatcherThread [stack: 0x000000004c3c0000,0x000000004c4c0000] [id=4440]

VM state:not at safepoint (normal execution)

VM Mutex/Monitor currently owned by a thread: None

Heap
 PSYoungGen      total 56000K, used 11132K [0x00000000350a0000, 0x0000000039010000, 0x000000004a4a0000)
  eden space 55040K, 18% used [0x00000000350a0000,0x0000000035a9b138,0x0000000038660000)
  from space 960K, 95% used [0x0000000038f20000,0x00000000390040d8,0x0000000039010000)
  to   space 1216K, 0% used [0x0000000038db0000,0x0000000038db0000,0x0000000038ee0000)
 PSOldGen        total 43520K, used 41496K [0x000000000a8a0000, 0x000000000d320000, 0x00000000350a0000)
  object space 43520K, 95% used [0x000000000a8a0000,0x000000000d126090,0x000000000d320000)
 PSPermGen       total 21248K, used 12274K [0x00000000054a0000, 0x0000000006960000, 0x000000000a8a0000)
  object space 21248K, 57% used [0x00000000054a0000,0x000000000609cbd8,0x0000000006960000)

Dynamic libraries:
0x0000000000400000 - 0x000000000042e000 	C:\Program Files\Java\jre6\bin\javaw.exe
0x0000000076fc0000 - 0x000000007716c000 	C:\Windows\SYSTEM32\ntdll.dll
0x0000000076ea0000 - 0x0000000076fbf000 	C:\Windows\system32\kernel32.dll
0x000007fefd280000 - 0x000007fefd2eb000 	C:\Windows\system32\KERNELBASE.dll
0x000007fefe210000 - 0x000007fefe2eb000 	C:\Windows\system32\ADVAPI32.dll
0x000007feff230000 - 0x000007feff2cf000 	C:\Windows\system32\msvcrt.dll
0x000007fefe2f0000 - 0x000007fefe30f000 	C:\Windows\SYSTEM32\sechost.dll
0x000007fefe670000 - 0x000007fefe79e000 	C:\Windows\system32\RPCRT4.dll
0x0000000076da0000 - 0x0000000076e9a000 	C:\Windows\system32\USER32.dll
0x000007fefe130000 - 0x000007fefe197000 	C:\Windows\system32\GDI32.dll
0x000007fefd2f0000 - 0x000007fefd2fe000 	C:\Windows\system32\LPK.dll
0x000007fefe880000 - 0x000007fefe94a000 	C:\Windows\system32\USP10.dll
0x000007fefeb50000 - 0x000007fefeb7e000 	C:\Windows\system32\IMM32.DLL
0x000007fefed90000 - 0x000007fefee99000 	C:\Windows\system32\MSCTF.dll
0x000000006d7f0000 - 0x000000006de95000 	C:\Program Files\Java\jre6\bin\server\jvm.dll
0x000007fefb020000 - 0x000007fefb05b000 	C:\Windows\system32\WINMM.dll
0x000000006d760000 - 0x000000006d76e000 	C:\Program Files\Java\jre6\bin\verify.dll
0x000000006d3b0000 - 0x000000006d3d7000 	C:\Program Files\Java\jre6\bin\java.dll
0x000000006d310000 - 0x000000006d31a000 	C:\Program Files\Java\jre6\bin\hpi.dll
0x0000000077180000 - 0x0000000077187000 	C:\Windows\system32\PSAPI.DLL
0x000000006d7b0000 - 0x000000006d7c2000 	C:\Program Files\Java\jre6\bin\zip.dll
0x000000006d000000 - 0x000000006d1c3000 	C:\Program Files\Java\jre6\bin\awt.dll
0x000007fefab80000 - 0x000007fefabf0000 	C:\Windows\system32\WINSPOOL.DRV
0x000007fefeb80000 - 0x000007fefed82000 	C:\Windows\system32\ole32.dll
0x000007fefd3a0000 - 0x000007fefe126000 	C:\Windows\system32\SHELL32.dll
0x000007fefe5f0000 - 0x000007fefe661000 	C:\Windows\system32\SHLWAPI.dll
0x000007fefb430000 - 0x000007fefb624000 	C:\Windows\WinSxS\amd64_microsoft.windows.common-controls_6595b64144ccf1df_6.0.7600.16661_none_fa62ad231704eab7\COMCTL32.dll
0x000007fefaf20000 - 0x000007fefaf38000 	C:\Windows\system32\DWMAPI.DLL
0x000007fefb380000 - 0x000007fefb3d6000 	C:\Windows\system32\uxtheme.dll
0x000000006d2a0000 - 0x000000006d30b000 	C:\Program Files\Java\jre6\bin\fontmanager.dll
0x000007fefce50000 - 0x000007fefce5f000 	C:\Windows\system32\CRYPTBASE.dll
0x000007feeecc0000 - 0x000007feeeebf000 	C:\Windows\system32\d3d9.dll
0x000007fefc070000 - 0x000007fefc07c000 	C:\Windows\system32\VERSION.dll
0x000007fef48d0000 - 0x000007fef48d7000 	C:\Windows\system32\d3d8thk.dll
0x000007fee82e0000 - 0x000007fee8ed6000 	C:\Windows\system32\nvd3dumx.dll
0x000007fefbdf0000 - 0x000007fefbe1c000 	C:\Windows\system32\powrprof.dll
0x000007fefe310000 - 0x000007fefe4e7000 	C:\Windows\system32\SETUPAPI.dll
0x000007fefd240000 - 0x000007fefd276000 	C:\Windows\system32\CFGMGR32.dll
0x000007fefe7a0000 - 0x000007fefe877000 	C:\Windows\system32\OLEAUT32.dll
0x000007fefcfd0000 - 0x000007fefcfea000 	C:\Windows\system32\DEVOBJ.dll
0x000000004cae0000 - 0x000000004cb45000 	C:\Program Files\WIDCOMM\Bluetooth Software\btmmhook.dll
0x000000006d600000 - 0x000000006d617000 	C:\Program Files\Java\jre6\bin\net.dll
0x000007fefe1c0000 - 0x000007fefe20d000 	C:\Windows\system32\WS2_32.dll
0x000007fefe5e0000 - 0x000007fefe5e8000 	C:\Windows\system32\NSI.dll
0x000007fefc790000 - 0x000007fefc7e4000 	C:\Windows\system32\mswsock.dll
0x000007fefc780000 - 0x000007fefc787000 	C:\Windows\System32\wship6.dll
0x000000006d620000 - 0x000000006d62b000 	C:\Program Files\Java\jre6\bin\nio.dll
0x000007fefd300000 - 0x000007fefd399000 	C:\Windows\system32\CLBCatQ.DLL
0x000007fefc7f0000 - 0x000007fefc807000 	C:\Windows\system32\CRYPTSP.dll
0x000007fefc4f0000 - 0x000007fefc537000 	C:\Windows\system32\rsaenh.dll
0x000007fefc270000 - 0x000007fefc28e000 	C:\Windows\system32\USERENV.dll
0x000007fefcf20000 - 0x000007fefcf2f000 	C:\Windows\system32\profapi.dll
0x000007fefbaa0000 - 0x000007fefbab5000 	C:\Windows\system32\NLAapi.dll
0x000007fefc610000 - 0x000007fefc66b000 	C:\Windows\system32\DNSAPI.dll
0x000007fef8150000 - 0x000007fef815b000 	C:\Windows\System32\winrnr.dll
0x000007fef8130000 - 0x000007fef8145000 	C:\Windows\system32\napinsp.dll
0x000007fef8110000 - 0x000007fef8129000 	C:\Windows\system32\pnrpnsp.dll
0x000007fef8100000 - 0x000007fef8110000 	C:\Windows\system32\wshbth.dll
0x000007fefc140000 - 0x000007fefc147000 	C:\Windows\System32\wshtcpip.dll
0x000007fefa7b0000 - 0x000007fefa7d7000 	C:\Windows\system32\IPHLPAPI.DLL
0x000007fefa790000 - 0x000007fefa79b000 	C:\Windows\system32\WINNSI.DLL
0x000007fef87b0000 - 0x000007fef87b8000 	C:\Windows\system32\rasadhlp.dll
0x000007fefa640000 - 0x000007fefa693000 	C:\Windows\System32\fwpuclnt.dll
0x000000006d510000 - 0x000000006d53e000 	C:\Program Files\Java\jre6\bin\jsound.dll
0x000007fefbda0000 - 0x000007fefbdeb000 	C:\Windows\system32\MMDevAPI.DLL
0x000007fefbbf0000 - 0x000007fefbd1c000 	C:\Windows\system32\PROPSYS.dll
0x000007fefafe0000 - 0x000007fefb01b000 	C:\Windows\system32\wdmaud.drv
0x0000000074ce0000 - 0x0000000074ce6000 	C:\Windows\system32\ksuser.dll
0x000007fefbbe0000 - 0x000007fefbbe9000 	C:\Windows\system32\AVRT.dll
0x000007fefaed0000 - 0x000007fefaf1f000 	C:\Windows\system32\AUDIOSES.DLL
0x000007fefae80000 - 0x000007fefae8a000 	C:\Windows\system32\msacm32.drv
0x000007fefae60000 - 0x000007fefae78000 	C:\Windows\system32\MSACM32.dll
0x000007fefae50000 - 0x000007fefae59000 	C:\Windows\system32\midimap.dll

VM Arguments:
jvm_args: -Djava.security.policy=java.policy.applet -Dfile.encoding=Cp1252 
java_command: sun.applet.AppletViewer Main1303153493192.html
Launcher Type: SUN_STANDARD

Environment Variables:
PATH=C:\Windows\system32;C:\Windows;C:\Windows\System32\Wbem;C:\Windows\System32\WindowsPowerShell\v1.0\;C:\Program Files\WIDCOMM\Bluetooth Software\;C:\Program Files\WIDCOMM\Bluetooth Software\syswow64;\;C:\Program Files (x86)\Sony\VAIO Startup Setting Tool
USERNAME=DOUG
OS=Windows_NT
PROCESSOR_IDENTIFIER=Intel64 Family 6 Model 30 Stepping 5, GenuineIntel



---------------  S Y S T E M  ---------------

OS: Windows 7 Build 7600 

CPU:total 8 (8 cores per cpu, 2 threads per core) family 6 model 30 stepping 5, cmov, cx8, fxsr, mmx, sse, sse2, sse3, ssse3, sse4.1, sse4.2, popcnt, ht

Memory: 4k page, physical 4174776k(2159160k free), swap 8347656k(5844620k free)

vm_info: Java HotSpot(TM) 64-Bit Server VM (16.3-b01) for windows-amd64 JRE (1.6.0_20-b02), built on Apr 12 2010 13:44:19 by "java_re" with MS VC++ 8.0 (VS2005)

time: Mon Apr 18 16:05:40 2011
elapsed time: 46 seconds

