#
# A fatal error has been detected by the Java Runtime Environment:
#
#  EXCEPTION_ACCESS_VIOLATION (0xc0000005) at pc=0x0000000000000000, pid=2972, tid=6632
#
# JRE version: 6.0_20-b02
# Java VM: Java HotSpot(TM) 64-Bit Server VM (16.3-b01 mixed mode windows-amd64 )
# Problematic frame:
# C  0x0000000000000000
#
# If you would like to submit a bug report, please visit:
#   http://java.sun.com/webapps/bugreport/crash.jsp
# The crash happened outside the Java Virtual Machine in native code.
# See problematic frame for where to report the bug.
#

---------------  T H R E A D  ---------------

Current thread (0x0000000053357800):  JavaThread "Thread-757" [_thread_in_native, id=6632, stack(0x0000000055e20000,0x0000000055f20000)]

siginfo: ExceptionCode=0xc0000005, ExceptionInformation=0x0000000000000008 0x0000000000000000

Registers:
EAX=0x0000000000000000, EBX=0x000000005531fc00, ECX=0x00000000533579b8, EDX=0x0000000000000002
ESP=0x0000000055f1f398, EBP=0x0000000055f1f580, ESI=0x00000000533579b8, EDI=0x00000000533579b8
EIP=0x0000000000000000, EFLAGS=0x0000000000010246

Top of Stack: (sp=0x0000000055f1f398)
0x0000000055f1f398:   000000006d515842 0000000055f1f440
0x0000000055f1f3a8:   0000000000000000 000000004f220ce0
0x0000000055f1f3b8:   000000006d51200d 000000005531fc00
0x0000000055f1f3c8:   000000004f1673c0 0000000055257070
0x0000000055f1f3d8:   5622000000007d08 000000004b0b0110
0x0000000055f1f3e8:   000000000c052e80 000000006da0bc89
0x0000000055f1f3f8:   000000006d511ed0 0000000000000000
0x0000000055f1f408:   000000006d511ed0 000000005531fc00
0x0000000055f1f418:   000000006d516055 0000000000000000
0x0000000055f1f428:   0000000000000000 0000000000000000
0x0000000055f1f438:   0000000000000000 000000005531fc00
0x0000000055f1f448:   000000004f1673c0 000000005525aefc
0x0000000055f1f458:   5622000000000000 000000004b0b0110
0x0000000055f1f468:   000000000c052e80 000000006da0bc89
0x0000000055f1f478:   000000006d52b25b 0000000000000f83
0x0000000055f1f488:   0000000006008490 0000000053357800 

Instructions: (pc=0x0000000000000000)
0xfffffffffffffff0:   


Stack: [0x0000000055e20000,0x0000000055f20000],  sp=0x0000000055f1f398,  free space=3fc0000000000000000k
Java frames: (J=compiled Java code, j=interpreted, Vv=VM code)
j  com.sun.media.sound.MixerSourceLine.nDrain(J)V+0
j  com.sun.media.sound.MixerSourceLine.drain()V+26
j  com.sun.media.sound.DataPusher.run()V+210
j  java.lang.Thread.run()V+11
v  ~StubRoutines::call_stub

---------------  P R O C E S S  ---------------

Java Threads: ( => current thread )
=>0x0000000053357800 JavaThread "Thread-757" [_thread_in_native, id=6632, stack(0x0000000055e20000,0x0000000055f20000)]
  0x0000000053357000 JavaThread "Thread-754" [_thread_in_native, id=6616, stack(0x0000000055d20000,0x0000000055e20000)]
  0x000000005334e000 JavaThread "Thread-751" [_thread_in_native, id=6596, stack(0x0000000055c20000,0x0000000055d20000)]
  0x0000000053356000 JavaThread "Thread-748" [_thread_blocked, id=6576, stack(0x0000000055b20000,0x0000000055c20000)]
  0x000000005334d800 JavaThread "Thread-745" [_thread_blocked, id=6560, stack(0x0000000055a20000,0x0000000055b20000)]
  0x000000004b0b1800 JavaThread "Thread-742" [_thread_blocked, id=2032, stack(0x0000000055920000,0x0000000055a20000)]
  0x000000004b0a6000 JavaThread "Thread-725" [_thread_blocked, id=6480, stack(0x0000000055820000,0x0000000055920000)]
  0x000000004b0a7800 JavaThread "Thread-722" [_thread_blocked, id=6464, stack(0x0000000055620000,0x0000000055720000)]
  0x0000000053354000 JavaThread "Thread-719" [_thread_blocked, id=6444, stack(0x0000000056e20000,0x0000000056f20000)]
  0x000000004b0ad800 JavaThread "Thread-716" [_thread_blocked, id=6428, stack(0x0000000055520000,0x0000000055620000)]
  0x0000000053354800 JavaThread "Thread-713" [_thread_blocked, id=6396, stack(0x0000000056d20000,0x0000000056e20000)]
  0x000000004b0a5800 JavaThread "Thread-710" [_thread_blocked, id=6380, stack(0x0000000056c20000,0x0000000056d20000)]
  0x000000004b0a4800 JavaThread "Thread-707" [_thread_blocked, id=6364, stack(0x0000000056b20000,0x0000000056c20000)]
  0x000000004b0a7000 JavaThread "Thread-704" [_thread_blocked, id=6352, stack(0x0000000055720000,0x0000000055820000)]
  0x000000004b0ab000 JavaThread "Thread-701" [_thread_blocked, id=6336, stack(0x0000000055420000,0x0000000055520000)]
  0x0000000053355800 JavaThread "Thread-677" [_thread_blocked, id=6228, stack(0x0000000054c20000,0x0000000054d20000)]
  0x0000000053353000 JavaThread "Thread-669" [_thread_blocked, id=3276, stack(0x0000000056a20000,0x0000000056b20000)]
  0x0000000053351800 JavaThread "Thread-664" [_thread_blocked, id=5868, stack(0x0000000056920000,0x0000000056a20000)]
  0x0000000053351000 JavaThread "Thread-661" [_thread_blocked, id=6200, stack(0x0000000056820000,0x0000000056920000)]
  0x000000005335c000 JavaThread "Thread-658" [_thread_blocked, id=6176, stack(0x00000000585f0000,0x00000000586f0000)]
  0x0000000053350800 JavaThread "Thread-657" [_thread_blocked, id=6172, stack(0x0000000056720000,0x0000000056820000)]
  0x000000005334f800 JavaThread "Thread-654" [_thread_blocked, id=6148, stack(0x0000000056620000,0x0000000056720000)]
  0x000000005334f000 JavaThread "Thread-651" [_thread_blocked, id=7164, stack(0x0000000056520000,0x0000000056620000)]
  0x000000004b0aa000 JavaThread "Thread-648" [_thread_blocked, id=7152, stack(0x0000000055120000,0x0000000055220000)]
  0x000000004b0aa800 JavaThread "Thread-645" [_thread_blocked, id=7140, stack(0x0000000055020000,0x0000000055120000)]
  0x000000004b0a8800 JavaThread "Thread-642" [_thread_blocked, id=7128, stack(0x0000000054f20000,0x0000000055020000)]
  0x000000005335b000 JavaThread "Thread-639" [_thread_blocked, id=7116, stack(0x00000000584f0000,0x00000000585f0000)]
  0x000000005335a800 JavaThread "Thread-636" [_thread_blocked, id=7104, stack(0x00000000583f0000,0x00000000584f0000)]
  0x0000000053359800 JavaThread "Thread-633" [_thread_blocked, id=7092, stack(0x00000000582f0000,0x00000000583f0000)]
  0x0000000053359000 JavaThread "Thread-630" [_thread_blocked, id=7080, stack(0x00000000581f0000,0x00000000582f0000)]
  0x000000004b0a4000 JavaThread "Headspace mixer frame proc thread" daemon [_thread_in_native, id=2164, stack(0x0000000054b20000,0x0000000054c20000)]
  0x0000000051729000 JavaThread "Java Sound Event Dispatcher" daemon [_thread_blocked, id=4308, stack(0x0000000054610000,0x0000000054710000)]
  0x000000005335f800 JavaThread "Audio Player" daemon [_thread_blocked, id=5820, stack(0x000000004f950000,0x000000004fa50000)]
  0x000000004f0d1800 JavaThread "Thread-8" [_thread_in_Java, id=4480, stack(0x0000000050e70000,0x0000000050f70000)]
  0x000000004f0a3000 JavaThread "AWT-EventQueue-1" [_thread_blocked, id=4904, stack(0x0000000050c60000,0x0000000050d60000)]
  0x000000004f062800 JavaThread "TimerQueue" daemon [_thread_blocked, id=5028, stack(0x0000000050b60000,0x0000000050c60000)]
  0x000000004b1fd000 JavaThread "D3D Screen Updater" daemon [_thread_blocked, id=3916, stack(0x0000000050960000,0x0000000050a60000)]
  0x000000000060b000 JavaThread "DestroyJavaVM" [_thread_blocked, id=5788, stack(0x0000000002340000,0x0000000002440000)]
  0x000000004b1bb000 JavaThread "AWT-EventQueue-0" [_thread_blocked, id=4056, stack(0x000000004f530000,0x000000004f630000)]
  0x000000004b1b9800 JavaThread "thread applet-Main.class" [_thread_blocked, id=896, stack(0x000000004f430000,0x000000004f530000)]
  0x000000004b146000 JavaThread "AWT-Windows" daemon [_thread_in_native, id=2852, stack(0x000000004c9f0000,0x000000004caf0000)]
  0x000000004b143800 JavaThread "AWT-Shutdown" [_thread_blocked, id=4516, stack(0x000000004c8f0000,0x000000004c9f0000)]
  0x000000004b18c800 JavaThread "Java2D Disposer" daemon [_thread_blocked, id=4384, stack(0x000000004c7f0000,0x000000004c8f0000)]
  0x000000004b0b7800 JavaThread "Low Memory Detector" daemon [_thread_blocked, id=5000, stack(0x000000004c290000,0x000000004c390000)]
  0x000000004b0a3800 JavaThread "CompilerThread1" daemon [_thread_blocked, id=4868, stack(0x000000004c190000,0x000000004c290000)]
  0x000000004b089000 JavaThread "CompilerThread0" daemon [_thread_blocked, id=5016, stack(0x000000004c090000,0x000000004c190000)]
  0x000000004b085800 JavaThread "Attach Listener" daemon [_thread_blocked, id=1552, stack(0x000000004bf90000,0x000000004c090000)]
  0x000000004b084800 JavaThread "Signal Dispatcher" daemon [_thread_blocked, id=3944, stack(0x000000004be90000,0x000000004bf90000)]
  0x000000004b031000 JavaThread "Finalizer" daemon [_thread_blocked, id=4320, stack(0x000000004bd90000,0x000000004be90000)]
  0x000000004b02a800 JavaThread "Reference Handler" daemon [_thread_blocked, id=5004, stack(0x000000004bc90000,0x000000004bd90000)]

Other Threads:
  0x000000004b024000 VMThread [stack: 0x000000004bb90000,0x000000004bc90000] [id=5816]
  0x000000004b0b8800 WatcherThread [stack: 0x000000004c390000,0x000000004c490000] [id=4852]

VM state:not at safepoint (normal execution)

VM Mutex/Monitor currently owned by a thread: None

Heap
 PSYoungGen      total 16960K, used 7196K [0x0000000035040000, 0x0000000038000000, 0x000000004a440000)
  eden space 16896K, 42% used [0x0000000035040000,0x0000000035737158,0x00000000360c0000)
  from space 64K, 100% used [0x0000000037fa0000,0x0000000037fb0000,0x0000000037fb0000)
  to   space 320K, 0% used [0x0000000037fb0000,0x0000000037fb0000,0x0000000038000000)
 PSOldGen        total 43520K, used 40605K [0x000000000a840000, 0x000000000d2c0000, 0x0000000035040000)
  object space 43520K, 93% used [0x000000000a840000,0x000000000cfe7468,0x000000000d2c0000)
 PSPermGen       total 21248K, used 12343K [0x0000000005440000, 0x0000000006900000, 0x000000000a840000)
  object space 21248K, 58% used [0x0000000005440000,0x000000000604dd80,0x0000000006900000)

Dynamic libraries:
0x0000000000400000 - 0x000000000042e000 	C:\Program Files\Java\jre6\bin\javaw.exe
0x00000000774d0000 - 0x000000007767c000 	C:\Windows\SYSTEM32\ntdll.dll
0x00000000773b0000 - 0x00000000774cf000 	C:\Windows\system32\kernel32.dll
0x000007fefd580000 - 0x000007fefd5eb000 	C:\Windows\system32\KERNELBASE.dll
0x000007fefe030000 - 0x000007fefe10b000 	C:\Windows\system32\ADVAPI32.dll
0x000007feff6a0000 - 0x000007feff73f000 	C:\Windows\system32\msvcrt.dll
0x000007feff7c0000 - 0x000007feff7df000 	C:\Windows\SYSTEM32\sechost.dll
0x000007fefe240000 - 0x000007fefe36e000 	C:\Windows\system32\RPCRT4.dll
0x00000000772b0000 - 0x00000000773aa000 	C:\Windows\system32\USER32.dll
0x000007fefdac0000 - 0x000007fefdb27000 	C:\Windows\system32\GDI32.dll
0x000007fefdfd0000 - 0x000007fefdfde000 	C:\Windows\system32\LPK.dll
0x000007feff180000 - 0x000007feff24a000 	C:\Windows\system32\USP10.dll
0x000007fefe3c0000 - 0x000007fefe3ee000 	C:\Windows\system32\IMM32.DLL
0x000007fefdec0000 - 0x000007fefdfc9000 	C:\Windows\system32\MSCTF.dll
0x000000006d7f0000 - 0x000000006de95000 	C:\Program Files\Java\jre6\bin\server\jvm.dll
0x000007fefb4f0000 - 0x000007fefb52b000 	C:\Windows\system32\WINMM.dll
0x000000006d760000 - 0x000000006d76e000 	C:\Program Files\Java\jre6\bin\verify.dll
0x000000006d3b0000 - 0x000000006d3d7000 	C:\Program Files\Java\jre6\bin\java.dll
0x000000006d310000 - 0x000000006d31a000 	C:\Program Files\Java\jre6\bin\hpi.dll
0x0000000077690000 - 0x0000000077697000 	C:\Windows\system32\PSAPI.DLL
0x000000006d7b0000 - 0x000000006d7c2000 	C:\Program Files\Java\jre6\bin\zip.dll
0x000000006d000000 - 0x000000006d1c3000 	C:\Program Files\Java\jre6\bin\awt.dll
0x000007fefb160000 - 0x000007fefb1d0000 	C:\Windows\system32\WINSPOOL.DRV
0x000007fefdb30000 - 0x000007fefdd32000 	C:\Windows\system32\ole32.dll
0x000007fefe3f0000 - 0x000007feff176000 	C:\Windows\system32\SHELL32.dll
0x000007fefe1b0000 - 0x000007fefe221000 	C:\Windows\system32\SHLWAPI.dll
0x000007fefbef0000 - 0x000007fefc0e4000 	C:\Windows\WinSxS\amd64_microsoft.windows.common-controls_6595b64144ccf1df_6.0.7600.16661_none_fa62ad231704eab7\COMCTL32.dll
0x000007fefb800000 - 0x000007fefb818000 	C:\Windows\system32\DWMAPI.DLL
0x000007fefbd10000 - 0x000007fefbd66000 	C:\Windows\system32\uxtheme.dll
0x000000006d2a0000 - 0x000000006d30b000 	C:\Program Files\Java\jre6\bin\fontmanager.dll
0x000007fefd360000 - 0x000007fefd36f000 	C:\Windows\system32\CRYPTBASE.dll
0x000007fee8210000 - 0x000007fee840f000 	C:\Windows\system32\d3d9.dll
0x000007fefc580000 - 0x000007fefc58c000 	C:\Windows\system32\VERSION.dll
0x000007fefb350000 - 0x000007fefb357000 	C:\Windows\system32\d3d8thk.dll
0x000007fee62c0000 - 0x000007fee6eb6000 	C:\Windows\system32\nvd3dumx.dll
0x000007fefba10000 - 0x000007fefba3c000 	C:\Windows\system32\powrprof.dll
0x000007fefd800000 - 0x000007fefd9d7000 	C:\Windows\system32\SETUPAPI.dll
0x000007fefd610000 - 0x000007fefd646000 	C:\Windows\system32\CFGMGR32.dll
0x000007fefd9e0000 - 0x000007fefdab7000 	C:\Windows\system32\OLEAUT32.dll
0x000007fefd5f0000 - 0x000007fefd60a000 	C:\Windows\system32\DEVOBJ.dll
0x000000004c700000 - 0x000000004c765000 	C:\Program Files\WIDCOMM\Bluetooth Software\btmmhook.dll
0x000000006d600000 - 0x000000006d617000 	C:\Program Files\Java\jre6\bin\net.dll
0x000007fefdfe0000 - 0x000007fefe02d000 	C:\Windows\system32\WS2_32.dll
0x000007fefe230000 - 0x000007fefe238000 	C:\Windows\system32\NSI.dll
0x000007fefcca0000 - 0x000007fefccf4000 	C:\Windows\system32\mswsock.dll
0x000007fefcc90000 - 0x000007fefcc97000 	C:\Windows\System32\wship6.dll
0x000000006d620000 - 0x000000006d62b000 	C:\Program Files\Java\jre6\bin\nio.dll
0x000007fefe110000 - 0x000007fefe1a9000 	C:\Windows\system32\CLBCatQ.DLL
0x000007fefd040000 - 0x000007fefd057000 	C:\Windows\system32\CRYPTSP.dll
0x000007fefca00000 - 0x000007fefca47000 	C:\Windows\system32\rsaenh.dll
0x000007fefc770000 - 0x000007fefc78e000 	C:\Windows\system32\USERENV.dll
0x000007fefd430000 - 0x000007fefd43f000 	C:\Windows\system32\profapi.dll
0x000007fefb750000 - 0x000007fefb765000 	C:\Windows\system32\NLAapi.dll
0x000007fefcb20000 - 0x000007fefcb7b000 	C:\Windows\system32\DNSAPI.dll
0x000007fef5f40000 - 0x000007fef5f4b000 	C:\Windows\System32\winrnr.dll
0x000007fef5f20000 - 0x000007fef5f35000 	C:\Windows\system32\napinsp.dll
0x000007fef6980000 - 0x000007fef6999000 	C:\Windows\system32\pnrpnsp.dll
0x000007fef5f80000 - 0x000007fef5f90000 	C:\Windows\system32\wshbth.dll
0x000007fefc650000 - 0x000007fefc657000 	C:\Windows\System32\wshtcpip.dll
0x000007fefab80000 - 0x000007fefaba7000 	C:\Windows\system32\IPHLPAPI.DLL
0x000007fefab70000 - 0x000007fefab7b000 	C:\Windows\system32\WINNSI.DLL
0x000007fef8aa0000 - 0x000007fef8aa8000 	C:\Windows\system32\rasadhlp.dll
0x000007fefa8f0000 - 0x000007fefa943000 	C:\Windows\System32\fwpuclnt.dll
0x0000000180000000 - 0x00000001800bc000 	C:\Program Files (x86)\RelevantKnowledge\rlls64.dll
0x000007fef1b20000 - 0x000007fef1b74000 	C:\Windows\system32\OLEACC.dll
0x000007feff550000 - 0x000007feff67c000 	C:\Windows\system32\WININET.dll
0x000007fefdd40000 - 0x000007fefdeba000 	C:\Windows\system32\urlmon.dll
0x000007fefd690000 - 0x000007fefd7f6000 	C:\Windows\system32\CRYPT32.dll
0x000007fefd4d0000 - 0x000007fefd4df000 	C:\Windows\system32\MSASN1.dll
0x000007feff250000 - 0x000007feff4a9000 	C:\Windows\system32\iertutil.dll
0x000007fefb770000 - 0x000007fefb79d000 	C:\Windows\system32\ntmarta.dll
0x000007fefe370000 - 0x000007fefe3c0000 	C:\Windows\system32\WLDAP32.dll
0x000007fefca90000 - 0x000007fefcae7000 	C:\Windows\system32\Schannel.dll
0x000007fefd2d0000 - 0x000007fefd2f5000 	C:\Windows\system32\SspiCli.dll
0x000000006d510000 - 0x000000006d53e000 	C:\Program Files\Java\jre6\bin\jsound.dll
0x000007fefb8c0000 - 0x000007fefb90b000 	C:\Windows\system32\MMDevAPI.DLL
0x000007fefbd70000 - 0x000007fefbe9c000 	C:\Windows\system32\PROPSYS.dll
0x000007fefb470000 - 0x000007fefb4ab000 	C:\Windows\system32\wdmaud.drv
0x00000000751f0000 - 0x00000000751f6000 	C:\Windows\system32\ksuser.dll
0x000007fefb8b0000 - 0x000007fefb8b9000 	C:\Windows\system32\AVRT.dll
0x000007fefb400000 - 0x000007fefb44f000 	C:\Windows\system32\AUDIOSES.DLL
0x000007fefb740000 - 0x000007fefb74a000 	C:\Windows\system32\msacm32.drv
0x000007fefb3e0000 - 0x000007fefb3f8000 	C:\Windows\system32\MSACM32.dll
0x000007fefb3d0000 - 0x000007fefb3d9000 	C:\Windows\system32\midimap.dll

VM Arguments:
jvm_args: -Djava.security.policy=java.policy.applet -Dfile.encoding=Cp1252 
java_command: sun.applet.AppletViewer Main1303590850745.html
Launcher Type: SUN_STANDARD

Environment Variables:
PATH=C:\Windows\system32;C:\Windows;C:\Windows\System32\Wbem;C:\Windows\System32\WindowsPowerShell\v1.0\;C:\Program Files\WIDCOMM\Bluetooth Software\;C:\Program Files\WIDCOMM\Bluetooth Software\syswow64;\;C:\Program Files (x86)\Sony\VAIO Startup Setting Tool
USERNAME=DOUG
OS=Windows_NT
PROCESSOR_IDENTIFIER=Intel64 Family 6 Model 30 Stepping 5, GenuineIntel



---------------  S Y S T E M  ---------------

OS: Windows 7 Build 7600 

CPU:total 8 (8 cores per cpu, 2 threads per core) family 6 model 30 stepping 5, cmov, cx8, fxsr, mmx, sse, sse2, sse3, ssse3, sse4.1, sse4.2, popcnt, ht

Memory: 4k page, physical 4174776k(1829500k free), swap 8347656k(5631772k free)

vm_info: Java HotSpot(TM) 64-Bit Server VM (16.3-b01) for windows-amd64 JRE (1.6.0_20-b02), built on Apr 12 2010 13:44:19 by "java_re" with MS VC++ 8.0 (VS2005)

time: Sat Apr 23 17:34:47 2011
elapsed time: 36 seconds

